Using pre-set license
Built from '2022.3/staging' branch; Version is '2022.3.16f1 (d2c21f0ef2f1) revision 13812255'; Using compiler version '192829333'; Build Type 'Release'
OS: 'Windows 11  (10.0.22631) 64bit Professional' Language: 'tr' Physical Memory: 16024 MB
BatchMode: 1, IsHumanControllingUs: 0, StartBugReporterOnCrash: 0, Is64bit: 1, IsPro: 1

COMMAND LINE ARGUMENTS:
C:\Program Files\Unity\Hub\Editor\2022.3.16f1\Editor\Unity.exe
-adb2
-batchMode
-noUpm
-name
AssetImportWorker3
-projectPath
C:/Users/meliksah/Documents/GitHub/-SurviveIfTight
-logFile
Logs/AssetImportWorker3.log
-srvPort
61555
Successfully changed project path to: C:/Users/meliksah/Documents/GitHub/-SurviveIfTight
C:/Users/meliksah/Documents/GitHub/-SurviveIfTight
[UnityMemory] Configuration Parameters - Can be set up in boot.config
    "memorysetup-bucket-allocator-granularity=16"
    "memorysetup-bucket-allocator-bucket-count=8"
    "memorysetup-bucket-allocator-block-size=33554432"
    "memorysetup-bucket-allocator-block-count=8"
    "memorysetup-main-allocator-block-size=16777216"
    "memorysetup-thread-allocator-block-size=16777216"
    "memorysetup-gfx-main-allocator-block-size=16777216"
    "memorysetup-gfx-thread-allocator-block-size=16777216"
    "memorysetup-cache-allocator-block-size=4194304"
    "memorysetup-typetree-allocator-block-size=2097152"
    "memorysetup-profiler-bucket-allocator-granularity=16"
    "memorysetup-profiler-bucket-allocator-bucket-count=8"
    "memorysetup-profiler-bucket-allocator-block-size=33554432"
    "memorysetup-profiler-bucket-allocator-block-count=8"
    "memorysetup-profiler-allocator-block-size=16777216"
    "memorysetup-profiler-editor-allocator-block-size=1048576"
    "memorysetup-temp-allocator-size-main=16777216"
    "memorysetup-job-temp-allocator-block-size=2097152"
    "memorysetup-job-temp-allocator-block-size-background=1048576"
    "memorysetup-job-temp-allocator-reduction-small-platforms=262144"
    "memorysetup-allocator-temp-initial-block-size-main=262144"
    "memorysetup-allocator-temp-initial-block-size-worker=262144"
    "memorysetup-temp-allocator-size-background-worker=32768"
    "memorysetup-temp-allocator-size-job-worker=262144"
    "memorysetup-temp-allocator-size-preload-manager=33554432"
    "memorysetup-temp-allocator-size-nav-mesh-worker=65536"
    "memorysetup-temp-allocator-size-audio-worker=65536"
    "memorysetup-temp-allocator-size-cloud-worker=32768"
    "memorysetup-temp-allocator-size-gi-baking-worker=262144"
    "memorysetup-temp-allocator-size-gfx=262144"
Player connection [25140] Host "[IP] 192.168.1.52 [Port] 0 [Flags] 2 [Guid] 1236482279 [EditorId] 1236482279 [Version] 1048832 [Id] WindowsEditor(7,DESKTOP-D2649C1) [Debug] 1 [PackageName] WindowsEditor [ProjectName] Editor" joined multi-casting on [225.0.0.222:54997]...

Player connection [25140] Host "[IP] 192.168.1.52 [Port] 0 [Flags] 2 [Guid] 1236482279 [EditorId] 1236482279 [Version] 1048832 [Id] WindowsEditor(7,DESKTOP-D2649C1) [Debug] 1 [PackageName] WindowsEditor [ProjectName] Editor" joined alternative multi-casting on [225.0.0.222:34997]...

[Physics::Module] Initialized MultithreadedJobDispatcher with 15 workers.
Refreshing native plugins compatible for Editor in 7.25 ms, found 4 plugins.
Preloading 0 native plugins for Editor in 0.00 ms.
Initialize engine version: 2022.3.16f1 (d2c21f0ef2f1)
[Subsystems] Discovering subsystems at path C:/Program Files/Unity/Hub/Editor/2022.3.16f1/Editor/Data/Resources/UnitySubsystems
[Subsystems] Discovering subsystems at path C:/Users/meliksah/Documents/GitHub/-SurviveIfTight/Assets
GfxDevice: creating device client; threaded=0; jobified=0
Direct3D:
    Version:  Direct3D 11.0 [level 11.1]
    Renderer: NVIDIA GeForce RTX 3050 6GB Laptop GPU (ID=0x25ac)
    Vendor:   NVIDIA
    VRAM:     6017 MB
    Driver:   31.0.15.4633
Initialize mono
Mono path[0] = 'C:/Program Files/Unity/Hub/Editor/2022.3.16f1/Editor/Data/Managed'
Mono path[1] = 'C:/Program Files/Unity/Hub/Editor/2022.3.16f1/Editor/Data/MonoBleedingEdge/lib/mono/unityjit-win32'
Mono config path = 'C:/Program Files/Unity/Hub/Editor/2022.3.16f1/Editor/Data/MonoBleedingEdge/etc'
Using monoOptions --debugger-agent=transport=dt_socket,embedding=1,server=y,suspend=n,address=127.0.0.1:56688
Begin MonoManager ReloadAssembly
Registering precompiled unity dll's ...
Register platform support module: C:/Program Files/Unity/Hub/Editor/2022.3.16f1/Editor/Data/PlaybackEngines/AndroidPlayer/UnityEditor.Android.Extensions.dll
Register platform support module: C:/Program Files/Unity/Hub/Editor/2022.3.16f1/Editor/Data/PlaybackEngines/WindowsStandaloneSupport/UnityEditor.WindowsStandalone.Extensions.dll
Registered in 0.003659 seconds.
- Loaded All Assemblies, in  0.224 seconds
Native extension for WindowsStandalone target not found
Native extension for Android target not found
Android Extension - Scanning For ADB Devices 163 ms
Mono: successfully reloaded assembly
- Finished resetting the current domain, in  0.371 seconds
Domain Reload Profiling: 594ms
	BeginReloadAssembly (70ms)
		ExecutionOrderSort (0ms)
		DisableScriptedObjects (0ms)
		BackupInstance (0ms)
		ReleaseScriptingObjects (0ms)
		CreateAndSetChildDomain (0ms)
	RebuildCommonClasses (21ms)
	RebuildNativeTypeToScriptingClass (6ms)
	initialDomainReloadingComplete (35ms)
	LoadAllAssembliesAndSetupDomain (90ms)
		LoadAssemblies (70ms)
		RebuildTransferFunctionScriptingTraits (0ms)
		AnalyzeDomain (89ms)
			TypeCache.Refresh (88ms)
				TypeCache.ScanAssembly (79ms)
			ScanForSourceGeneratedMonoScriptInfo (0ms)
			ResolveRequiredComponents (0ms)
	FinalizeReload (371ms)
		ReleaseScriptCaches (0ms)
		RebuildScriptCaches (0ms)
		SetupLoadedEditorAssemblies (336ms)
			LogAssemblyErrors (0ms)
			InitializePlatformSupportModulesInManaged (228ms)
			SetLoadedEditorAssemblies (3ms)
			RefreshPlugins (0ms)
			BeforeProcessingInitializeOnLoad (1ms)
			ProcessInitializeOnLoadAttributes (74ms)
			ProcessInitializeOnLoadMethodAttributes (30ms)
			AfterProcessingInitializeOnLoad (0ms)
			EditorAssembliesLoaded (0ms)
		ExecutionOrderSort2 (0ms)
		AwakeInstancesAfterBackupRestoration (0ms)
========================================================================
Worker process is ready to serve import requests
Begin MonoManager ReloadAssembly
- Loaded All Assemblies, in  0.436 seconds
Refreshing native plugins compatible for Editor in 2.49 ms, found 4 plugins.
Native extension for WindowsStandalone target not found
Native extension for Android target not found
Package Manager log level set to [2]
[Package Manager] Server::EnsureServerProcessIsRunning -- launch failed, reason: Unity was launched with the -noUpm command-line argument
[Package Manager] UpmClient::Send -- Unable to send message (not connected to UPM process).
[Package Manager] Cannot connect to Unity Package Manager local server
Mono: successfully reloaded assembly
- Finished resetting the current domain, in  0.404 seconds
Domain Reload Profiling: 838ms
	BeginReloadAssembly (97ms)
		ExecutionOrderSort (0ms)
		DisableScriptedObjects (4ms)
		BackupInstance (0ms)
		ReleaseScriptingObjects (0ms)
		CreateAndSetChildDomain (13ms)
	RebuildCommonClasses (21ms)
	RebuildNativeTypeToScriptingClass (6ms)
	initialDomainReloadingComplete (27ms)
	LoadAllAssembliesAndSetupDomain (282ms)
		LoadAssemblies (218ms)
		RebuildTransferFunctionScriptingTraits (0ms)
		AnalyzeDomain (119ms)
			TypeCache.Refresh (98ms)
				TypeCache.ScanAssembly (86ms)
			ScanForSourceGeneratedMonoScriptInfo (15ms)
			ResolveRequiredComponents (5ms)
	FinalizeReload (404ms)
		ReleaseScriptCaches (0ms)
		RebuildScriptCaches (0ms)
		SetupLoadedEditorAssemblies (292ms)
			LogAssemblyErrors (0ms)
			InitializePlatformSupportModulesInManaged (14ms)
			SetLoadedEditorAssemblies (4ms)
			RefreshPlugins (0ms)
			BeforeProcessingInitializeOnLoad (45ms)
			ProcessInitializeOnLoadAttributes (203ms)
			ProcessInitializeOnLoadMethodAttributes (24ms)
			AfterProcessingInitializeOnLoad (3ms)
			EditorAssembliesLoaded (0ms)
		ExecutionOrderSort2 (0ms)
		AwakeInstancesAfterBackupRestoration (4ms)
Launched and connected shader compiler UnityShaderCompiler.exe after 0.02 seconds
Refreshing native plugins compatible for Editor in 2.49 ms, found 4 plugins.
Preloading 0 native plugins for Editor in 0.00 ms.
Unloading 4305 Unused Serialized files (Serialized files now loaded: 0)
Unloading 71 unused Assets / (64.0 KB). Loaded Objects now: 4766.
Memory consumption went from 161.2 MB to 161.2 MB.
Total: 2.446000 ms (FindLiveObjects: 0.206000 ms CreateObjectMapping: 0.076600 ms MarkObjects: 2.045400 ms  DeleteObjects: 0.117300 ms)

AssetImportParameters requested are different than current active one (requested -> active):
  custom:container-demuxer-ogg: 62fdf1f143b41e24485cea50d1cbac27 -> 
  custom:video-codec-MediaFoundation-h265: 746d11721c4dcdbdad8f713fa42b33f4 -> 
  custom:video-decoder-ogg-theora: a1e56fd34408186e4bbccfd4996cb3dc -> 
  custom:framework-win-MediaFoundation: 216162199b28c13a410421893ffa2e32 -> 
  custom:CustomObjectIndexerAttribute: 43b350a4d6e6d1791af0b5038c4bea17 -> 
  custom:container-demuxer-webm: 4f35f7cbe854078d1ac9338744f61a02 -> 
  custom:container-muxer-webm: aa71ff27fc2769a1b78a27578f13a17b -> 
  custom:video-decoder-webm-vp8: 9c59270c3fd7afecdb556c50c9e8de78 -> 
  custom:SearchIndexIgnoredProperties: e643bd26f0fe6173181afceb89e7c659 -> 
  custom:AudioImporter_EditorPlatform: d09bf68614088b80899f8185d706f6e7 -> 
  custom:video-encoder-webm-vp8: eb34c28f22e8b96e1ab97ce403110664 -> 
  custom:audio-decoder-ogg-vorbis: bf7c407c2cedff20999df2af8eb42d56 -> 
  custom:audio-encoder-webm-vorbis: bf7c407c2cedff20999df2af8eb42d56 -> 
========================================================================
Received Import Request.
  Time since last request: 84349.247009 seconds.
  path: Assets/Assets/UI/Divider Fade/divider-fade-003.png
  artifactKey: Guid(d8e4df8d74e99a8448ce48efac97adb7) Importer(815301076,1909f56bfc062723c751e8b465ee728b)
Start importing Assets/Assets/UI/Divider Fade/divider-fade-003.png using Guid(d8e4df8d74e99a8448ce48efac97adb7) Importer(815301076,1909f56bfc062723c751e8b465ee728b)  -> (artifact id: '35cef5ad0fa68b7269eca31c60a6528a') in 0.062903 seconds
Number of updated asset objects reloaded before import = 0
Number of asset objects unloaded after import = 3
========================================================================
Received Import Request.
  Time since last request: 1.397002 seconds.
  path: Assets/Assets/UI/Panel/panel-003.png
  artifactKey: Guid(a0fea0a7bf1c6464da77475b9213ab71) Importer(815301076,1909f56bfc062723c751e8b465ee728b)
Start importing Assets/Assets/UI/Panel/panel-003.png using Guid(a0fea0a7bf1c6464da77475b9213ab71) Importer(815301076,1909f56bfc062723c751e8b465ee728b)  -> (artifact id: '1a93e8b55639a00a68f913f62f495775') in 0.015930 seconds
Number of updated asset objects reloaded before import = 0
Number of asset objects unloaded after import = 3
========================================================================
Received Import Request.
  Time since last request: 0.000015 seconds.
  path: Assets/Assets/UI/Panel/panel-008.png
  artifactKey: Guid(203e6d146fb2da34b974c45683292be4) Importer(815301076,1909f56bfc062723c751e8b465ee728b)
Start importing Assets/Assets/UI/Panel/panel-008.png using Guid(203e6d146fb2da34b974c45683292be4) Importer(815301076,1909f56bfc062723c751e8b465ee728b)  -> (artifact id: 'f8b2b198ab64b5ab34aee791b412ec25') in 0.014164 seconds
Number of updated asset objects reloaded before import = 0
Number of asset objects unloaded after import = 3
========================================================================
Received Import Request.
  Time since last request: 0.000019 seconds.
  path: Assets/Assets/UI/Panel/panel-004.png
  artifactKey: Guid(b15683e265e3b0e42bb666b292c483cc) Importer(815301076,1909f56bfc062723c751e8b465ee728b)
Start importing Assets/Assets/UI/Panel/panel-004.png using Guid(b15683e265e3b0e42bb666b292c483cc) Importer(815301076,1909f56bfc062723c751e8b465ee728b)  -> (artifact id: '864069f683ff485bd203545016ff2379') in 0.014857 seconds
Number of updated asset objects reloaded before import = 0
Number of asset objects unloaded after import = 3
========================================================================
Received Import Request.
  Time since last request: 0.000014 seconds.
  path: Assets/Assets/UI/Panel/panel-017.png
  artifactKey: Guid(70d8c7fcbdf6d91429cf5b6d2e529ae7) Importer(815301076,1909f56bfc062723c751e8b465ee728b)
Start importing Assets/Assets/UI/Panel/panel-017.png using Guid(70d8c7fcbdf6d91429cf5b6d2e529ae7) Importer(815301076,1909f56bfc062723c751e8b465ee728b)  -> (artifact id: 'a3c8eb66774114fc6bee33de1cb2c260') in 0.015322 seconds
Number of updated asset objects reloaded before import = 0
Number of asset objects unloaded after import = 3
========================================================================
Received Import Request.
  Time since last request: 0.000014 seconds.
  path: Assets/Assets/UI/Panel/panel-011.png
  artifactKey: Guid(1b6f8c0d9834bb943b559fee4253de4d) Importer(815301076,1909f56bfc062723c751e8b465ee728b)
Start importing Assets/Assets/UI/Panel/panel-011.png using Guid(1b6f8c0d9834bb943b559fee4253de4d) Importer(815301076,1909f56bfc062723c751e8b465ee728b)  -> (artifact id: 'e7e373bee655189c0bb6ab41a46763df') in 0.017982 seconds
Number of updated asset objects reloaded before import = 0
Number of asset objects unloaded after import = 3
========================================================================
Received Import Request.
  Time since last request: 0.000025 seconds.
  path: Assets/Assets/UI/Panel/panel-014.png
  artifactKey: Guid(04f2df26014806a41b1183fab03ec6c7) Importer(815301076,1909f56bfc062723c751e8b465ee728b)
Start importing Assets/Assets/UI/Panel/panel-014.png using Guid(04f2df26014806a41b1183fab03ec6c7) Importer(815301076,1909f56bfc062723c751e8b465ee728b)  -> (artifact id: '79603fc184d47a9beed67d3a94ecef54') in 0.016331 seconds
Number of updated asset objects reloaded before import = 0
Number of asset objects unloaded after import = 3
========================================================================
Received Import Request.
  Time since last request: 2.953712 seconds.
  path: Assets/Assets/UI/Transparent border/panel-transparent-border-003.png
  artifactKey: Guid(3954ee583ee5547408007fd4cb83a572) Importer(815301076,1909f56bfc062723c751e8b465ee728b)
Start importing Assets/Assets/UI/Transparent border/panel-transparent-border-003.png using Guid(3954ee583ee5547408007fd4cb83a572) Importer(815301076,1909f56bfc062723c751e8b465ee728b)  -> (artifact id: '52ba385b286e004e05921138c14f1810') in 0.028640 seconds
Number of updated asset objects reloaded before import = 0
Number of asset objects unloaded after import = 3
========================================================================
Received Import Request.
  Time since last request: 0.000012 seconds.
  path: Assets/Assets/UI/Transparent border/panel-transparent-border-016.png
  artifactKey: Guid(9ac5a45fa3717e541b2add919fe6d126) Importer(815301076,1909f56bfc062723c751e8b465ee728b)
Start importing Assets/Assets/UI/Transparent border/panel-transparent-border-016.png using Guid(9ac5a45fa3717e541b2add919fe6d126) Importer(815301076,1909f56bfc062723c751e8b465ee728b)  -> (artifact id: '9a2217a1c9e79c73b809f08cd4244dc5') in 0.019731 seconds
Number of updated asset objects reloaded before import = 0
Number of asset objects unloaded after import = 3
========================================================================
Received Import Request.
  Time since last request: 0.000014 seconds.
  path: Assets/Assets/UI/Transparent border/panel-transparent-border-010.png
  artifactKey: Guid(cf26c0818b7d0904d997806de2ae24d7) Importer(815301076,1909f56bfc062723c751e8b465ee728b)
Start importing Assets/Assets/UI/Transparent border/panel-transparent-border-010.png using Guid(cf26c0818b7d0904d997806de2ae24d7) Importer(815301076,1909f56bfc062723c751e8b465ee728b)  -> (artifact id: '4ad49cd6c6e7c0022d972b52e479028e') in 0.018531 seconds
Number of updated asset objects reloaded before import = 0
Number of asset objects unloaded after import = 3
========================================================================
Received Import Request.
  Time since last request: 0.000018 seconds.
  path: Assets/Assets/UI/Transparent border/panel-transparent-border-021.png
  artifactKey: Guid(3a25d8ef1d35e064c9920fb1e4a03ded) Importer(815301076,1909f56bfc062723c751e8b465ee728b)
Start importing Assets/Assets/UI/Transparent border/panel-transparent-border-021.png using Guid(3a25d8ef1d35e064c9920fb1e4a03ded) Importer(815301076,1909f56bfc062723c751e8b465ee728b)  -> (artifact id: '5d1a1708de4f6a8eb9d05fbda71c8acb') in 0.015312 seconds
Number of updated asset objects reloaded before import = 0
Number of asset objects unloaded after import = 3
========================================================================
Received Import Request.
  Time since last request: 0.000014 seconds.
  path: Assets/Assets/UI/Transparent border/panel-transparent-border-012.png
  artifactKey: Guid(a3478197d85597047b154770be40c048) Importer(815301076,1909f56bfc062723c751e8b465ee728b)
Start importing Assets/Assets/UI/Transparent border/panel-transparent-border-012.png using Guid(a3478197d85597047b154770be40c048) Importer(815301076,1909f56bfc062723c751e8b465ee728b)  -> (artifact id: 'a33a03196715dc659703aea06adf9f77') in 0.017249 seconds
Number of updated asset objects reloaded before import = 0
Number of asset objects unloaded after import = 3
========================================================================
Received Import Request.
  Time since last request: 0.000025 seconds.
  path: Assets/Assets/UI/Transparent border/panel-transparent-border-011.png
  artifactKey: Guid(defd393ae3da72240b9edab2e009ea8a) Importer(815301076,1909f56bfc062723c751e8b465ee728b)
Start importing Assets/Assets/UI/Transparent border/panel-transparent-border-011.png using Guid(defd393ae3da72240b9edab2e009ea8a) Importer(815301076,1909f56bfc062723c751e8b465ee728b)  -> (artifact id: '596e1b4eb6164edaf7f52f5880227b2e') in 0.015542 seconds
Number of updated asset objects reloaded before import = 0
Number of asset objects unloaded after import = 3
========================================================================
Received Import Request.
  Time since last request: 3.011487 seconds.
  path: Assets/Assets/UI/Transparent center/panel-transparent-center-003.png
  artifactKey: Guid(07070135cf9d7c445b09dc25f5d35889) Importer(815301076,1909f56bfc062723c751e8b465ee728b)
Start importing Assets/Assets/UI/Transparent center/panel-transparent-center-003.png using Guid(07070135cf9d7c445b09dc25f5d35889) Importer(815301076,1909f56bfc062723c751e8b465ee728b)  -> (artifact id: '39208085f9769a7fc871f20f35aa71dd') in 0.016142 seconds
Number of updated asset objects reloaded before import = 0
Number of asset objects unloaded after import = 3
========================================================================
Received Import Request.
  Time since last request: 0.000013 seconds.
  path: Assets/Assets/UI/Transparent center/panel-transparent-center-005.png
  artifactKey: Guid(6140259294ffc9742a543e2b30f7f366) Importer(815301076,1909f56bfc062723c751e8b465ee728b)
Start importing Assets/Assets/UI/Transparent center/panel-transparent-center-005.png using Guid(6140259294ffc9742a543e2b30f7f366) Importer(815301076,1909f56bfc062723c751e8b465ee728b)  -> (artifact id: '867493a6d75f040b6ce4fc52d607f053') in 0.014530 seconds
Number of updated asset objects reloaded before import = 0
Number of asset objects unloaded after import = 3
========================================================================
Received Import Request.
  Time since last request: 0.000012 seconds.
  path: Assets/Assets/UI/Transparent center/panel-transparent-center-004.png
  artifactKey: Guid(2d6182d2c89ed3448860215248157659) Importer(815301076,1909f56bfc062723c751e8b465ee728b)
Start importing Assets/Assets/UI/Transparent center/panel-transparent-center-004.png using Guid(2d6182d2c89ed3448860215248157659) Importer(815301076,1909f56bfc062723c751e8b465ee728b)  -> (artifact id: '37b4294326321bff919f3dfd929ad92c') in 0.016931 seconds
Number of updated asset objects reloaded before import = 0
Number of asset objects unloaded after import = 3
========================================================================
Received Import Request.
  Time since last request: 0.000012 seconds.
  path: Assets/Assets/UI/Transparent center/panel-transparent-center-015.png
  artifactKey: Guid(b357e354505085349ba2a2d59dd86ade) Importer(815301076,1909f56bfc062723c751e8b465ee728b)
Start importing Assets/Assets/UI/Transparent center/panel-transparent-center-015.png using Guid(b357e354505085349ba2a2d59dd86ade) Importer(815301076,1909f56bfc062723c751e8b465ee728b)  -> (artifact id: '677ef3dcb6ba8046145420c66e332ec1') in 0.014850 seconds
Number of updated asset objects reloaded before import = 0
Number of asset objects unloaded after import = 3
========================================================================
Received Import Request.
  Time since last request: 0.000015 seconds.
  path: Assets/Assets/UI/Transparent center/panel-transparent-center-007.png
  artifactKey: Guid(db4394cfdcf6fbd4db0c6ab9159c3399) Importer(815301076,1909f56bfc062723c751e8b465ee728b)
Start importing Assets/Assets/UI/Transparent center/panel-transparent-center-007.png using Guid(db4394cfdcf6fbd4db0c6ab9159c3399) Importer(815301076,1909f56bfc062723c751e8b465ee728b)  -> (artifact id: '1841ac72c3d22e10c99dca99cd5e0309') in 0.017325 seconds
Number of updated asset objects reloaded before import = 0
Number of asset objects unloaded after import = 3
========================================================================
Received Import Request.
  Time since last request: 0.000021 seconds.
  path: Assets/Assets/UI/Transparent center/panel-transparent-center-019.png
  artifactKey: Guid(8bc74e4518a7bde458c943991bccc91f) Importer(815301076,1909f56bfc062723c751e8b465ee728b)
Start importing Assets/Assets/UI/Transparent center/panel-transparent-center-019.png using Guid(8bc74e4518a7bde458c943991bccc91f) Importer(815301076,1909f56bfc062723c751e8b465ee728b)  -> (artifact id: '188979f0ea82fcec0748461458fcb6e1') in 0.018713 seconds
Number of updated asset objects reloaded before import = 0
Number of asset objects unloaded after import = 3
========================================================================
Received Import Request.
  Time since last request: 9.388067 seconds.
  path: Assets/Assets/UI/Transparent center/panel-transparent-center-028.png
  artifactKey: Guid(ff8749b009ff3034d90db4539f1a3d03) Importer(815301076,1909f56bfc062723c751e8b465ee728b)
Start importing Assets/Assets/UI/Transparent center/panel-transparent-center-028.png using Guid(ff8749b009ff3034d90db4539f1a3d03) Importer(815301076,1909f56bfc062723c751e8b465ee728b)  -> (artifact id: '98fd9acd41e8ea74485338753508ab95') in 0.011578 seconds
Number of updated asset objects reloaded before import = 0
Number of asset objects unloaded after import = 3
========================================================================
Received Import Request.
  Time since last request: 0.008671 seconds.
  path: Assets/Assets/UI/Transparent center/panel-transparent-center-029.png
  artifactKey: Guid(525c43c5125703f4f976f01ff33909c5) Importer(815301076,1909f56bfc062723c751e8b465ee728b)
Start importing Assets/Assets/UI/Transparent center/panel-transparent-center-029.png using Guid(525c43c5125703f4f976f01ff33909c5) Importer(815301076,1909f56bfc062723c751e8b465ee728b)  -> (artifact id: '9c2b6f3dc68bd81d0b63cef886804e37') in 0.019926 seconds
Number of updated asset objects reloaded before import = 0
Number of asset objects unloaded after import = 3
========================================================================
Received Import Request.
  Time since last request: 55.478395 seconds.
  path: Assets/Assets/UI/Divider/divider-003.png
  artifactKey: Guid(c3fd671d8922e6d479b114d13533c996) Importer(815301076,1909f56bfc062723c751e8b465ee728b)
Start importing Assets/Assets/UI/Divider/divider-003.png using Guid(c3fd671d8922e6d479b114d13533c996) Importer(815301076,1909f56bfc062723c751e8b465ee728b)  -> (artifact id: '34cedef4c99358e43fbdc1b7ab31d51f') in 0.028337 seconds
Number of updated asset objects reloaded before import = 0
Number of asset objects unloaded after import = 3
Editor requested this worker to shutdown with reason: Scaling down because of idle timeout
TcpMessagingSession - receive error: operation aborted. errorcode: 995, details: Bir iþ parçacýðý çýkýþý veya bir uygulama isteði nedeniyle G/Ç iþlemi iptal edildi.
AssetImportWorker is now disconnected from the server
Process exiting
Exiting without the bug reporter. Application will terminate with return code 0