Using pre-set license
Built from '2022.3/staging' branch; Version is '2022.3.16f1 (d2c21f0ef2f1) revision 13812255'; Using compiler version '192829333'; Build Type 'Release'
OS: 'Windows 11  (10.0.22631) 64bit Professional' Language: 'tr' Physical Memory: 16024 MB
BatchMode: 1, IsHumanControllingUs: 0, StartBugReporterOnCrash: 0, Is64bit: 1, IsPro: 1

COMMAND LINE ARGUMENTS:
C:\Program Files\Unity\Hub\Editor\2022.3.16f1\Editor\Unity.exe
-adb2
-batchMode
-noUpm
-name
AssetImportWorker1
-projectPath
C:/Users/meliksah/Documents/GitHub/-SurviveIfTight
-logFile
Logs/AssetImportWorker1.log
-srvPort
54629
Successfully changed project path to: C:/Users/meliksah/Documents/GitHub/-SurviveIfTight
C:/Users/meliksah/Documents/GitHub/-SurviveIfTight
[UnityMemory] Configuration Parameters - Can be set up in boot.config
    "memorysetup-bucket-allocator-granularity=16"
    "memorysetup-bucket-allocator-bucket-count=8"
    "memorysetup-bucket-allocator-block-size=33554432"
    "memorysetup-bucket-allocator-block-count=8"
    "memorysetup-main-allocator-block-size=16777216"
    "memorysetup-thread-allocator-block-size=16777216"
    "memorysetup-gfx-main-allocator-block-size=16777216"
    "memorysetup-gfx-thread-allocator-block-size=16777216"
    "memorysetup-cache-allocator-block-size=4194304"
    "memorysetup-typetree-allocator-block-size=2097152"
    "memorysetup-profiler-bucket-allocator-granularity=16"
    "memorysetup-profiler-bucket-allocator-bucket-count=8"
    "memorysetup-profiler-bucket-allocator-block-size=33554432"
    "memorysetup-profiler-bucket-allocator-block-count=8"
    "memorysetup-profiler-allocator-block-size=16777216"
    "memorysetup-profiler-editor-allocator-block-size=1048576"
    "memorysetup-temp-allocator-size-main=16777216"
    "memorysetup-job-temp-allocator-block-size=2097152"
    "memorysetup-job-temp-allocator-block-size-background=1048576"
    "memorysetup-job-temp-allocator-reduction-small-platforms=262144"
    "memorysetup-allocator-temp-initial-block-size-main=262144"
    "memorysetup-allocator-temp-initial-block-size-worker=262144"
    "memorysetup-temp-allocator-size-background-worker=32768"
    "memorysetup-temp-allocator-size-job-worker=262144"
    "memorysetup-temp-allocator-size-preload-manager=33554432"
    "memorysetup-temp-allocator-size-nav-mesh-worker=65536"
    "memorysetup-temp-allocator-size-audio-worker=65536"
    "memorysetup-temp-allocator-size-cloud-worker=32768"
    "memorysetup-temp-allocator-size-gi-baking-worker=262144"
    "memorysetup-temp-allocator-size-gfx=262144"
Player connection [24816] Host "[IP] 192.168.1.52 [Port] 0 [Flags] 2 [Guid] 30247647 [EditorId] 30247647 [Version] 1048832 [Id] WindowsEditor(7,DESKTOP-D2649C1) [Debug] 1 [PackageName] WindowsEditor [ProjectName] Editor" joined multi-casting on [225.0.0.222:54997]...

Player connection [24816] Host "[IP] 192.168.1.52 [Port] 0 [Flags] 2 [Guid] 30247647 [EditorId] 30247647 [Version] 1048832 [Id] WindowsEditor(7,DESKTOP-D2649C1) [Debug] 1 [PackageName] WindowsEditor [ProjectName] Editor" joined alternative multi-casting on [225.0.0.222:34997]...

[Physics::Module] Initialized MultithreadedJobDispatcher with 15 workers.
Refreshing native plugins compatible for Editor in 8.54 ms, found 4 plugins.
Preloading 0 native plugins for Editor in 0.00 ms.
Initialize engine version: 2022.3.16f1 (d2c21f0ef2f1)
[Subsystems] Discovering subsystems at path C:/Program Files/Unity/Hub/Editor/2022.3.16f1/Editor/Data/Resources/UnitySubsystems
[Subsystems] Discovering subsystems at path C:/Users/meliksah/Documents/GitHub/-SurviveIfTight/Assets
GfxDevice: creating device client; threaded=0; jobified=0
Direct3D:
    Version:  Direct3D 11.0 [level 11.1]
    Renderer: NVIDIA GeForce RTX 3050 6GB Laptop GPU (ID=0x25ac)
    Vendor:   NVIDIA
    VRAM:     6017 MB
    Driver:   31.0.15.4633
Initialize mono
Mono path[0] = 'C:/Program Files/Unity/Hub/Editor/2022.3.16f1/Editor/Data/Managed'
Mono path[1] = 'C:/Program Files/Unity/Hub/Editor/2022.3.16f1/Editor/Data/MonoBleedingEdge/lib/mono/unityjit-win32'
Mono config path = 'C:/Program Files/Unity/Hub/Editor/2022.3.16f1/Editor/Data/MonoBleedingEdge/etc'
Using monoOptions --debugger-agent=transport=dt_socket,embedding=1,server=y,suspend=n,address=127.0.0.1:56820
Begin MonoManager ReloadAssembly
Registering precompiled unity dll's ...
Register platform support module: C:/Program Files/Unity/Hub/Editor/2022.3.16f1/Editor/Data/PlaybackEngines/AndroidPlayer/UnityEditor.Android.Extensions.dll
Register platform support module: C:/Program Files/Unity/Hub/Editor/2022.3.16f1/Editor/Data/PlaybackEngines/WindowsStandaloneSupport/UnityEditor.WindowsStandalone.Extensions.dll
Registered in 0.004011 seconds.
- Loaded All Assemblies, in  0.257 seconds
Native extension for WindowsStandalone target not found
Native extension for Android target not found
Android Extension - Scanning For ADB Devices 312 ms
Mono: successfully reloaded assembly
- Finished resetting the current domain, in  0.561 seconds
Domain Reload Profiling: 818ms
	BeginReloadAssembly (78ms)
		ExecutionOrderSort (0ms)
		DisableScriptedObjects (0ms)
		BackupInstance (0ms)
		ReleaseScriptingObjects (0ms)
		CreateAndSetChildDomain (1ms)
	RebuildCommonClasses (23ms)
	RebuildNativeTypeToScriptingClass (7ms)
	initialDomainReloadingComplete (41ms)
	LoadAllAssembliesAndSetupDomain (108ms)
		LoadAssemblies (77ms)
		RebuildTransferFunctionScriptingTraits (0ms)
		AnalyzeDomain (107ms)
			TypeCache.Refresh (105ms)
				TypeCache.ScanAssembly (94ms)
			ScanForSourceGeneratedMonoScriptInfo (0ms)
			ResolveRequiredComponents (1ms)
	FinalizeReload (561ms)
		ReleaseScriptCaches (0ms)
		RebuildScriptCaches (0ms)
		SetupLoadedEditorAssemblies (520ms)
			LogAssemblyErrors (0ms)
			InitializePlatformSupportModulesInManaged (398ms)
			SetLoadedEditorAssemblies (3ms)
			RefreshPlugins (0ms)
			BeforeProcessingInitializeOnLoad (2ms)
			ProcessInitializeOnLoadAttributes (83ms)
			ProcessInitializeOnLoadMethodAttributes (34ms)
			AfterProcessingInitializeOnLoad (0ms)
			EditorAssembliesLoaded (0ms)
		ExecutionOrderSort2 (0ms)
		AwakeInstancesAfterBackupRestoration (0ms)
========================================================================
Worker process is ready to serve import requests
Begin MonoManager ReloadAssembly
- Loaded All Assemblies, in  0.488 seconds
Refreshing native plugins compatible for Editor in 2.61 ms, found 4 plugins.
Native extension for WindowsStandalone target not found
Native extension for Android target not found
Package Manager log level set to [2]
[Package Manager] Server::EnsureServerProcessIsRunning -- launch failed, reason: Unity was launched with the -noUpm command-line argument
[Package Manager] UpmClient::Send -- Unable to send message (not connected to UPM process).
[Package Manager] Cannot connect to Unity Package Manager local server
Mono: successfully reloaded assembly
- Finished resetting the current domain, in  0.462 seconds
Domain Reload Profiling: 948ms
	BeginReloadAssembly (106ms)
		ExecutionOrderSort (0ms)
		DisableScriptedObjects (5ms)
		BackupInstance (0ms)
		ReleaseScriptingObjects (0ms)
		CreateAndSetChildDomain (16ms)
	RebuildCommonClasses (23ms)
	RebuildNativeTypeToScriptingClass (7ms)
	initialDomainReloadingComplete (34ms)
	LoadAllAssembliesAndSetupDomain (316ms)
		LoadAssemblies (237ms)
		RebuildTransferFunctionScriptingTraits (0ms)
		AnalyzeDomain (139ms)
			TypeCache.Refresh (116ms)
				TypeCache.ScanAssembly (103ms)
			ScanForSourceGeneratedMonoScriptInfo (17ms)
			ResolveRequiredComponents (5ms)
	FinalizeReload (462ms)
		ReleaseScriptCaches (0ms)
		RebuildScriptCaches (0ms)
		SetupLoadedEditorAssemblies (340ms)
			LogAssemblyErrors (0ms)
			InitializePlatformSupportModulesInManaged (16ms)
			SetLoadedEditorAssemblies (4ms)
			RefreshPlugins (0ms)
			BeforeProcessingInitializeOnLoad (55ms)
			ProcessInitializeOnLoadAttributes (232ms)
			ProcessInitializeOnLoadMethodAttributes (29ms)
			AfterProcessingInitializeOnLoad (3ms)
			EditorAssembliesLoaded (0ms)
		ExecutionOrderSort2 (0ms)
		AwakeInstancesAfterBackupRestoration (5ms)
Launched and connected shader compiler UnityShaderCompiler.exe after 0.03 seconds
Refreshing native plugins compatible for Editor in 2.77 ms, found 4 plugins.
Preloading 0 native plugins for Editor in 0.00 ms.
Unloading 4297 Unused Serialized files (Serialized files now loaded: 0)
Unloading 71 unused Assets / (63.7 KB). Loaded Objects now: 4756.
Memory consumption went from 160.5 MB to 160.4 MB.
Total: 2.486500 ms (FindLiveObjects: 0.204500 ms CreateObjectMapping: 0.082800 ms MarkObjects: 2.082100 ms  DeleteObjects: 0.116100 ms)

AssetImportParameters requested are different than current active one (requested -> active):
  custom:container-demuxer-ogg: 62fdf1f143b41e24485cea50d1cbac27 -> 
  custom:video-codec-MediaFoundation-h265: 746d11721c4dcdbdad8f713fa42b33f4 -> 
  custom:video-decoder-ogg-theora: a1e56fd34408186e4bbccfd4996cb3dc -> 
  custom:framework-win-MediaFoundation: 216162199b28c13a410421893ffa2e32 -> 
  custom:CustomObjectIndexerAttribute: 43b350a4d6e6d1791af0b5038c4bea17 -> 
  custom:container-demuxer-webm: 4f35f7cbe854078d1ac9338744f61a02 -> 
  custom:container-muxer-webm: aa71ff27fc2769a1b78a27578f13a17b -> 
  custom:video-decoder-webm-vp8: 9c59270c3fd7afecdb556c50c9e8de78 -> 
  custom:SearchIndexIgnoredProperties: e643bd26f0fe6173181afceb89e7c659 -> 
  custom:AudioImporter_EditorPlatform: d09bf68614088b80899f8185d706f6e7 -> 
  custom:video-encoder-webm-vp8: eb34c28f22e8b96e1ab97ce403110664 -> 
  custom:audio-decoder-ogg-vorbis: bf7c407c2cedff20999df2af8eb42d56 -> 
  custom:audio-encoder-webm-vorbis: bf7c407c2cedff20999df2af8eb42d56 -> 
========================================================================
Received Prepare
Begin MonoManager ReloadAssembly
- Loaded All Assemblies, in  0.348 seconds
Refreshing native plugins compatible for Editor in 3.01 ms, found 4 plugins.
Native extension for WindowsStandalone target not found
Native extension for Android target not found
[Package Manager] Server::EnsureServerProcessIsRunning -- launch failed, reason: Unity was launched with the -noUpm command-line argument
[Package Manager] UpmClient::Send -- Unable to send message (not connected to UPM process).
[Package Manager] Cannot connect to Unity Package Manager local server
Mono: successfully reloaded assembly
- Finished resetting the current domain, in  0.699 seconds
Domain Reload Profiling: 1045ms
	BeginReloadAssembly (120ms)
		ExecutionOrderSort (0ms)
		DisableScriptedObjects (8ms)
		BackupInstance (0ms)
		ReleaseScriptingObjects (0ms)
		CreateAndSetChildDomain (27ms)
	RebuildCommonClasses (25ms)
	RebuildNativeTypeToScriptingClass (9ms)
	initialDomainReloadingComplete (20ms)
	LoadAllAssembliesAndSetupDomain (173ms)
		LoadAssemblies (222ms)
		RebuildTransferFunctionScriptingTraits (0ms)
		AnalyzeDomain (12ms)
			TypeCache.Refresh (5ms)
				TypeCache.ScanAssembly (0ms)
			ScanForSourceGeneratedMonoScriptInfo (0ms)
			ResolveRequiredComponents (6ms)
	FinalizeReload (699ms)
		ReleaseScriptCaches (0ms)
		RebuildScriptCaches (0ms)
		SetupLoadedEditorAssemblies (344ms)
			LogAssemblyErrors (0ms)
			InitializePlatformSupportModulesInManaged (20ms)
			SetLoadedEditorAssemblies (4ms)
			RefreshPlugins (0ms)
			BeforeProcessingInitializeOnLoad (56ms)
			ProcessInitializeOnLoadAttributes (232ms)
			ProcessInitializeOnLoadMethodAttributes (27ms)
			AfterProcessingInitializeOnLoad (3ms)
			EditorAssembliesLoaded (0ms)
		ExecutionOrderSort2 (0ms)
		AwakeInstancesAfterBackupRestoration (9ms)
Refreshing native plugins compatible for Editor in 3.75 ms, found 4 plugins.
Preloading 0 native plugins for Editor in 0.00 ms.
Unloading 4271 Unused Serialized files (Serialized files now loaded: 0)
Unloading 41 unused Assets / (38.8 KB). Loaded Objects now: 4762.
Memory consumption went from 155.3 MB to 155.3 MB.
Total: 2.887900 ms (FindLiveObjects: 0.259600 ms CreateObjectMapping: 0.083500 ms MarkObjects: 2.454000 ms  DeleteObjects: 0.089800 ms)

Prepare: number of updated asset objects reloaded= 0
AssetImportParameters requested are different than current active one (requested -> active):
  custom:container-demuxer-ogg: 62fdf1f143b41e24485cea50d1cbac27 -> 
  custom:video-codec-MediaFoundation-h265: 746d11721c4dcdbdad8f713fa42b33f4 -> 
  custom:video-decoder-ogg-theora: a1e56fd34408186e4bbccfd4996cb3dc -> 
  custom:framework-win-MediaFoundation: 216162199b28c13a410421893ffa2e32 -> 
  custom:CustomObjectIndexerAttribute: 43b350a4d6e6d1791af0b5038c4bea17 -> 
  custom:container-demuxer-webm: 4f35f7cbe854078d1ac9338744f61a02 -> 
  custom:container-muxer-webm: aa71ff27fc2769a1b78a27578f13a17b -> 
  custom:video-decoder-webm-vp8: 9c59270c3fd7afecdb556c50c9e8de78 -> 
  custom:SearchIndexIgnoredProperties: e643bd26f0fe6173181afceb89e7c659 -> 
  custom:AudioImporter_EditorPlatform: d09bf68614088b80899f8185d706f6e7 -> 
  custom:video-encoder-webm-vp8: eb34c28f22e8b96e1ab97ce403110664 -> 
  custom:audio-decoder-ogg-vorbis: bf7c407c2cedff20999df2af8eb42d56 -> 
  custom:audio-encoder-webm-vorbis: bf7c407c2cedff20999df2af8eb42d56 -> 
========================================================================
Received Prepare
Begin MonoManager ReloadAssembly
- Loaded All Assemblies, in  0.421 seconds
Refreshing native plugins compatible for Editor in 2.61 ms, found 4 plugins.
Native extension for WindowsStandalone target not found
Native extension for Android target not found
[Package Manager] Server::EnsureServerProcessIsRunning -- launch failed, reason: Unity was launched with the -noUpm command-line argument
[Package Manager] UpmClient::Send -- Unable to send message (not connected to UPM process).
[Package Manager] Cannot connect to Unity Package Manager local server
Mono: successfully reloaded assembly
- Finished resetting the current domain, in  0.634 seconds
Domain Reload Profiling: 1054ms
	BeginReloadAssembly (140ms)
		ExecutionOrderSort (0ms)
		DisableScriptedObjects (9ms)
		BackupInstance (0ms)
		ReleaseScriptingObjects (0ms)
		CreateAndSetChildDomain (43ms)
	RebuildCommonClasses (26ms)
	RebuildNativeTypeToScriptingClass (11ms)
	initialDomainReloadingComplete (26ms)
	LoadAllAssembliesAndSetupDomain (217ms)
		LoadAssemblies (257ms)
		RebuildTransferFunctionScriptingTraits (0ms)
		AnalyzeDomain (23ms)
			TypeCache.Refresh (8ms)
				TypeCache.ScanAssembly (1ms)
			ScanForSourceGeneratedMonoScriptInfo (8ms)
			ResolveRequiredComponents (6ms)
	FinalizeReload (634ms)
		ReleaseScriptCaches (0ms)
		RebuildScriptCaches (0ms)
		SetupLoadedEditorAssemblies (306ms)
			LogAssemblyErrors (0ms)
			InitializePlatformSupportModulesInManaged (16ms)
			SetLoadedEditorAssemblies (4ms)
			RefreshPlugins (0ms)
			BeforeProcessingInitializeOnLoad (55ms)
			ProcessInitializeOnLoadAttributes (203ms)
			ProcessInitializeOnLoadMethodAttributes (23ms)
			AfterProcessingInitializeOnLoad (4ms)
			EditorAssembliesLoaded (0ms)
		ExecutionOrderSort2 (0ms)
		AwakeInstancesAfterBackupRestoration (10ms)
Refreshing native plugins compatible for Editor in 2.85 ms, found 4 plugins.
Preloading 0 native plugins for Editor in 0.00 ms.
Unloading 4278 Unused Serialized files (Serialized files now loaded: 0)
Unloading 43 unused Assets / (92.9 KB). Loaded Objects now: 4772.
Memory consumption went from 157.0 MB to 156.9 MB.
Total: 2.826300 ms (FindLiveObjects: 0.229900 ms CreateObjectMapping: 0.125700 ms MarkObjects: 2.376200 ms  DeleteObjects: 0.093500 ms)

Prepare: number of updated asset objects reloaded= 0
AssetImportParameters requested are different than current active one (requested -> active):
  custom:container-demuxer-ogg: 62fdf1f143b41e24485cea50d1cbac27 -> 
  custom:video-codec-MediaFoundation-h265: 746d11721c4dcdbdad8f713fa42b33f4 -> 
  custom:video-decoder-ogg-theora: a1e56fd34408186e4bbccfd4996cb3dc -> 
  custom:framework-win-MediaFoundation: 216162199b28c13a410421893ffa2e32 -> 
  custom:CustomObjectIndexerAttribute: 43b350a4d6e6d1791af0b5038c4bea17 -> 
  custom:container-demuxer-webm: 4f35f7cbe854078d1ac9338744f61a02 -> 
  custom:container-muxer-webm: aa71ff27fc2769a1b78a27578f13a17b -> 
  custom:video-decoder-webm-vp8: 9c59270c3fd7afecdb556c50c9e8de78 -> 
  custom:SearchIndexIgnoredProperties: e643bd26f0fe6173181afceb89e7c659 -> 
  custom:AudioImporter_EditorPlatform: d09bf68614088b80899f8185d706f6e7 -> 
  custom:video-encoder-webm-vp8: eb34c28f22e8b96e1ab97ce403110664 -> 
  custom:audio-decoder-ogg-vorbis: bf7c407c2cedff20999df2af8eb42d56 -> 
  custom:audio-encoder-webm-vorbis: bf7c407c2cedff20999df2af8eb42d56 -> 
========================================================================
Received Prepare
Refreshing native plugins compatible for Editor in 2.74 ms, found 4 plugins.
Preloading 0 native plugins for Editor in 0.00 ms.
Unloading 3 Unused Serialized files (Serialized files now loaded: 0)
Unloading 3 unused Assets / (62.7 KB). Loaded Objects now: 4772.
Memory consumption went from 91.7 MB to 91.6 MB.
Total: 2.353300 ms (FindLiveObjects: 0.173300 ms CreateObjectMapping: 0.076300 ms MarkObjects: 2.045400 ms  DeleteObjects: 0.057400 ms)

Prepare: number of updated asset objects reloaded= 0
AssetImportParameters requested are different than current active one (requested -> active):
  custom:container-demuxer-ogg: 62fdf1f143b41e24485cea50d1cbac27 -> 
  custom:video-codec-MediaFoundation-h265: 746d11721c4dcdbdad8f713fa42b33f4 -> 
  custom:video-decoder-ogg-theora: a1e56fd34408186e4bbccfd4996cb3dc -> 
  custom:framework-win-MediaFoundation: 216162199b28c13a410421893ffa2e32 -> 
  custom:CustomObjectIndexerAttribute: 43b350a4d6e6d1791af0b5038c4bea17 -> 
  custom:container-demuxer-webm: 4f35f7cbe854078d1ac9338744f61a02 -> 
  custom:container-muxer-webm: aa71ff27fc2769a1b78a27578f13a17b -> 
  custom:video-decoder-webm-vp8: 9c59270c3fd7afecdb556c50c9e8de78 -> 
  custom:SearchIndexIgnoredProperties: e643bd26f0fe6173181afceb89e7c659 -> 
  custom:AudioImporter_EditorPlatform: d09bf68614088b80899f8185d706f6e7 -> 
  custom:video-encoder-webm-vp8: eb34c28f22e8b96e1ab97ce403110664 -> 
  custom:audio-decoder-ogg-vorbis: bf7c407c2cedff20999df2af8eb42d56 -> 
  custom:audio-encoder-webm-vorbis: bf7c407c2cedff20999df2af8eb42d56 -> 
========================================================================
Received Import Request.
  Time since last request: 14064.905245 seconds.
  path: Assets/Cainos/Pixel Art Top Down - Basic/Material/MT Shadow.mat
  artifactKey: Guid(6f3f1f0060a4d6a4980ea3283643fbdd) Importer(815301076,1909f56bfc062723c751e8b465ee728b)
Start importing Assets/Cainos/Pixel Art Top Down - Basic/Material/MT Shadow.mat using Guid(6f3f1f0060a4d6a4980ea3283643fbdd) Importer(815301076,1909f56bfc062723c751e8b465ee728b)  -> (artifact id: '620e20396e7cc80def8074957f293636') in 0.093306 seconds
Number of updated asset objects reloaded before import = 0
Number of asset objects unloaded after import = 2
========================================================================
Received Import Request.
  Time since last request: 6.125597 seconds.
  path: Assets/Cainos/Pixel Art Top Down - Basic/Prefab/Plant/PF Grass A.prefab
  artifactKey: Guid(a0a66c9b152e801409fc26c4ca493d18) Importer(815301076,1909f56bfc062723c751e8b465ee728b)
Start importing Assets/Cainos/Pixel Art Top Down - Basic/Prefab/Plant/PF Grass A.prefab using Guid(a0a66c9b152e801409fc26c4ca493d18) Importer(815301076,1909f56bfc062723c751e8b465ee728b)  -> (artifact id: '3bb778bbcb76015975dd041f6734de76') in 0.046102 seconds
Number of updated asset objects reloaded before import = 0
Number of asset objects unloaded after import = 7
========================================================================
Received Import Request.
  Time since last request: 0.000017 seconds.
  path: Assets/Cainos/Pixel Art Top Down - Basic/Prefab/Plant/PF Grass I.prefab
  artifactKey: Guid(424ccba55881d2743a04e1f1a4947e4c) Importer(815301076,1909f56bfc062723c751e8b465ee728b)
Start importing Assets/Cainos/Pixel Art Top Down - Basic/Prefab/Plant/PF Grass I.prefab using Guid(424ccba55881d2743a04e1f1a4947e4c) Importer(815301076,1909f56bfc062723c751e8b465ee728b)  -> (artifact id: 'baa86ac6e4a24b7ae490cc00975cb37f') in 0.015733 seconds
Number of updated asset objects reloaded before import = 0
Number of asset objects unloaded after import = 7
========================================================================
Received Import Request.
  Time since last request: 0.000017 seconds.
  path: Assets/Cainos/Pixel Art Top Down - Basic/Prefab/Plant/PF Grass O.prefab
  artifactKey: Guid(bf462882706828c44a4465986b6fb8d2) Importer(815301076,1909f56bfc062723c751e8b465ee728b)
Start importing Assets/Cainos/Pixel Art Top Down - Basic/Prefab/Plant/PF Grass O.prefab using Guid(bf462882706828c44a4465986b6fb8d2) Importer(815301076,1909f56bfc062723c751e8b465ee728b)  -> (artifact id: '3f975d07614cf3803b87c3cbe1d4a4e1') in 0.015262 seconds
Number of updated asset objects reloaded before import = 0
Number of asset objects unloaded after import = 7
========================================================================
Received Import Request.
  Time since last request: 0.000013 seconds.
  path: Assets/Cainos/Pixel Art Top Down - Basic/Prefab/Plant/PF Grass F.prefab
  artifactKey: Guid(84d669757910f1f488023c92e71fcad5) Importer(815301076,1909f56bfc062723c751e8b465ee728b)
Start importing Assets/Cainos/Pixel Art Top Down - Basic/Prefab/Plant/PF Grass F.prefab using Guid(84d669757910f1f488023c92e71fcad5) Importer(815301076,1909f56bfc062723c751e8b465ee728b)  -> (artifact id: '0500e6adb0dd8673b2e2f5542c4ca29e') in 0.017448 seconds
Number of updated asset objects reloaded before import = 0
Number of asset objects unloaded after import = 7
========================================================================
Received Import Request.
  Time since last request: 0.000015 seconds.
  path: Assets/Cainos/Pixel Art Top Down - Basic/Prefab/Plant/PF Grass G.prefab
  artifactKey: Guid(8d15c39fd3e3cab47ab96fbaf6dc2f92) Importer(815301076,1909f56bfc062723c751e8b465ee728b)
Start importing Assets/Cainos/Pixel Art Top Down - Basic/Prefab/Plant/PF Grass G.prefab using Guid(8d15c39fd3e3cab47ab96fbaf6dc2f92) Importer(815301076,1909f56bfc062723c751e8b465ee728b)  -> (artifact id: '428297cbde33c4ad3e5bf310266d8b73') in 0.014108 seconds
Number of updated asset objects reloaded before import = 0
Number of asset objects unloaded after import = 7
========================================================================
Received Import Request.
  Time since last request: 0.000019 seconds.
  path: Assets/Cainos/Pixel Art Top Down - Basic/Prefab/Plant/PF Grass J.prefab
  artifactKey: Guid(dbeab85cbe3b90b41a444794aab794ef) Importer(815301076,1909f56bfc062723c751e8b465ee728b)
Start importing Assets/Cainos/Pixel Art Top Down - Basic/Prefab/Plant/PF Grass J.prefab using Guid(dbeab85cbe3b90b41a444794aab794ef) Importer(815301076,1909f56bfc062723c751e8b465ee728b)  -> (artifact id: '2e4a4e5539f6998e87be54d405eeb5ff') in 0.012551 seconds
Number of updated asset objects reloaded before import = 0
Number of asset objects unloaded after import = 7
========================================================================
Received Import Request.
  Time since last request: 0.000015 seconds.
  path: Assets/Cainos/Pixel Art Top Down - Basic/Prefab/Plant/PF Props Bush T1.prefab
  artifactKey: Guid(a0a71fda412ad0941ab44f1732ea4c1e) Importer(815301076,1909f56bfc062723c751e8b465ee728b)
Start importing Assets/Cainos/Pixel Art Top Down - Basic/Prefab/Plant/PF Props Bush T1.prefab using Guid(a0a71fda412ad0941ab44f1732ea4c1e) Importer(815301076,1909f56bfc062723c751e8b465ee728b)  -> (artifact id: '8f0330bc087a25d61622c61bea48711b') in 0.031786 seconds
Number of updated asset objects reloaded before import = 0
Number of asset objects unloaded after import = 16
========================================================================
Received Import Request.
  Time since last request: 0.000017 seconds.
  path: Assets/Cainos/Pixel Art Top Down - Basic/Prefab/Plant/PF Grass N.prefab
  artifactKey: Guid(af67ceadc087899479232f75d2b79d59) Importer(815301076,1909f56bfc062723c751e8b465ee728b)
Start importing Assets/Cainos/Pixel Art Top Down - Basic/Prefab/Plant/PF Grass N.prefab using Guid(af67ceadc087899479232f75d2b79d59) Importer(815301076,1909f56bfc062723c751e8b465ee728b)  -> (artifact id: '51384cf21bb20d326ba904dd2b1b403b') in 0.011705 seconds
Number of updated asset objects reloaded before import = 0
Number of asset objects unloaded after import = 7
========================================================================
Received Import Request.
  Time since last request: 0.000024 seconds.
  path: Assets/Cainos/Pixel Art Top Down - Basic/Prefab/Plant/PF Grass H.prefab
  artifactKey: Guid(8c66149e58003104daf96668db118b4f) Importer(815301076,1909f56bfc062723c751e8b465ee728b)
Start importing Assets/Cainos/Pixel Art Top Down - Basic/Prefab/Plant/PF Grass H.prefab using Guid(8c66149e58003104daf96668db118b4f) Importer(815301076,1909f56bfc062723c751e8b465ee728b)  -> (artifact id: 'f8b080f587295dac39dd2daa2403b5de') in 0.013327 seconds
Number of updated asset objects reloaded before import = 0
Number of asset objects unloaded after import = 7
========================================================================
Received Import Request.
  Time since last request: 0.000014 seconds.
  path: Assets/Cainos/Pixel Art Top Down - Basic/Prefab/Plant/PF Props Bush T3.prefab
  artifactKey: Guid(0505844a909d2ea4996c19b67b2a40b9) Importer(815301076,1909f56bfc062723c751e8b465ee728b)
Start importing Assets/Cainos/Pixel Art Top Down - Basic/Prefab/Plant/PF Props Bush T3.prefab using Guid(0505844a909d2ea4996c19b67b2a40b9) Importer(815301076,1909f56bfc062723c751e8b465ee728b)  -> (artifact id: 'a0368330d822026dee8a1efde7f56c01') in 0.014739 seconds
Number of updated asset objects reloaded before import = 0
Number of asset objects unloaded after import = 16
========================================================================
Received Import Request.
  Time since last request: 0.000011 seconds.
  path: Assets/Cainos/Pixel Art Top Down - Basic/Prefab/Plant/PF Props Bush T4.prefab
  artifactKey: Guid(4bd7b41600416b54395bf9936a05dc8e) Importer(815301076,1909f56bfc062723c751e8b465ee728b)
Start importing Assets/Cainos/Pixel Art Top Down - Basic/Prefab/Plant/PF Props Bush T4.prefab using Guid(4bd7b41600416b54395bf9936a05dc8e) Importer(815301076,1909f56bfc062723c751e8b465ee728b)  -> (artifact id: 'b23f77b7f1cbd4504805a49007d1ee95') in 0.017751 seconds
Number of updated asset objects reloaded before import = 0
Number of asset objects unloaded after import = 16
========================================================================
Received Import Request.
  Time since last request: 0.000012 seconds.
  path: Assets/Cainos/Pixel Art Top Down - Basic/Prefab/Plant/PF Props Bush T2.prefab
  artifactKey: Guid(5b94bf9107369684a8153921f763da38) Importer(815301076,1909f56bfc062723c751e8b465ee728b)
Start importing Assets/Cainos/Pixel Art Top Down - Basic/Prefab/Plant/PF Props Bush T2.prefab using Guid(5b94bf9107369684a8153921f763da38) Importer(815301076,1909f56bfc062723c751e8b465ee728b)  -> (artifact id: 'c4f5d3394beb4adf7fef8aa2329e141a') in 0.015621 seconds
Number of updated asset objects reloaded before import = 0
Number of asset objects unloaded after import = 16
========================================================================
Received Import Request.
  Time since last request: 0.000012 seconds.
  path: Assets/Cainos/Pixel Art Top Down - Basic/Prefab/Plant/PF Grass K.prefab
  artifactKey: Guid(4800845c2c4caa84eb6194552ae9c841) Importer(815301076,1909f56bfc062723c751e8b465ee728b)
Start importing Assets/Cainos/Pixel Art Top Down - Basic/Prefab/Plant/PF Grass K.prefab using Guid(4800845c2c4caa84eb6194552ae9c841) Importer(815301076,1909f56bfc062723c751e8b465ee728b)  -> (artifact id: '2070596e20e27b4ebf55160aaa1dc2cd') in 0.014046 seconds
Number of updated asset objects reloaded before import = 0
Number of asset objects unloaded after import = 7
========================================================================
Received Import Request.
  Time since last request: 4.089866 seconds.
  path: Assets/Cainos/Pixel Art Top Down - Basic/Prefab/Props/PF Props Altar.prefab
  artifactKey: Guid(c5bdca1933fde624698bb8c6d6daa44b) Importer(815301076,1909f56bfc062723c751e8b465ee728b)
Start importing Assets/Cainos/Pixel Art Top Down - Basic/Prefab/Props/PF Props Altar.prefab using Guid(c5bdca1933fde624698bb8c6d6daa44b) Importer(815301076,1909f56bfc062723c751e8b465ee728b)  -> (artifact id: 'bac550bc13b5a1db56f82bbf5be6e987') in 0.019856 seconds
Number of updated asset objects reloaded before import = 0
Number of asset objects unloaded after import = 38
========================================================================
Received Import Request.
  Time since last request: 0.000013 seconds.
  path: Assets/Cainos/Pixel Art Top Down - Basic/Prefab/Props/PF Props Stone T6.prefab
  artifactKey: Guid(d5762f992ea3bd544bb8287f66e8f844) Importer(815301076,1909f56bfc062723c751e8b465ee728b)
Start importing Assets/Cainos/Pixel Art Top Down - Basic/Prefab/Props/PF Props Stone T6.prefab using Guid(d5762f992ea3bd544bb8287f66e8f844) Importer(815301076,1909f56bfc062723c751e8b465ee728b)  -> (artifact id: '5c0a3bc7378b471a3217c675471a70c4') in 0.014343 seconds
Number of updated asset objects reloaded before import = 0
Number of asset objects unloaded after import = 17
========================================================================
Received Import Request.
  Time since last request: 0.000015 seconds.
  path: Assets/Cainos/Pixel Art Top Down - Basic/Prefab/Props/PF Props Stone Lantern.prefab
  artifactKey: Guid(84395be60ff2def43bb58fa039614eab) Importer(815301076,1909f56bfc062723c751e8b465ee728b)
Start importing Assets/Cainos/Pixel Art Top Down - Basic/Prefab/Props/PF Props Stone Lantern.prefab using Guid(84395be60ff2def43bb58fa039614eab) Importer(815301076,1909f56bfc062723c751e8b465ee728b)  -> (artifact id: '19d14862cc51643e4cc0e98660ead7c4') in 0.014979 seconds
Number of updated asset objects reloaded before import = 0
Number of asset objects unloaded after import = 17
========================================================================
Received Import Request.
  Time since last request: 0.000015 seconds.
  path: Assets/Cainos/Pixel Art Top Down - Basic/Prefab/Props/PF Props Pot C.prefab
  artifactKey: Guid(f3cc2373308c11848977b28d974a9de0) Importer(815301076,1909f56bfc062723c751e8b465ee728b)
Start importing Assets/Cainos/Pixel Art Top Down - Basic/Prefab/Props/PF Props Pot C.prefab using Guid(f3cc2373308c11848977b28d974a9de0) Importer(815301076,1909f56bfc062723c751e8b465ee728b)  -> (artifact id: 'bbbfe4234442362d4dcaa905b619733c') in 0.017660 seconds
Number of updated asset objects reloaded before import = 0
Number of asset objects unloaded after import = 18
========================================================================
Received Import Request.
  Time since last request: 0.000014 seconds.
  path: Assets/Cainos/Pixel Art Top Down - Basic/Prefab/Props/PF Props Stair L.prefab
  artifactKey: Guid(a92434f05fc24a2408687e0356655548) Importer(815301076,1909f56bfc062723c751e8b465ee728b)
Start importing Assets/Cainos/Pixel Art Top Down - Basic/Prefab/Props/PF Props Stair L.prefab using Guid(a92434f05fc24a2408687e0356655548) Importer(815301076,1909f56bfc062723c751e8b465ee728b)  -> (artifact id: '44250ce704681f23b99045e5665468b5') in 0.015780 seconds
Number of updated asset objects reloaded before import = 0
Number of asset objects unloaded after import = 29
========================================================================
Received Import Request.
  Time since last request: 0.000014 seconds.
  path: Assets/Cainos/Pixel Art Top Down - Basic/Prefab/Props/PF Props Stone Coffin V.prefab
  artifactKey: Guid(e54d3c80cde4e314eae0912eca6a93ae) Importer(815301076,1909f56bfc062723c751e8b465ee728b)
Start importing Assets/Cainos/Pixel Art Top Down - Basic/Prefab/Props/PF Props Stone Coffin V.prefab using Guid(e54d3c80cde4e314eae0912eca6a93ae) Importer(815301076,1909f56bfc062723c751e8b465ee728b)  -> (artifact id: '87821ad7a55ca539bcc01f7f1918ea8f') in 0.016048 seconds
Number of updated asset objects reloaded before import = 0
Number of asset objects unloaded after import = 17
========================================================================
Received Import Request.
  Time since last request: 0.000014 seconds.
  path: Assets/Cainos/Pixel Art Top Down - Basic/Prefab/Props/PF Props Stone Cube.prefab
  artifactKey: Guid(f6a5710827e32d3489da2c249e3bc400) Importer(815301076,1909f56bfc062723c751e8b465ee728b)
Start importing Assets/Cainos/Pixel Art Top Down - Basic/Prefab/Props/PF Props Stone Cube.prefab using Guid(f6a5710827e32d3489da2c249e3bc400) Importer(815301076,1909f56bfc062723c751e8b465ee728b)  -> (artifact id: '226b13c9ca5afa6dd14feaae6304e933') in 0.014439 seconds
Number of updated asset objects reloaded before import = 0
Number of asset objects unloaded after import = 18
========================================================================
Received Import Request.
  Time since last request: 0.000013 seconds.
  path: Assets/Cainos/Pixel Art Top Down - Basic/Prefab/Props/PF Props Gravestone C.prefab
  artifactKey: Guid(3fcd8726c7cd53345947949baefbab35) Importer(815301076,1909f56bfc062723c751e8b465ee728b)
Start importing Assets/Cainos/Pixel Art Top Down - Basic/Prefab/Props/PF Props Gravestone C.prefab using Guid(3fcd8726c7cd53345947949baefbab35) Importer(815301076,1909f56bfc062723c751e8b465ee728b)  -> (artifact id: '2ebec5bb47eac7b57029eee9993469d3') in 0.016327 seconds
Number of updated asset objects reloaded before import = 0
Number of asset objects unloaded after import = 17
========================================================================
Received Import Request.
  Time since last request: 0.000013 seconds.
  path: Assets/Cainos/Pixel Art Top Down - Basic/Prefab/Props/PF Props Wooden Gate Opened.prefab
  artifactKey: Guid(8e9c401d7a70ec94d956296ea011f594) Importer(815301076,1909f56bfc062723c751e8b465ee728b)
Start importing Assets/Cainos/Pixel Art Top Down - Basic/Prefab/Props/PF Props Wooden Gate Opened.prefab using Guid(8e9c401d7a70ec94d956296ea011f594) Importer(815301076,1909f56bfc062723c751e8b465ee728b)  -> (artifact id: 'c647e0dbc8fba6c5d2b93608c7b492dc') in 0.015260 seconds
Number of updated asset objects reloaded before import = 0
Number of asset objects unloaded after import = 17
========================================================================
Received Import Request.
  Time since last request: 0.000015 seconds.
  path: Assets/Cainos/Pixel Art Top Down - Basic/Prefab/Props/PF Props Crate Small.prefab
  artifactKey: Guid(2e2ac125e54a1e44780363d638b1df34) Importer(815301076,1909f56bfc062723c751e8b465ee728b)
Start importing Assets/Cainos/Pixel Art Top Down - Basic/Prefab/Props/PF Props Crate Small.prefab using Guid(2e2ac125e54a1e44780363d638b1df34) Importer(815301076,1909f56bfc062723c751e8b465ee728b)  -> (artifact id: '795106e932500b6b39cf2a4c578c7069') in 0.014744 seconds
Number of updated asset objects reloaded before import = 0
Number of asset objects unloaded after import = 18
========================================================================
Received Import Request.
  Time since last request: 0.000013 seconds.
  path: Assets/Cainos/Pixel Art Top Down - Basic/Prefab/Props/PF Props Stair Broken M.prefab
  artifactKey: Guid(295e819650a63784185fc3d55ce9e650) Importer(815301076,1909f56bfc062723c751e8b465ee728b)
Start importing Assets/Cainos/Pixel Art Top Down - Basic/Prefab/Props/PF Props Stair Broken M.prefab using Guid(295e819650a63784185fc3d55ce9e650) Importer(815301076,1909f56bfc062723c751e8b465ee728b)  -> (artifact id: 'a8be59576755fe539910d4c330c77c86') in 0.014368 seconds
Number of updated asset objects reloaded before import = 0
Number of asset objects unloaded after import = 29
========================================================================
Received Import Request.
  Time since last request: 0.000014 seconds.
  path: Assets/Cainos/Pixel Art Top Down - Basic/Prefab/Props/PF Props Stone Coffin H.prefab
  artifactKey: Guid(42d58802fe231b14c8692b0c06082f5d) Importer(815301076,1909f56bfc062723c751e8b465ee728b)
Start importing Assets/Cainos/Pixel Art Top Down - Basic/Prefab/Props/PF Props Stone Coffin H.prefab using Guid(42d58802fe231b14c8692b0c06082f5d) Importer(815301076,1909f56bfc062723c751e8b465ee728b)  -> (artifact id: 'a59159715f288e6e7b42f8feccdf9b9a') in 0.013201 seconds
Number of updated asset objects reloaded before import = 0
Number of asset objects unloaded after import = 17
========================================================================
Received Import Request.
  Time since last request: 0.000020 seconds.
  path: Assets/Cainos/Pixel Art Top Down - Basic/Prefab/Props/PF Props Crate.prefab
  artifactKey: Guid(fb2df5b680b64b449a78162ebcd98e97) Importer(815301076,1909f56bfc062723c751e8b465ee728b)
Start importing Assets/Cainos/Pixel Art Top Down - Basic/Prefab/Props/PF Props Crate.prefab using Guid(fb2df5b680b64b449a78162ebcd98e97) Importer(815301076,1909f56bfc062723c751e8b465ee728b)  -> (artifact id: '31e8e3fcb97cc00fe7c42c2a7fbe895a') in 0.014495 seconds
Number of updated asset objects reloaded before import = 0
Number of asset objects unloaded after import = 18
========================================================================
Received Import Request.
  Time since last request: 0.000013 seconds.
  path: Assets/Cainos/Pixel Art Top Down - Basic/Prefab/Props/PF Props Road Sign W.prefab
  artifactKey: Guid(5c635e5bc09c93043a53ee0e17e89d0f) Importer(815301076,1909f56bfc062723c751e8b465ee728b)
Start importing Assets/Cainos/Pixel Art Top Down - Basic/Prefab/Props/PF Props Road Sign W.prefab using Guid(5c635e5bc09c93043a53ee0e17e89d0f) Importer(815301076,1909f56bfc062723c751e8b465ee728b)  -> (artifact id: '0ead9a36ad2f06c539bbe650c3fc56c5') in 0.014455 seconds
Number of updated asset objects reloaded before import = 0
Number of asset objects unloaded after import = 17
========================================================================
Received Import Request.
  Time since last request: 17.632809 seconds.
  path: Assets/Cainos/Pixel Art Top Down - Basic/Texture/TX Props.png
  artifactKey: Guid(29c9cded5e558164aaf8c9bf08aa1510) Importer(815301076,1909f56bfc062723c751e8b465ee728b)
Start importing Assets/Cainos/Pixel Art Top Down - Basic/Texture/TX Props.png using Guid(29c9cded5e558164aaf8c9bf08aa1510) Importer(815301076,1909f56bfc062723c751e8b465ee728b) Requested RenderTexture with sRGB format. sRGB formats are not supported in gamma mode, fallback to a UNorm format. Use a UNorm format instead of sRGB to silence this warning.
UnityEngine.StackTraceUtility:ExtractStackTrace ()
UnityEngine.Graphics:Blit (UnityEngine.Texture,UnityEngine.RenderTexture)
UnityEditor.TextureInspector:RenderStaticPreview (string,UnityEngine.Object[],int,int)
UnityEditor.AssetPreviewUpdater:CreatePreview (UnityEngine.Object,UnityEngine.Object[],string,int,int)
UnityEditor.AssetPreviewUpdater:CreatePreviewForAsset (UnityEngine.Object,UnityEngine.Object[],string)

[C:\build\output\unity\unity\Runtime\Graphics\RenderTexture.cpp line 1145]

Requested RenderTexture with sRGB format. sRGB formats are not supported in gamma mode, fallback to a UNorm format. Use a UNorm format instead of sRGB to silence this warning.
UnityEngine.StackTraceUtility:ExtractStackTrace ()
UnityEngine.RenderTexture:set_active (UnityEngine.RenderTexture)
UnityEditor.SpriteInspector:BuildPreviewTexture (UnityEngine.Sprite,UnityEngine.Material,bool,int,int,UnityEngine.Color,UnityEngine.Matrix4x4)
UnityEditor.SpriteInspector:BuildPreviewTexture (UnityEngine.Sprite,UnityEngine.Material,bool,int,int)
UnityEditor.SpriteInspector:RenderStaticPreview (string,UnityEngine.Object[],int,int)
UnityEditor.AssetPreviewUpdater:CreatePreview (UnityEngine.Object,UnityEngine.Object[],string,int,int)
UnityEditor.AssetPreviewUpdater:CreatePreviewForAsset (UnityEngine.Object,UnityEngine.Object[],string)

[C:\build\output\unity\unity\Runtime\Graphics\RenderTexture.cpp line 1145]

Requested RenderTexture with sRGB format. sRGB formats are not supported in gamma mode, fallback to a UNorm format. Use a UNorm format instead of sRGB to silence this warning.
UnityEngine.StackTraceUtility:ExtractStackTrace ()
UnityEngine.RenderTexture:set_active (UnityEngine.RenderTexture)
UnityEditor.SpriteInspector:BuildPreviewTexture (UnityEngine.Sprite,UnityEngine.Material,bool,int,int,UnityEngine.Color,UnityEngine.Matrix4x4)
UnityEditor.SpriteInspector:BuildPreviewTexture (UnityEngine.Sprite,UnityEngine.Material,bool,int,int)
UnityEditor.SpriteInspector:RenderStaticPreview (string,UnityEngine.Object[],int,int)
UnityEditor.AssetPreviewUpdater:CreatePreview (UnityEngine.Object,UnityEngine.Object[],string,int,int)
UnityEditor.AssetPreviewUpdater:CreatePreviewForAsset (UnityEngine.Object,UnityEngine.Object[],string)

[C:\build\output\unity\unity\Runtime\Graphics\RenderTexture.cpp line 1145]

Requested RenderTexture with sRGB format. sRGB formats are not supported in gamma mode, fallback to a UNorm format. Use a UNorm format instead of sRGB to silence this warning.
UnityEngine.StackTraceUtility:ExtractStackTrace ()
UnityEngine.RenderTexture:set_active (UnityEngine.RenderTexture)
UnityEditor.SpriteInspector:BuildPreviewTexture (UnityEngine.Sprite,UnityEngine.Material,bool,int,int,UnityEngine.Color,UnityEngine.Matrix4x4)
UnityEditor.SpriteInspector:BuildPreviewTexture (UnityEngine.Sprite,UnityEngine.Material,bool,int,int)
UnityEditor.SpriteInspector:RenderStaticPreview (string,UnityEngine.Object[],int,int)
UnityEditor.AssetPreviewUpdater:CreatePreview (UnityEngine.Object,UnityEngine.Object[],string,int,int)
UnityEditor.AssetPreviewUpdater:CreatePreviewForAsset (UnityEngine.Object,UnityEngine.Object[],string)

[C:\build\output\unity\unity\Runtime\Graphics\RenderTexture.cpp line 1145]

Requested RenderTexture with sRGB format. sRGB formats are not supported in gamma mode, fallback to a UNorm format. Use a UNorm format instead of sRGB to silence this warning.
UnityEngine.StackTraceUtility:ExtractStackTrace ()
UnityEngine.RenderTexture:set_active (UnityEngine.RenderTexture)
UnityEditor.SpriteInspector:BuildPreviewTexture (UnityEngine.Sprite,UnityEngine.Material,bool,int,int,UnityEngine.Color,UnityEngine.Matrix4x4)
UnityEditor.SpriteInspector:BuildPreviewTexture (UnityEngine.Sprite,UnityEngine.Material,bool,int,int)
UnityEditor.SpriteInspector:RenderStaticPreview (string,UnityEngine.Object[],int,int)
UnityEditor.AssetPreviewUpdater:CreatePreview (UnityEngine.Object,UnityEngine.Object[],string,int,int)
UnityEditor.AssetPreviewUpdater:CreatePreviewForAsset (UnityEngine.Object,UnityEngine.Object[],string)

[C:\build\output\unity\unity\Runtime\Graphics\RenderTexture.cpp line 1145]

Requested RenderTexture with sRGB format. sRGB formats are not supported in gamma mode, fallback to a UNorm format. Use a UNorm format instead of sRGB to silence this warning.
UnityEngine.StackTraceUtility:ExtractStackTrace ()
UnityEngine.RenderTexture:set_active (UnityEngine.RenderTexture)
UnityEditor.SpriteInspector:BuildPreviewTexture (UnityEngine.Sprite,UnityEngine.Material,bool,int,int,UnityEngine.Color,UnityEngine.Matrix4x4)
UnityEditor.SpriteInspector:BuildPreviewTexture (UnityEngine.Sprite,UnityEngine.Material,bool,int,int)
UnityEditor.SpriteInspector:RenderStaticPreview (string,UnityEngine.Object[],int,int)
UnityEditor.AssetPreviewUpdater:CreatePreview (UnityEngine.Object,UnityEngine.Object[],string,int,int)
UnityEditor.AssetPreviewUpdater:CreatePreviewForAsset (UnityEngine.Object,UnityEngine.Object[],string)

[C:\build\output\unity\unity\Runtime\Graphics\RenderTexture.cpp line 1145]

Requested RenderTexture with sRGB format. sRGB formats are not supported in gamma mode, fallback to a UNorm format. Use a UNorm format instead of sRGB to silence this warning.
UnityEngine.StackTraceUtility:ExtractStackTrace ()
UnityEngine.RenderTexture:set_active (UnityEngine.RenderTexture)
UnityEditor.SpriteInspector:BuildPreviewTexture (UnityEngine.Sprite,UnityEngine.Material,bool,int,int,UnityEngine.Color,UnityEngine.Matrix4x4)
UnityEditor.SpriteInspector:BuildPreviewTexture (UnityEngine.Sprite,UnityEngine.Material,bool,int,int)
UnityEditor.SpriteInspector:RenderStaticPreview (string,UnityEngine.Object[],int,int)
UnityEditor.AssetPreviewUpdater:CreatePreview (UnityEngine.Object,UnityEngine.Object[],string,int,int)
UnityEditor.AssetPreviewUpdater:CreatePreviewForAsset (UnityEngine.Object,UnityEngine.Object[],string)

[C:\build\output\unity\unity\Runtime\Graphics\RenderTexture.cpp line 1145]

Requested RenderTexture with sRGB format. sRGB formats are not supported in gamma mode, fallback to a UNorm format. Use a UNorm format instead of sRGB to silence this warning.
UnityEngine.StackTraceUtility:ExtractStackTrace ()
UnityEngine.RenderTexture:set_active (UnityEngine.RenderTexture)
UnityEditor.SpriteInspector:BuildPreviewTexture (UnityEngine.Sprite,UnityEngine.Material,bool,int,int,UnityEngine.Color,UnityEngine.Matrix4x4)
UnityEditor.SpriteInspector:BuildPreviewTexture (UnityEngine.Sprite,UnityEngine.Material,bool,int,int)
UnityEditor.SpriteInspector:RenderStaticPreview (string,UnityEngine.Object[],int,int)
UnityEditor.AssetPreviewUpdater:CreatePreview (UnityEngine.Object,UnityEngine.Object[],string,int,int)
UnityEditor.AssetPreviewUpdater:CreatePreviewForAsset (UnityEngine.Object,UnityEngine.Object[],string)

[C:\build\output\unity\unity\Runtime\Graphics\RenderTexture.cpp line 1145]

Requested RenderTexture with sRGB format. sRGB formats are not supported in gamma mode, fallback to a UNorm format. Use a UNorm format instead of sRGB to silence this warning.
UnityEngine.StackTraceUtility:ExtractStackTrace ()
UnityEngine.RenderTexture:set_active (UnityEngine.RenderTexture)
UnityEditor.SpriteInspector:BuildPreviewTexture (UnityEngine.Sprite,UnityEngine.Material,bool,int,int,UnityEngine.Color,UnityEngine.Matrix4x4)
UnityEditor.SpriteInspector:BuildPreviewTexture (UnityEngine.Sprite,UnityEngine.Material,bool,int,int)
UnityEditor.SpriteInspector:RenderStaticPreview (string,UnityEngine.Object[],int,int)
UnityEditor.AssetPreviewUpdater:CreatePreview (UnityEngine.Object,UnityEngine.Object[],string,int,int)
UnityEditor.AssetPreviewUpdater:CreatePreviewForAsset (UnityEngine.Object,UnityEngine.Object[],string)

[C:\build\output\unity\unity\Runtime\Graphics\RenderTexture.cpp line 1145]

Requested RenderTexture with sRGB format. sRGB formats are not supported in gamma mode, fallback to a UNorm format. Use a UNorm format instead of sRGB to silence this warning.
UnityEngine.StackTraceUtility:ExtractStackTrace ()
UnityEngine.RenderTexture:set_active (UnityEngine.RenderTexture)
UnityEditor.SpriteInspector:BuildPreviewTexture (UnityEngine.Sprite,UnityEngine.Material,bool,int,int,UnityEngine.Color,UnityEngine.Matrix4x4)
UnityEditor.SpriteInspector:BuildPreviewTexture (UnityEngine.Sprite,UnityEngine.Material,bool,int,int)
UnityEditor.SpriteInspector:RenderStaticPreview (string,UnityEngine.Object[],int,int)
UnityEditor.AssetPreviewUpdater:CreatePreview (UnityEngine.Object,UnityEngine.Object[],string,int,int)
UnityEditor.AssetPreviewUpdater:CreatePreviewForAsset (UnityEngine.Object,UnityEngine.Object[],string)

[C:\build\output\unity\unity\Runtime\Graphics\RenderTexture.cpp line 1145]

Requested RenderTexture with sRGB format. sRGB formats are not supported in gamma mode, fallback to a UNorm format. Use a UNorm format instead of sRGB to silence this warning.
UnityEngine.StackTraceUtility:ExtractStackTrace ()
UnityEngine.RenderTexture:set_active (UnityEngine.RenderTexture)
UnityEditor.SpriteInspector:BuildPreviewTexture (UnityEngine.Sprite,UnityEngine.Material,bool,int,int,UnityEngine.Color,UnityEngine.Matrix4x4)
UnityEditor.SpriteInspector:BuildPreviewTexture (UnityEngine.Sprite,UnityEngine.Material,bool,int,int)
UnityEditor.SpriteInspector:RenderStaticPreview (string,UnityEngine.Object[],int,int)
UnityEditor.AssetPreviewUpdater:CreatePreview (UnityEngine.Object,UnityEngine.Object[],string,int,int)
UnityEditor.AssetPreviewUpdater:CreatePreviewForAsset (UnityEngine.Object,UnityEngine.Object[],string)

[C:\build\output\unity\unity\Runtime\Graphics\RenderTexture.cpp line 1145]

Requested RenderTexture with sRGB format. sRGB formats are not supported in gamma mode, fallback to a UNorm format. Use a UNorm format instead of sRGB to silence this warning.
UnityEngine.StackTraceUtility:ExtractStackTrace ()
UnityEngine.RenderTexture:set_active (UnityEngine.RenderTexture)
UnityEditor.SpriteInspector:BuildPreviewTexture (UnityEngine.Sprite,UnityEngine.Material,bool,int,int,UnityEngine.Color,UnityEngine.Matrix4x4)
UnityEditor.SpriteInspector:BuildPreviewTexture (UnityEngine.Sprite,UnityEngine.Material,bool,int,int)
UnityEditor.SpriteInspector:RenderStaticPreview (string,UnityEngine.Object[],int,int)
UnityEditor.AssetPreviewUpdater:CreatePreview (UnityEngine.Object,UnityEngine.Object[],string,int,int)
UnityEditor.AssetPreviewUpdater:CreatePreviewForAsset (UnityEngine.Object,UnityEngine.Object[],string)

[C:\build\output\unity\unity\Runtime\Graphics\RenderTexture.cpp line 1145]

Requested RenderTexture with sRGB format. sRGB formats are not supported in gamma mode, fallback to a UNorm format. Use a UNorm format instead of sRGB to silence this warning.
UnityEngine.StackTraceUtility:ExtractStackTrace ()
UnityEngine.RenderTexture:set_active (UnityEngine.RenderTexture)
UnityEditor.SpriteInspector:BuildPreviewTexture (UnityEngine.Sprite,UnityEngine.Material,bool,int,int,UnityEngine.Color,UnityEngine.Matrix4x4)
UnityEditor.SpriteInspector:BuildPreviewTexture (UnityEngine.Sprite,UnityEngine.Material,bool,int,int)
UnityEditor.SpriteInspector:RenderStaticPreview (string,UnityEngine.Object[],int,int)
UnityEditor.AssetPreviewUpdater:CreatePreview (UnityEngine.Object,UnityEngine.Object[],string,int,int)
UnityEditor.AssetPreviewUpdater:CreatePreviewForAsset (UnityEngine.Object,UnityEngine.Object[],string)

[C:\build\output\unity\unity\Runtime\Graphics\RenderTexture.cpp line 1145]

Requested RenderTexture with sRGB format. sRGB formats are not supported in gamma mode, fallback to a UNorm format. Use a UNorm format instead of sRGB to silence this warning.
UnityEngine.StackTraceUtility:ExtractStackTrace ()
UnityEngine.RenderTexture:set_active (UnityEngine.RenderTexture)
UnityEditor.SpriteInspector:BuildPreviewTexture (UnityEngine.Sprite,UnityEngine.Material,bool,int,int,UnityEngine.Color,UnityEngine.Matrix4x4)
UnityEditor.SpriteInspector:BuildPreviewTexture (UnityEngine.Sprite,UnityEngine.Material,bool,int,int)
UnityEditor.SpriteInspector:RenderStaticPreview (string,UnityEngine.Object[],int,int)
UnityEditor.AssetPreviewUpdater:CreatePreview (UnityEngine.Object,UnityEngine.Object[],string,int,int)
UnityEditor.AssetPreviewUpdater:CreatePreviewForAsset (UnityEngine.Object,UnityEngine.Object[],string)

[C:\build\output\unity\unity\Runtime\Graphics\RenderTexture.cpp line 1145]

Requested RenderTexture with sRGB format. sRGB formats are not supported in gamma mode, fallback to a UNorm format. Use a UNorm format instead of sRGB to silence this warning.
UnityEngine.StackTraceUtility:ExtractStackTrace ()
UnityEngine.RenderTexture:set_active (UnityEngine.RenderTexture)
UnityEditor.SpriteInspector:BuildPreviewTexture (UnityEngine.Sprite,UnityEngine.Material,bool,int,int,UnityEngine.Color,UnityEngine.Matrix4x4)
UnityEditor.SpriteInspector:BuildPreviewTexture (UnityEngine.Sprite,UnityEngine.Material,bool,int,int)
UnityEditor.SpriteInspector:RenderStaticPreview (string,UnityEngine.Object[],int,int)
UnityEditor.AssetPreviewUpdater:CreatePreview (UnityEngine.Object,UnityEngine.Object[],string,int,int)
UnityEditor.AssetPreviewUpdater:CreatePreviewForAsset (UnityEngine.Object,UnityEngine.Object[],string)

[C:\build\output\unity\unity\Runtime\Graphics\RenderTexture.cpp line 1145]

Requested RenderTexture with sRGB format. sRGB formats are not supported in gamma mode, fallback to a UNorm format. Use a UNorm format instead of sRGB to silence this warning.
UnityEngine.StackTraceUtility:ExtractStackTrace ()
UnityEngine.RenderTexture:set_active (UnityEngine.RenderTexture)
UnityEditor.SpriteInspector:BuildPreviewTexture (UnityEngine.Sprite,UnityEngine.Material,bool,int,int,UnityEngine.Color,UnityEngine.Matrix4x4)
UnityEditor.SpriteInspector:BuildPreviewTexture (UnityEngine.Sprite,UnityEngine.Material,bool,int,int)
UnityEditor.SpriteInspector:RenderStaticPreview (string,UnityEngine.Object[],int,int)
UnityEditor.AssetPreviewUpdater:CreatePreview (UnityEngine.Object,UnityEngine.Object[],string,int,int)
UnityEditor.AssetPreviewUpdater:CreatePreviewForAsset (UnityEngine.Object,UnityEngine.Object[],string)

[C:\build\output\unity\unity\Runtime\Graphics\RenderTexture.cpp line 1145]

Requested RenderTexture with sRGB format. sRGB formats are not supported in gamma mode, fallback to a UNorm format. Use a UNorm format instead of sRGB to silence this warning.
UnityEngine.StackTraceUtility:ExtractStackTrace ()
UnityEngine.RenderTexture:set_active (UnityEngine.RenderTexture)
UnityEditor.SpriteInspector:BuildPreviewTexture (UnityEngine.Sprite,UnityEngine.Material,bool,int,int,UnityEngine.Color,UnityEngine.Matrix4x4)
UnityEditor.SpriteInspector:BuildPreviewTexture (UnityEngine.Sprite,UnityEngine.Material,bool,int,int)
UnityEditor.SpriteInspector:RenderStaticPreview (string,UnityEngine.Object[],int,int)
UnityEditor.AssetPreviewUpdater:CreatePreview (UnityEngine.Object,UnityEngine.Object[],string,int,int)
UnityEditor.AssetPreviewUpdater:CreatePreviewForAsset (UnityEngine.Object,UnityEngine.Object[],string)

[C:\build\output\unity\unity\Runtime\Graphics\RenderTexture.cpp line 1145]

Requested RenderTexture with sRGB format. sRGB formats are not supported in gamma mode, fallback to a UNorm format. Use a UNorm format instead of sRGB to silence this warning.
UnityEngine.StackTraceUtility:ExtractStackTrace ()
UnityEngine.RenderTexture:set_active (UnityEngine.RenderTexture)
UnityEditor.SpriteInspector:BuildPreviewTexture (UnityEngine.Sprite,UnityEngine.Material,bool,int,int,UnityEngine.Color,UnityEngine.Matrix4x4)
UnityEditor.SpriteInspector:BuildPreviewTexture (UnityEngine.Sprite,UnityEngine.Material,bool,int,int)
UnityEditor.SpriteInspector:RenderStaticPreview (string,UnityEngine.Object[],int,int)
UnityEditor.AssetPreviewUpdater:CreatePreview (UnityEngine.Object,UnityEngine.Object[],string,int,int)
UnityEditor.AssetPreviewUpdater:CreatePreviewForAsset (UnityEngine.Object,UnityEngine.Object[],string)

[C:\build\output\unity\unity\Runtime\Graphics\RenderTexture.cpp line 1145]

Requested RenderTexture with sRGB format. sRGB formats are not supported in gamma mode, fallback to a UNorm format. Use a UNorm format instead of sRGB to silence this warning.
UnityEngine.StackTraceUtility:ExtractStackTrace ()
UnityEngine.RenderTexture:set_active (UnityEngine.RenderTexture)
UnityEditor.SpriteInspector:BuildPreviewTexture (UnityEngine.Sprite,UnityEngine.Material,bool,int,int,UnityEngine.Color,UnityEngine.Matrix4x4)
UnityEditor.SpriteInspector:BuildPreviewTexture (UnityEngine.Sprite,UnityEngine.Material,bool,int,int)
UnityEditor.SpriteInspector:RenderStaticPreview (string,UnityEngine.Object[],int,int)
UnityEditor.AssetPreviewUpdater:CreatePreview (UnityEngine.Object,UnityEngine.Object[],string,int,int)
UnityEditor.AssetPreviewUpdater:CreatePreviewForAsset (UnityEngine.Object,UnityEngine.Object[],string)

[C:\build\output\unity\unity\Runtime\Graphics\RenderTexture.cpp line 1145]

Requested RenderTexture with sRGB format. sRGB formats are not supported in gamma mode, fallback to a UNorm format. Use a UNorm format instead of sRGB to silence this warning.
UnityEngine.StackTraceUtility:ExtractStackTrace ()
UnityEngine.RenderTexture:set_active (UnityEngine.RenderTexture)
UnityEditor.SpriteInspector:BuildPreviewTexture (UnityEngine.Sprite,UnityEngine.Material,bool,int,int,UnityEngine.Color,UnityEngine.Matrix4x4)
UnityEditor.SpriteInspector:BuildPreviewTexture (UnityEngine.Sprite,UnityEngine.Material,bool,int,int)
UnityEditor.SpriteInspector:RenderStaticPreview (string,UnityEngine.Object[],int,int)
UnityEditor.AssetPreviewUpdater:CreatePreview (UnityEngine.Object,UnityEngine.Object[],string,int,int)
UnityEditor.AssetPreviewUpdater:CreatePreviewForAsset (UnityEngine.Object,UnityEngine.Object[],string)

[C:\build\output\unity\unity\Runtime\Graphics\RenderTexture.cpp line 1145]

Requested RenderTexture with sRGB format. sRGB formats are not supported in gamma mode, fallback to a UNorm format. Use a UNorm format instead of sRGB to silence this warning.
UnityEngine.StackTraceUtility:ExtractStackTrace ()
UnityEngine.RenderTexture:set_active (UnityEngine.RenderTexture)
UnityEditor.SpriteInspector:BuildPreviewTexture (UnityEngine.Sprite,UnityEngine.Material,bool,int,int,UnityEngine.Color,UnityEngine.Matrix4x4)
UnityEditor.SpriteInspector:BuildPreviewTexture (UnityEngine.Sprite,UnityEngine.Material,bool,int,int)
UnityEditor.SpriteInspector:RenderStaticPreview (string,UnityEngine.Object[],int,int)
UnityEditor.AssetPreviewUpdater:CreatePreview (UnityEngine.Object,UnityEngine.Object[],string,int,int)
UnityEditor.AssetPreviewUpdater:CreatePreviewForAsset (UnityEngine.Object,UnityEngine.Object[],string)

[C:\build\output\unity\unity\Runtime\Graphics\RenderTexture.cpp line 1145]

Requested RenderTexture with sRGB format. sRGB formats are not supported in gamma mode, fallback to a UNorm format. Use a UNorm format instead of sRGB to silence this warning.
UnityEngine.StackTraceUtility:ExtractStackTrace ()
UnityEngine.RenderTexture:set_active (UnityEngine.RenderTexture)
UnityEditor.SpriteInspector:BuildPreviewTexture (UnityEngine.Sprite,UnityEngine.Material,bool,int,int,UnityEngine.Color,UnityEngine.Matrix4x4)
UnityEditor.SpriteInspector:BuildPreviewTexture (UnityEngine.Sprite,UnityEngine.Material,bool,int,int)
UnityEditor.SpriteInspector:RenderStaticPreview (string,UnityEngine.Object[],int,int)
UnityEditor.AssetPreviewUpdater:CreatePreview (UnityEngine.Object,UnityEngine.Object[],string,int,int)
UnityEditor.AssetPreviewUpdater:CreatePreviewForAsset (UnityEngine.Object,UnityEngine.Object[],string)

[C:\build\output\unity\unity\Runtime\Graphics\RenderTexture.cpp line 1145]

Requested RenderTexture with sRGB format. sRGB formats are not supported in gamma mode, fallback to a UNorm format. Use a UNorm format instead of sRGB to silence this warning.
UnityEngine.StackTraceUtility:ExtractStackTrace ()
UnityEngine.RenderTexture:set_active (UnityEngine.RenderTexture)
UnityEditor.SpriteInspector:BuildPreviewTexture (UnityEngine.Sprite,UnityEngine.Material,bool,int,int,UnityEngine.Color,UnityEngine.Matrix4x4)
UnityEditor.SpriteInspector:BuildPreviewTexture (UnityEngine.Sprite,UnityEngine.Material,bool,int,int)
UnityEditor.SpriteInspector:RenderStaticPreview (string,UnityEngine.Object[],int,int)
UnityEditor.AssetPreviewUpdater:CreatePreview (UnityEngine.Object,UnityEngine.Object[],string,int,int)
UnityEditor.AssetPreviewUpdater:CreatePreviewForAsset (UnityEngine.Object,UnityEngine.Object[],string)

[C:\build\output\unity\unity\Runtime\Graphics\RenderTexture.cpp line 1145]

Requested RenderTexture with sRGB format. sRGB formats are not supported in gamma mode, fallback to a UNorm format. Use a UNorm format instead of sRGB to silence this warning.
UnityEngine.StackTraceUtility:ExtractStackTrace ()
UnityEngine.RenderTexture:set_active (UnityEngine.RenderTexture)
UnityEditor.SpriteInspector:BuildPreviewTexture (UnityEngine.Sprite,UnityEngine.Material,bool,int,int,UnityEngine.Color,UnityEngine.Matrix4x4)
UnityEditor.SpriteInspector:BuildPreviewTexture (UnityEngine.Sprite,UnityEngine.Material,bool,int,int)
UnityEditor.SpriteInspector:RenderStaticPreview (string,UnityEngine.Object[],int,int)
UnityEditor.AssetPreviewUpdater:CreatePreview (UnityEngine.Object,UnityEngine.Object[],string,int,int)
UnityEditor.AssetPreviewUpdater:CreatePreviewForAsset (UnityEngine.Object,UnityEngine.Object[],string)

[C:\build\output\unity\unity\Runtime\Graphics\RenderTexture.cpp line 1145]

Requested RenderTexture with sRGB format. sRGB formats are not supported in gamma mode, fallback to a UNorm format. Use a UNorm format instead of sRGB to silence this warning.
UnityEngine.StackTraceUtility:ExtractStackTrace ()
UnityEngine.RenderTexture:set_active (UnityEngine.RenderTexture)
UnityEditor.SpriteInspector:BuildPreviewTexture (UnityEngine.Sprite,UnityEngine.Material,bool,int,int,UnityEngine.Color,UnityEngine.Matrix4x4)
UnityEditor.SpriteInspector:BuildPreviewTexture (UnityEngine.Sprite,UnityEngine.Material,bool,int,int)
UnityEditor.SpriteInspector:RenderStaticPreview (string,UnityEngine.Object[],int,int)
UnityEditor.AssetPreviewUpdater:CreatePreview (UnityEngine.Object,UnityEngine.Object[],string,int,int)
UnityEditor.AssetPreviewUpdater:CreatePreviewForAsset (UnityEngine.Object,UnityEngine.Object[],string)

[C:\build\output\unity\unity\Runtime\Graphics\RenderTexture.cpp line 1145]

Requested RenderTexture with sRGB format. sRGB formats are not supported in gamma mode, fallback to a UNorm format. Use a UNorm format instead of sRGB to silence this warning.
UnityEngine.StackTraceUtility:ExtractStackTrace ()
UnityEngine.RenderTexture:set_active (UnityEngine.RenderTexture)
UnityEditor.SpriteInspector:BuildPreviewTexture (UnityEngine.Sprite,UnityEngine.Material,bool,int,int,UnityEngine.Color,UnityEngine.Matrix4x4)
UnityEditor.SpriteInspector:BuildPreviewTexture (UnityEngine.Sprite,UnityEngine.Material,bool,int,int)
UnityEditor.SpriteInspector:RenderStaticPreview (string,UnityEngine.Object[],int,int)
UnityEditor.AssetPreviewUpdater:CreatePreview (UnityEngine.Object,UnityEngine.Object[],string,int,int)
UnityEditor.AssetPreviewUpdater:CreatePreviewForAsset (UnityEngine.Object,UnityEngine.Object[],string)

[C:\build\output\unity\unity\Runtime\Graphics\RenderTexture.cpp line 1145]

Requested RenderTexture with sRGB format. sRGB formats are not supported in gamma mode, fallback to a UNorm format. Use a UNorm format instead of sRGB to silence this warning.
UnityEngine.StackTraceUtility:ExtractStackTrace ()
UnityEngine.RenderTexture:set_active (UnityEngine.RenderTexture)
UnityEditor.SpriteInspector:BuildPreviewTexture (UnityEngine.Sprite,UnityEngine.Material,bool,int,int,UnityEngine.Color,UnityEngine.Matrix4x4)
UnityEditor.SpriteInspector:BuildPreviewTexture (UnityEngine.Sprite,UnityEngine.Material,bool,int,int)
UnityEditor.SpriteInspector:RenderStaticPreview (string,UnityEngine.Object[],int,int)
UnityEditor.AssetPreviewUpdater:CreatePreview (UnityEngine.Object,UnityEngine.Object[],string,int,int)
UnityEditor.AssetPreviewUpdater:CreatePreviewForAsset (UnityEngine.Object,UnityEngine.Object[],string)

[C:\build\output\unity\unity\Runtime\Graphics\RenderTexture.cpp line 1145]

Requested RenderTexture with sRGB format. sRGB formats are not supported in gamma mode, fallback to a UNorm format. Use a UNorm format instead of sRGB to silence this warning.
UnityEngine.StackTraceUtility:ExtractStackTrace ()
UnityEngine.RenderTexture:set_active (UnityEngine.RenderTexture)
UnityEditor.SpriteInspector:BuildPreviewTexture (UnityEngine.Sprite,UnityEngine.Material,bool,int,int,UnityEngine.Color,UnityEngine.Matrix4x4)
UnityEditor.SpriteInspector:BuildPreviewTexture (UnityEngine.Sprite,UnityEngine.Material,bool,int,int)
UnityEditor.SpriteInspector:RenderStaticPreview (string,UnityEngine.Object[],int,int)
UnityEditor.AssetPreviewUpdater:CreatePreview (UnityEngine.Object,UnityEngine.Object[],string,int,int)
UnityEditor.AssetPreviewUpdater:CreatePreviewForAsset (UnityEngine.Object,UnityEngine.Object[],string)

[C:\build\output\unity\unity\Runtime\Graphics\RenderTexture.cpp line 1145]

Requested RenderTexture with sRGB format. sRGB formats are not supported in gamma mode, fallback to a UNorm format. Use a UNorm format instead of sRGB to silence this warning.
UnityEngine.StackTraceUtility:ExtractStackTrace ()
UnityEngine.RenderTexture:set_active (UnityEngine.RenderTexture)
UnityEditor.SpriteInspector:BuildPreviewTexture (UnityEngine.Sprite,UnityEngine.Material,bool,int,int,UnityEngine.Color,UnityEngine.Matrix4x4)
UnityEditor.SpriteInspector:BuildPreviewTexture (UnityEngine.Sprite,UnityEngine.Material,bool,int,int)
UnityEditor.SpriteInspector:RenderStaticPreview (string,UnityEngine.Object[],int,int)
UnityEditor.AssetPreviewUpdater:CreatePreview (UnityEngine.Object,UnityEngine.Object[],string,int,int)
UnityEditor.AssetPreviewUpdater:CreatePreviewForAsset (UnityEngine.Object,UnityEngine.Object[],string)

[C:\build\output\unity\unity\Runtime\Graphics\RenderTexture.cpp line 1145]

Requested RenderTexture with sRGB format. sRGB formats are not supported in gamma mode, fallback to a UNorm format. Use a UNorm format instead of sRGB to silence this warning.
UnityEngine.StackTraceUtility:ExtractStackTrace ()
UnityEngine.RenderTexture:set_active (UnityEngine.RenderTexture)
UnityEditor.SpriteInspector:BuildPreviewTexture (UnityEngine.Sprite,UnityEngine.Material,bool,int,int,UnityEngine.Color,UnityEngine.Matrix4x4)
UnityEditor.SpriteInspector:BuildPreviewTexture (UnityEngine.Sprite,UnityEngine.Material,bool,int,int)
UnityEditor.SpriteInspector:RenderStaticPreview (string,UnityEngine.Object[],int,int)
UnityEditor.AssetPreviewUpdater:CreatePreview (UnityEngine.Object,UnityEngine.Object[],string,int,int)
UnityEditor.AssetPreviewUpdater:CreatePreviewForAsset (UnityEngine.Object,UnityEngine.Object[],string)

[C:\build\output\unity\unity\Runtime\Graphics\RenderTexture.cpp line 1145]

Requested RenderTexture with sRGB format. sRGB formats are not supported in gamma mode, fallback to a UNorm format. Use a UNorm format instead of sRGB to silence this warning.
UnityEngine.StackTraceUtility:ExtractStackTrace ()
UnityEngine.RenderTexture:set_active (UnityEngine.RenderTexture)
UnityEditor.SpriteInspector:BuildPreviewTexture (UnityEngine.Sprite,UnityEngine.Material,bool,int,int,UnityEngine.Color,UnityEngine.Matrix4x4)
UnityEditor.SpriteInspector:BuildPreviewTexture (UnityEngine.Sprite,UnityEngine.Material,bool,int,int)
UnityEditor.SpriteInspector:RenderStaticPreview (string,UnityEngine.Object[],int,int)
UnityEditor.AssetPreviewUpdater:CreatePreview (UnityEngine.Object,UnityEngine.Object[],string,int,int)
UnityEditor.AssetPreviewUpdater:CreatePreviewForAsset (UnityEngine.Object,UnityEngine.Object[],string)

[C:\build\output\unity\unity\Runtime\Graphics\RenderTexture.cpp line 1145]

Requested RenderTexture with sRGB format. sRGB formats are not supported in gamma mode, fallback to a UNorm format. Use a UNorm format instead of sRGB to silence this warning.
UnityEngine.StackTraceUtility:ExtractStackTrace ()
UnityEngine.RenderTexture:set_active (UnityEngine.RenderTexture)
UnityEditor.SpriteInspector:BuildPreviewTexture (UnityEngine.Sprite,UnityEngine.Material,bool,int,int,UnityEngine.Color,UnityEngine.Matrix4x4)
UnityEditor.SpriteInspector:BuildPreviewTexture (UnityEngine.Sprite,UnityEngine.Material,bool,int,int)
UnityEditor.SpriteInspector:RenderStaticPreview (string,UnityEngine.Object[],int,int)
UnityEditor.AssetPreviewUpdater:CreatePreview (UnityEngine.Object,UnityEngine.Object[],string,int,int)
UnityEditor.AssetPreviewUpdater:CreatePreviewForAsset (UnityEngine.Object,UnityEngine.Object[],string)

[C:\build\output\unity\unity\Runtime\Graphics\RenderTexture.cpp line 1145]

Requested RenderTexture with sRGB format. sRGB formats are not supported in gamma mode, fallback to a UNorm format. Use a UNorm format instead of sRGB to silence this warning.
UnityEngine.StackTraceUtility:ExtractStackTrace ()
UnityEngine.RenderTexture:set_active (UnityEngine.RenderTexture)
UnityEditor.SpriteInspector:BuildPreviewTexture (UnityEngine.Sprite,UnityEngine.Material,bool,int,int,UnityEngine.Color,UnityEngine.Matrix4x4)
UnityEditor.SpriteInspector:BuildPreviewTexture (UnityEngine.Sprite,UnityEngine.Material,bool,int,int)
UnityEditor.SpriteInspector:RenderStaticPreview (string,UnityEngine.Object[],int,int)
UnityEditor.AssetPreviewUpdater:CreatePreview (UnityEngine.Object,UnityEngine.Object[],string,int,int)
UnityEditor.AssetPreviewUpdater:CreatePreviewForAsset (UnityEngine.Object,UnityEngine.Object[],string)

[C:\build\output\unity\unity\Runtime\Graphics\RenderTexture.cpp line 1145]

Requested RenderTexture with sRGB format. sRGB formats are not supported in gamma mode, fallback to a UNorm format. Use a UNorm format instead of sRGB to silence this warning.
UnityEngine.StackTraceUtility:ExtractStackTrace ()
UnityEngine.RenderTexture:set_active (UnityEngine.RenderTexture)
UnityEditor.SpriteInspector:BuildPreviewTexture (UnityEngine.Sprite,UnityEngine.Material,bool,int,int,UnityEngine.Color,UnityEngine.Matrix4x4)
UnityEditor.SpriteInspector:BuildPreviewTexture (UnityEngine.Sprite,UnityEngine.Material,bool,int,int)
UnityEditor.SpriteInspector:RenderStaticPreview (string,UnityEngine.Object[],int,int)
UnityEditor.AssetPreviewUpdater:CreatePreview (UnityEngine.Object,UnityEngine.Object[],string,int,int)
UnityEditor.AssetPreviewUpdater:CreatePreviewForAsset (UnityEngine.Object,UnityEngine.Object[],string)

[C:\build\output\unity\unity\Runtime\Graphics\RenderTexture.cpp line 1145]

Requested RenderTexture with sRGB format. sRGB formats are not supported in gamma mode, fallback to a UNorm format. Use a UNorm format instead of sRGB to silence this warning.
UnityEngine.StackTraceUtility:ExtractStackTrace ()
UnityEngine.RenderTexture:set_active (UnityEngine.RenderTexture)
UnityEditor.SpriteInspector:BuildPreviewTexture (UnityEngine.Sprite,UnityEngine.Material,bool,int,int,UnityEngine.Color,UnityEngine.Matrix4x4)
UnityEditor.SpriteInspector:BuildPreviewTexture (UnityEngine.Sprite,UnityEngine.Material,bool,int,int)
UnityEditor.SpriteInspector:RenderStaticPreview (string,UnityEngine.Object[],int,int)
UnityEditor.AssetPreviewUpdater:CreatePreview (UnityEngine.Object,UnityEngine.Object[],string,int,int)
UnityEditor.AssetPreviewUpdater:CreatePreviewForAsset (UnityEngine.Object,UnityEngine.Object[],string)

[C:\build\output\unity\unity\Runtime\Graphics\RenderTexture.cpp line 1145]

 -> (artifact id: '09710d6f76a06297bdc4096eb48242ca') in 0.135593 seconds
Number of updated asset objects reloaded before import = 0
Number of asset objects unloaded after import = 50
========================================================================
Received Import Request.
  Time since last request: 0.000014 seconds.
  path: Assets/Cainos/Pixel Art Top Down - Basic/Texture/TX Shadow Plant.png
  artifactKey: Guid(8501e10b1eafde34586080ba342fdc0e) Importer(815301076,1909f56bfc062723c751e8b465ee728b)
Start importing Assets/Cainos/Pixel Art Top Down - Basic/Texture/TX Shadow Plant.png using Guid(8501e10b1eafde34586080ba342fdc0e) Importer(815301076,1909f56bfc062723c751e8b465ee728b) Requested RenderTexture with sRGB format. sRGB formats are not supported in gamma mode, fallback to a UNorm format. Use a UNorm format instead of sRGB to silence this warning.
UnityEngine.StackTraceUtility:ExtractStackTrace ()
UnityEngine.RenderTexture:set_active (UnityEngine.RenderTexture)
UnityEditor.SpriteInspector:BuildPreviewTexture (UnityEngine.Sprite,UnityEngine.Material,bool,int,int,UnityEngine.Color,UnityEngine.Matrix4x4)
UnityEditor.SpriteInspector:BuildPreviewTexture (UnityEngine.Sprite,UnityEngine.Material,bool,int,int)
UnityEditor.SpriteInspector:RenderStaticPreview (string,UnityEngine.Object[],int,int)
UnityEditor.AssetPreviewUpdater:CreatePreview (UnityEngine.Object,UnityEngine.Object[],string,int,int)
UnityEditor.AssetPreviewUpdater:CreatePreviewForAsset (UnityEngine.Object,UnityEngine.Object[],string)

[C:\build\output\unity\unity\Runtime\Graphics\RenderTexture.cpp line 1145]

Requested RenderTexture with sRGB format. sRGB formats are not supported in gamma mode, fallback to a UNorm format. Use a UNorm format instead of sRGB to silence this warning.
UnityEngine.StackTraceUtility:ExtractStackTrace ()
UnityEngine.RenderTexture:set_active (UnityEngine.RenderTexture)
UnityEditor.SpriteInspector:BuildPreviewTexture (UnityEngine.Sprite,UnityEngine.Material,bool,int,int,UnityEngine.Color,UnityEngine.Matrix4x4)
UnityEditor.SpriteInspector:BuildPreviewTexture (UnityEngine.Sprite,UnityEngine.Material,bool,int,int)
UnityEditor.SpriteInspector:RenderStaticPreview (string,UnityEngine.Object[],int,int)
UnityEditor.AssetPreviewUpdater:CreatePreview (UnityEngine.Object,UnityEngine.Object[],string,int,int)
UnityEditor.AssetPreviewUpdater:CreatePreviewForAsset (UnityEngine.Object,UnityEngine.Object[],string)

[C:\build\output\unity\unity\Runtime\Graphics\RenderTexture.cpp line 1145]

Requested RenderTexture with sRGB format. sRGB formats are not supported in gamma mode, fallback to a UNorm format. Use a UNorm format instead of sRGB to silence this warning.
UnityEngine.StackTraceUtility:ExtractStackTrace ()
UnityEngine.RenderTexture:set_active (UnityEngine.RenderTexture)
UnityEditor.SpriteInspector:BuildPreviewTexture (UnityEngine.Sprite,UnityEngine.Material,bool,int,int,UnityEngine.Color,UnityEngine.Matrix4x4)
UnityEditor.SpriteInspector:BuildPreviewTexture (UnityEngine.Sprite,UnityEngine.Material,bool,int,int)
UnityEditor.SpriteInspector:RenderStaticPreview (string,UnityEngine.Object[],int,int)
UnityEditor.AssetPreviewUpdater:CreatePreview (UnityEngine.Object,UnityEngine.Object[],string,int,int)
UnityEditor.AssetPreviewUpdater:CreatePreviewForAsset (UnityEngine.Object,UnityEngine.Object[],string)

[C:\build\output\unity\unity\Runtime\Graphics\RenderTexture.cpp line 1145]

Requested RenderTexture with sRGB format. sRGB formats are not supported in gamma mode, fallback to a UNorm format. Use a UNorm format instead of sRGB to silence this warning.
UnityEngine.StackTraceUtility:ExtractStackTrace ()
UnityEngine.RenderTexture:set_active (UnityEngine.RenderTexture)
UnityEditor.SpriteInspector:BuildPreviewTexture (UnityEngine.Sprite,UnityEngine.Material,bool,int,int,UnityEngine.Color,UnityEngine.Matrix4x4)
UnityEditor.SpriteInspector:BuildPreviewTexture (UnityEngine.Sprite,UnityEngine.Material,bool,int,int)
UnityEditor.SpriteInspector:RenderStaticPreview (string,UnityEngine.Object[],int,int)
UnityEditor.AssetPreviewUpdater:CreatePreview (UnityEngine.Object,UnityEngine.Object[],string,int,int)
UnityEditor.AssetPreviewUpdater:CreatePreviewForAsset (UnityEngine.Object,UnityEngine.Object[],string)

[C:\build\output\unity\unity\Runtime\Graphics\RenderTexture.cpp line 1145]

Requested RenderTexture with sRGB format. sRGB formats are not supported in gamma mode, fallback to a UNorm format. Use a UNorm format instead of sRGB to silence this warning.
UnityEngine.StackTraceUtility:ExtractStackTrace ()
UnityEngine.RenderTexture:set_active (UnityEngine.RenderTexture)
UnityEditor.SpriteInspector:BuildPreviewTexture (UnityEngine.Sprite,UnityEngine.Material,bool,int,int,UnityEngine.Color,UnityEngine.Matrix4x4)
UnityEditor.SpriteInspector:BuildPreviewTexture (UnityEngine.Sprite,UnityEngine.Material,bool,int,int)
UnityEditor.SpriteInspector:RenderStaticPreview (string,UnityEngine.Object[],int,int)
UnityEditor.AssetPreviewUpdater:CreatePreview (UnityEngine.Object,UnityEngine.Object[],string,int,int)
UnityEditor.AssetPreviewUpdater:CreatePreviewForAsset (UnityEngine.Object,UnityEngine.Object[],string)

[C:\build\output\unity\unity\Runtime\Graphics\RenderTexture.cpp line 1145]

Requested RenderTexture with sRGB format. sRGB formats are not supported in gamma mode, fallback to a UNorm format. Use a UNorm format instead of sRGB to silence this warning.
UnityEngine.StackTraceUtility:ExtractStackTrace ()
UnityEngine.RenderTexture:set_active (UnityEngine.RenderTexture)
UnityEditor.SpriteInspector:BuildPreviewTexture (UnityEngine.Sprite,UnityEngine.Material,bool,int,int,UnityEngine.Color,UnityEngine.Matrix4x4)
UnityEditor.SpriteInspector:BuildPreviewTexture (UnityEngine.Sprite,UnityEngine.Material,bool,int,int)
UnityEditor.SpriteInspector:RenderStaticPreview (string,UnityEngine.Object[],int,int)
UnityEditor.AssetPreviewUpdater:CreatePreview (UnityEngine.Object,UnityEngine.Object[],string,int,int)
UnityEditor.AssetPreviewUpdater:CreatePreviewForAsset (UnityEngine.Object,UnityEngine.Object[],string)

[C:\build\output\unity\unity\Runtime\Graphics\RenderTexture.cpp line 1145]

Requested RenderTexture with sRGB format. sRGB formats are not supported in gamma mode, fallback to a UNorm format. Use a UNorm format instead of sRGB to silence this warning.
UnityEngine.StackTraceUtility:ExtractStackTrace ()
UnityEngine.RenderTexture:set_active (UnityEngine.RenderTexture)
UnityEditor.SpriteInspector:BuildPreviewTexture (UnityEngine.Sprite,UnityEngine.Material,bool,int,int,UnityEngine.Color,UnityEngine.Matrix4x4)
UnityEditor.SpriteInspector:BuildPreviewTexture (UnityEngine.Sprite,UnityEngine.Material,bool,int,int)
UnityEditor.SpriteInspector:RenderStaticPreview (string,UnityEngine.Object[],int,int)
UnityEditor.AssetPreviewUpdater:CreatePreview (UnityEngine.Object,UnityEngine.Object[],string,int,int)
UnityEditor.AssetPreviewUpdater:CreatePreviewForAsset (UnityEngine.Object,UnityEngine.Object[],string)

[C:\build\output\unity\unity\Runtime\Graphics\RenderTexture.cpp line 1145]

Requested RenderTexture with sRGB format. sRGB formats are not supported in gamma mode, fallback to a UNorm format. Use a UNorm format instead of sRGB to silence this warning.
UnityEngine.StackTraceUtility:ExtractStackTrace ()
UnityEngine.RenderTexture:set_active (UnityEngine.RenderTexture)
UnityEditor.SpriteInspector:BuildPreviewTexture (UnityEngine.Sprite,UnityEngine.Material,bool,int,int,UnityEngine.Color,UnityEngine.Matrix4x4)
UnityEditor.SpriteInspector:BuildPreviewTexture (UnityEngine.Sprite,UnityEngine.Material,bool,int,int)
UnityEditor.SpriteInspector:RenderStaticPreview (string,UnityEngine.Object[],int,int)
UnityEditor.AssetPreviewUpdater:CreatePreview (UnityEngine.Object,UnityEngine.Object[],string,int,int)
UnityEditor.AssetPreviewUpdater:CreatePreviewForAsset (UnityEngine.Object,UnityEngine.Object[],string)

[C:\build\output\unity\unity\Runtime\Graphics\RenderTexture.cpp line 1145]

Requested RenderTexture with sRGB format. sRGB formats are not supported in gamma mode, fallback to a UNorm format. Use a UNorm format instead of sRGB to silence this warning.
UnityEngine.StackTraceUtility:ExtractStackTrace ()
UnityEngine.RenderTexture:set_active (UnityEngine.RenderTexture)
UnityEditor.SpriteInspector:BuildPreviewTexture (UnityEngine.Sprite,UnityEngine.Material,bool,int,int,UnityEngine.Color,UnityEngine.Matrix4x4)
UnityEditor.SpriteInspector:BuildPreviewTexture (UnityEngine.Sprite,UnityEngine.Material,bool,int,int)
UnityEditor.SpriteInspector:RenderStaticPreview (string,UnityEngine.Object[],int,int)
UnityEditor.AssetPreviewUpdater:CreatePreview (UnityEngine.Object,UnityEngine.Object[],string,int,int)
UnityEditor.AssetPreviewUpdater:CreatePreviewForAsset (UnityEngine.Object,UnityEngine.Object[],string)

[C:\build\output\unity\unity\Runtime\Graphics\RenderTexture.cpp line 1145]

 -> (artifact id: '6068f185c707058e1ed171779bb66638') in 0.035823 seconds
Number of updated asset objects reloaded before import = 0
Number of asset objects unloaded after import = 11
========================================================================
Received Import Request.
  Time since last request: 27.652468 seconds.
  path: Assets/Cainos/Pixel Art Top Down - Basic/Tile Palette/TP Wall.prefab
  artifactKey: Guid(8d8700121f1eb2c4abda7e8a3dafab76) Importer(815301076,1909f56bfc062723c751e8b465ee728b)
Start importing Assets/Cainos/Pixel Art Top Down - Basic/Tile Palette/TP Wall.prefab using Guid(8d8700121f1eb2c4abda7e8a3dafab76) Importer(815301076,1909f56bfc062723c751e8b465ee728b)  -> (artifact id: '458c8a4c80bf1f23fe8a21f105625f32') in 0.024875 seconds
Number of updated asset objects reloaded before import = 0
Number of asset objects unloaded after import = 142
========================================================================
Received Import Request.
  Time since last request: 1.764046 seconds.
  path: Assets/Cainos/Pixel Art Top Down - Basic/Tile Palette/TP Wall/TX Shadow Tileset Wall 3.asset
  artifactKey: Guid(74fb019e61cfa1144910a53906988a6e) Importer(815301076,1909f56bfc062723c751e8b465ee728b)
Start importing Assets/Cainos/Pixel Art Top Down - Basic/Tile Palette/TP Wall/TX Shadow Tileset Wall 3.asset using Guid(74fb019e61cfa1144910a53906988a6e) Importer(815301076,1909f56bfc062723c751e8b465ee728b)  -> (artifact id: '8d1a6e97d6afb91d858ae158a21990c5') in 0.013236 seconds
Number of updated asset objects reloaded before import = 0
Number of asset objects unloaded after import = 3
========================================================================
Received Import Request.
  Time since last request: 0.000016 seconds.
  path: Assets/Cainos/Pixel Art Top Down - Basic/Tile Palette/TP Wall/TX Tileset Wall_2.asset
  artifactKey: Guid(c30a836c12b5ca046b8850c5500adff0) Importer(815301076,1909f56bfc062723c751e8b465ee728b)
Start importing Assets/Cainos/Pixel Art Top Down - Basic/Tile Palette/TP Wall/TX Tileset Wall_2.asset using Guid(c30a836c12b5ca046b8850c5500adff0) Importer(815301076,1909f56bfc062723c751e8b465ee728b)  -> (artifact id: '3fe5f3bfd46d66e179a1e7761bd0b8f2') in 0.015463 seconds
Number of updated asset objects reloaded before import = 0
Number of asset objects unloaded after import = 3
========================================================================
Received Import Request.
  Time since last request: 0.000014 seconds.
  path: Assets/Cainos/Pixel Art Top Down - Basic/Tile Palette/TP Wall/TX Tileset Wall_6.asset
  artifactKey: Guid(9cfe2171135f120429c700c27662a5d0) Importer(815301076,1909f56bfc062723c751e8b465ee728b)
Start importing Assets/Cainos/Pixel Art Top Down - Basic/Tile Palette/TP Wall/TX Tileset Wall_6.asset using Guid(9cfe2171135f120429c700c27662a5d0) Importer(815301076,1909f56bfc062723c751e8b465ee728b)  -> (artifact id: '287780edde4a52b9088ec4b5c38ce4d0') in 0.011947 seconds
Number of updated asset objects reloaded before import = 0
Number of asset objects unloaded after import = 3
========================================================================
Received Import Request.
  Time since last request: 0.000016 seconds.
  path: Assets/Cainos/Pixel Art Top Down - Basic/Tile Palette/TP Wall/TX Tileset Wall_45.asset
  artifactKey: Guid(5a817684b3d859244a3e2126a2cb1589) Importer(815301076,1909f56bfc062723c751e8b465ee728b)
Start importing Assets/Cainos/Pixel Art Top Down - Basic/Tile Palette/TP Wall/TX Tileset Wall_45.asset using Guid(5a817684b3d859244a3e2126a2cb1589) Importer(815301076,1909f56bfc062723c751e8b465ee728b)  -> (artifact id: 'af0ee2917646499a729e16ff0dca05a5') in 0.013939 seconds
Number of updated asset objects reloaded before import = 0
Number of asset objects unloaded after import = 3
========================================================================
Received Import Request.
  Time since last request: 0.000023 seconds.
  path: Assets/Cainos/Pixel Art Top Down - Basic/Tile Palette/TP Wall/TX Tileset Wall_14.asset
  artifactKey: Guid(f5bce4b9585a8514e81572c61b5b6460) Importer(815301076,1909f56bfc062723c751e8b465ee728b)
Start importing Assets/Cainos/Pixel Art Top Down - Basic/Tile Palette/TP Wall/TX Tileset Wall_14.asset using Guid(f5bce4b9585a8514e81572c61b5b6460) Importer(815301076,1909f56bfc062723c751e8b465ee728b)  -> (artifact id: 'db64d6cbb0d3072821855dcf17105462') in 0.011812 seconds
Number of updated asset objects reloaded before import = 0
Number of asset objects unloaded after import = 3
========================================================================
Received Import Request.
  Time since last request: 0.000014 seconds.
  path: Assets/Cainos/Pixel Art Top Down - Basic/Tile Palette/TP Wall/TX Tileset Wall_3.asset
  artifactKey: Guid(e56da427db9e7c147b3012603805adf9) Importer(815301076,1909f56bfc062723c751e8b465ee728b)
Start importing Assets/Cainos/Pixel Art Top Down - Basic/Tile Palette/TP Wall/TX Tileset Wall_3.asset using Guid(e56da427db9e7c147b3012603805adf9) Importer(815301076,1909f56bfc062723c751e8b465ee728b)  -> (artifact id: 'bfd4c374081888d45a4734b19bc43a7e') in 0.012666 seconds
Number of updated asset objects reloaded before import = 0
Number of asset objects unloaded after import = 3
========================================================================
Received Import Request.
  Time since last request: 0.000019 seconds.
  path: Assets/Cainos/Pixel Art Top Down - Basic/Tile Palette/TP Wall/TX Tileset Wall_26.asset
  artifactKey: Guid(482f111f39d0bb54587ed8f02772d8d6) Importer(815301076,1909f56bfc062723c751e8b465ee728b)
Start importing Assets/Cainos/Pixel Art Top Down - Basic/Tile Palette/TP Wall/TX Tileset Wall_26.asset using Guid(482f111f39d0bb54587ed8f02772d8d6) Importer(815301076,1909f56bfc062723c751e8b465ee728b)  -> (artifact id: '5e736c61065857d1aadc7cbf55cb8884') in 0.010698 seconds
Number of updated asset objects reloaded before import = 0
Number of asset objects unloaded after import = 3
========================================================================
Received Import Request.
  Time since last request: 0.000013 seconds.
  path: Assets/Cainos/Pixel Art Top Down - Basic/Tile Palette/TP Wall/TX Tileset Wall_47.asset
  artifactKey: Guid(878b0f96c438d7a469c4ed3ee8afc16c) Importer(815301076,1909f56bfc062723c751e8b465ee728b)
Start importing Assets/Cainos/Pixel Art Top Down - Basic/Tile Palette/TP Wall/TX Tileset Wall_47.asset using Guid(878b0f96c438d7a469c4ed3ee8afc16c) Importer(815301076,1909f56bfc062723c751e8b465ee728b)  -> (artifact id: '639216f741bcf5766cf679dcda4cf941') in 0.011421 seconds
Number of updated asset objects reloaded before import = 0
Number of asset objects unloaded after import = 3
========================================================================
Received Import Request.
  Time since last request: 0.000011 seconds.
  path: Assets/Cainos/Pixel Art Top Down - Basic/Tile Palette/TP Wall/TX Tileset Wall_19.asset
  artifactKey: Guid(593e9d35d4ade4041a13ab33b9a1040f) Importer(815301076,1909f56bfc062723c751e8b465ee728b)
Start importing Assets/Cainos/Pixel Art Top Down - Basic/Tile Palette/TP Wall/TX Tileset Wall_19.asset using Guid(593e9d35d4ade4041a13ab33b9a1040f) Importer(815301076,1909f56bfc062723c751e8b465ee728b)  -> (artifact id: '151df13ad6e44810b4d4a265fe649f4e') in 0.012306 seconds
Number of updated asset objects reloaded before import = 0
Number of asset objects unloaded after import = 3
========================================================================
Received Import Request.
  Time since last request: 0.000013 seconds.
  path: Assets/Cainos/Pixel Art Top Down - Basic/Tile Palette/TP Wall/TX Tileset Wall_20.asset
  artifactKey: Guid(ed50a80c6ba59cf428ffc19f53876b01) Importer(815301076,1909f56bfc062723c751e8b465ee728b)
Start importing Assets/Cainos/Pixel Art Top Down - Basic/Tile Palette/TP Wall/TX Tileset Wall_20.asset using Guid(ed50a80c6ba59cf428ffc19f53876b01) Importer(815301076,1909f56bfc062723c751e8b465ee728b)  -> (artifact id: 'bb323f05847a33731d15f7b1001476c7') in 0.012600 seconds
Number of updated asset objects reloaded before import = 0
Number of asset objects unloaded after import = 3
========================================================================
Received Import Request.
  Time since last request: 0.000016 seconds.
  path: Assets/Cainos/Pixel Art Top Down - Basic/Tile Palette/TP Wall/TX Tileset Wall_39.asset
  artifactKey: Guid(815a98150ae40f24482bf4ae569f8718) Importer(815301076,1909f56bfc062723c751e8b465ee728b)
Start importing Assets/Cainos/Pixel Art Top Down - Basic/Tile Palette/TP Wall/TX Tileset Wall_39.asset using Guid(815a98150ae40f24482bf4ae569f8718) Importer(815301076,1909f56bfc062723c751e8b465ee728b)  -> (artifact id: '43c2c1319b824ece05d5c36084b6bd5e') in 0.018670 seconds
Number of updated asset objects reloaded before import = 0
Number of asset objects unloaded after import = 3
========================================================================
Received Import Request.
  Time since last request: 0.000013 seconds.
  path: Assets/Cainos/Pixel Art Top Down - Basic/Tile Palette/TP Wall/TX Tileset Wall_18.asset
  artifactKey: Guid(de17a1cff7186dc4e81bd03c2256da56) Importer(815301076,1909f56bfc062723c751e8b465ee728b)
Start importing Assets/Cainos/Pixel Art Top Down - Basic/Tile Palette/TP Wall/TX Tileset Wall_18.asset using Guid(de17a1cff7186dc4e81bd03c2256da56) Importer(815301076,1909f56bfc062723c751e8b465ee728b)  -> (artifact id: '5f739d9786794ce0e06b477f0ce99921') in 0.012785 seconds
Number of updated asset objects reloaded before import = 0
Number of asset objects unloaded after import = 3
========================================================================
Received Import Request.
  Time since last request: 0.000016 seconds.
  path: Assets/Cainos/Pixel Art Top Down - Basic/Tile Palette/TP Wall/TX Tileset Wall_32.asset
  artifactKey: Guid(f8a08cc7e1ef4bd41ad3d91c4ae0824a) Importer(815301076,1909f56bfc062723c751e8b465ee728b)
Start importing Assets/Cainos/Pixel Art Top Down - Basic/Tile Palette/TP Wall/TX Tileset Wall_32.asset using Guid(f8a08cc7e1ef4bd41ad3d91c4ae0824a) Importer(815301076,1909f56bfc062723c751e8b465ee728b)  -> (artifact id: '9aeac44c2094ba57d79693cdf2f72398') in 0.012158 seconds
Number of updated asset objects reloaded before import = 0
Number of asset objects unloaded after import = 3
========================================================================
Received Import Request.
  Time since last request: 241.449212 seconds.
  path: Assets/Cainos/Pixel Art Top Down - Basic/Tile Palette/TP Wall/TX Tileset Wall_50.asset
  artifactKey: Guid(b857b6b27935d14478beeb0a19d9ed05) Importer(815301076,1909f56bfc062723c751e8b465ee728b)
Start importing Assets/Cainos/Pixel Art Top Down - Basic/Tile Palette/TP Wall/TX Tileset Wall_50.asset using Guid(b857b6b27935d14478beeb0a19d9ed05) Importer(815301076,1909f56bfc062723c751e8b465ee728b)  -> (artifact id: '4304b2b2fc2ac816415d7a3b66b82a96') in 0.028469 seconds
Number of updated asset objects reloaded before import = 0
Number of asset objects unloaded after import = 3
========================================================================
Received Import Request.
  Time since last request: 0.000034 seconds.
  path: Assets/Cainos/Pixel Art Top Down - Basic/Tile Palette/TP Wall/TX Tileset Wall_59.asset
  artifactKey: Guid(d1b36f97a21780343bae80aa0501ed33) Importer(815301076,1909f56bfc062723c751e8b465ee728b)
Start importing Assets/Cainos/Pixel Art Top Down - Basic/Tile Palette/TP Wall/TX Tileset Wall_59.asset using Guid(d1b36f97a21780343bae80aa0501ed33) Importer(815301076,1909f56bfc062723c751e8b465ee728b)  -> (artifact id: '8606e7f355b66d761c4f0367ebe38e5f') in 0.017844 seconds
Number of updated asset objects reloaded before import = 0
Number of asset objects unloaded after import = 3
========================================================================
Received Import Request.
  Time since last request: 0.000018 seconds.
  path: Assets/Cainos/Pixel Art Top Down - Basic/Tile Palette/TP Wall/TX Tileset Wall_53.asset
  artifactKey: Guid(60fe87e379223bd4ca197f2113bf4448) Importer(815301076,1909f56bfc062723c751e8b465ee728b)
Start importing Assets/Cainos/Pixel Art Top Down - Basic/Tile Palette/TP Wall/TX Tileset Wall_53.asset using Guid(60fe87e379223bd4ca197f2113bf4448) Importer(815301076,1909f56bfc062723c751e8b465ee728b)  -> (artifact id: 'e9a17318d6492458aaf1aae99806ed17') in 0.013577 seconds
Number of updated asset objects reloaded before import = 0
Number of asset objects unloaded after import = 3
========================================================================
Received Import Request.
  Time since last request: 0.000019 seconds.
  path: Assets/Cainos/Pixel Art Top Down - Basic/Tile Palette/TP Wall/TX Tileset Wall_57.asset
  artifactKey: Guid(8a34a97d3972ac841ab5aff6d72e9b1e) Importer(815301076,1909f56bfc062723c751e8b465ee728b)
Start importing Assets/Cainos/Pixel Art Top Down - Basic/Tile Palette/TP Wall/TX Tileset Wall_57.asset using Guid(8a34a97d3972ac841ab5aff6d72e9b1e) Importer(815301076,1909f56bfc062723c751e8b465ee728b)  -> (artifact id: '2f2897f23471c7c24b3a8c41946d77e8') in 0.012374 seconds
Number of updated asset objects reloaded before import = 0
Number of asset objects unloaded after import = 3
========================================================================
Received Import Request.
  Time since last request: 0.000021 seconds.
  path: Assets/Cainos/Pixel Art Top Down - Basic/Tile Palette/TP Wall/TX Tileset Wall_56.asset
  artifactKey: Guid(5fe40d7b004adde4293bdf59101e1f97) Importer(815301076,1909f56bfc062723c751e8b465ee728b)
Start importing Assets/Cainos/Pixel Art Top Down - Basic/Tile Palette/TP Wall/TX Tileset Wall_56.asset using Guid(5fe40d7b004adde4293bdf59101e1f97) Importer(815301076,1909f56bfc062723c751e8b465ee728b)  -> (artifact id: '0471a22ea163c0553ddd9dff8569ed21') in 0.011864 seconds
Number of updated asset objects reloaded before import = 0
Number of asset objects unloaded after import = 3
========================================================================
Received Import Request.
  Time since last request: 0.000016 seconds.
  path: Assets/Cainos/Pixel Art Top Down - Basic/Tile Palette/TP Wall/TX Tileset Wall_58.asset
  artifactKey: Guid(cb8f53fc5187f6e4690c3aa2bc7a6aa0) Importer(815301076,1909f56bfc062723c751e8b465ee728b)
Start importing Assets/Cainos/Pixel Art Top Down - Basic/Tile Palette/TP Wall/TX Tileset Wall_58.asset using Guid(cb8f53fc5187f6e4690c3aa2bc7a6aa0) Importer(815301076,1909f56bfc062723c751e8b465ee728b)  -> (artifact id: '6a3aa7808686f29a510d9cca4f8d983b') in 0.012799 seconds
Number of updated asset objects reloaded before import = 0
Number of asset objects unloaded after import = 3
Editor requested this worker to shutdown with reason: Scaling down because of idle timeout
TcpMessagingSession - receive error: operation aborted. errorcode: 995, details: Bir i parac k veya bir uygulama istei nedeniyle G/ ilemi iptal edildi.
AssetImportWorker is now disconnected from the server
Process exiting
Exiting without the bug reporter. Application will terminate with return code 0