Using pre-set license
Built from '2022.3/staging' branch; Version is '2022.3.16f1 (d2c21f0ef2f1) revision 13812255'; Using compiler version '192829333'; Build Type 'Release'
OS: 'Windows 11  (10.0.22631) 64bit Professional' Language: 'tr' Physical Memory: 16024 MB
BatchMode: 1, IsHumanControllingUs: 0, StartBugReporterOnCrash: 0, Is64bit: 1, IsPro: 1

COMMAND LINE ARGUMENTS:
C:\Program Files\Unity\Hub\Editor\2022.3.16f1\Editor\Unity.exe
-adb2
-batchMode
-noUpm
-name
AssetImportWorker0
-projectPath
C:/Users/meliksah/Documents/GitHub/-SurviveIfTight
-logFile
Logs/AssetImportWorker0.log
-srvPort
61555
Successfully changed project path to: C:/Users/meliksah/Documents/GitHub/-SurviveIfTight
C:/Users/meliksah/Documents/GitHub/-SurviveIfTight
[UnityMemory] Configuration Parameters - Can be set up in boot.config
    "memorysetup-bucket-allocator-granularity=16"
    "memorysetup-bucket-allocator-bucket-count=8"
    "memorysetup-bucket-allocator-block-size=33554432"
    "memorysetup-bucket-allocator-block-count=8"
    "memorysetup-main-allocator-block-size=16777216"
    "memorysetup-thread-allocator-block-size=16777216"
    "memorysetup-gfx-main-allocator-block-size=16777216"
    "memorysetup-gfx-thread-allocator-block-size=16777216"
    "memorysetup-cache-allocator-block-size=4194304"
    "memorysetup-typetree-allocator-block-size=2097152"
    "memorysetup-profiler-bucket-allocator-granularity=16"
    "memorysetup-profiler-bucket-allocator-bucket-count=8"
    "memorysetup-profiler-bucket-allocator-block-size=33554432"
    "memorysetup-profiler-bucket-allocator-block-count=8"
    "memorysetup-profiler-allocator-block-size=16777216"
    "memorysetup-profiler-editor-allocator-block-size=1048576"
    "memorysetup-temp-allocator-size-main=16777216"
    "memorysetup-job-temp-allocator-block-size=2097152"
    "memorysetup-job-temp-allocator-block-size-background=1048576"
    "memorysetup-job-temp-allocator-reduction-small-platforms=262144"
    "memorysetup-allocator-temp-initial-block-size-main=262144"
    "memorysetup-allocator-temp-initial-block-size-worker=262144"
    "memorysetup-temp-allocator-size-background-worker=32768"
    "memorysetup-temp-allocator-size-job-worker=262144"
    "memorysetup-temp-allocator-size-preload-manager=33554432"
    "memorysetup-temp-allocator-size-nav-mesh-worker=65536"
    "memorysetup-temp-allocator-size-audio-worker=65536"
    "memorysetup-temp-allocator-size-cloud-worker=32768"
    "memorysetup-temp-allocator-size-gi-baking-worker=262144"
    "memorysetup-temp-allocator-size-gfx=262144"
Player connection [19236] Host "[IP] 192.168.1.52 [Port] 0 [Flags] 2 [Guid] 2684896996 [EditorId] 2684896996 [Version] 1048832 [Id] WindowsEditor(7,DESKTOP-D2649C1) [Debug] 1 [PackageName] WindowsEditor [ProjectName] Editor" joined multi-casting on [225.0.0.222:54997]...

Player connection [19236] Host "[IP] 192.168.1.52 [Port] 0 [Flags] 2 [Guid] 2684896996 [EditorId] 2684896996 [Version] 1048832 [Id] WindowsEditor(7,DESKTOP-D2649C1) [Debug] 1 [PackageName] WindowsEditor [ProjectName] Editor" joined alternative multi-casting on [225.0.0.222:34997]...

[Physics::Module] Initialized MultithreadedJobDispatcher with 15 workers.
Refreshing native plugins compatible for Editor in 4013.15 ms, found 4 plugins.
Preloading 0 native plugins for Editor in 0.00 ms.
Initialize engine version: 2022.3.16f1 (d2c21f0ef2f1)
[Subsystems] Discovering subsystems at path C:/Program Files/Unity/Hub/Editor/2022.3.16f1/Editor/Data/Resources/UnitySubsystems
[Subsystems] Discovering subsystems at path C:/Users/meliksah/Documents/GitHub/-SurviveIfTight/Assets
GfxDevice: creating device client; threaded=0; jobified=0
Direct3D:
    Version:  Direct3D 11.0 [level 11.1]
    Renderer: NVIDIA GeForce RTX 3050 6GB Laptop GPU (ID=0x25ac)
    Vendor:   NVIDIA
    VRAM:     6017 MB
    Driver:   31.0.15.4633
Initialize mono
Mono path[0] = 'C:/Program Files/Unity/Hub/Editor/2022.3.16f1/Editor/Data/Managed'
Mono path[1] = 'C:/Program Files/Unity/Hub/Editor/2022.3.16f1/Editor/Data/MonoBleedingEdge/lib/mono/unityjit-win32'
Mono config path = 'C:/Program Files/Unity/Hub/Editor/2022.3.16f1/Editor/Data/MonoBleedingEdge/etc'
Using monoOptions --debugger-agent=transport=dt_socket,embedding=1,server=y,suspend=n,address=127.0.0.1:56740
Begin MonoManager ReloadAssembly
Registering precompiled unity dll's ...
Register platform support module: C:/Program Files/Unity/Hub/Editor/2022.3.16f1/Editor/Data/PlaybackEngines/AndroidPlayer/UnityEditor.Android.Extensions.dll
Register platform support module: C:/Program Files/Unity/Hub/Editor/2022.3.16f1/Editor/Data/PlaybackEngines/WindowsStandaloneSupport/UnityEditor.WindowsStandalone.Extensions.dll
Registered in 0.625265 seconds.
- Loaded All Assemblies, in 13.035 seconds
Native extension for WindowsStandalone target not found
Native extension for Android target not found
Android Extension - Scanning For ADB Devices 413 ms
Mono: successfully reloaded assembly
- Finished resetting the current domain, in  0.881 seconds
Domain Reload Profiling: 13915ms
	BeginReloadAssembly (9416ms)
		ExecutionOrderSort (0ms)
		DisableScriptedObjects (0ms)
		BackupInstance (0ms)
		ReleaseScriptingObjects (0ms)
		CreateAndSetChildDomain (0ms)
	RebuildCommonClasses (737ms)
	RebuildNativeTypeToScriptingClass (6ms)
	initialDomainReloadingComplete (662ms)
	LoadAllAssembliesAndSetupDomain (2213ms)
		LoadAssemblies (9416ms)
		RebuildTransferFunctionScriptingTraits (0ms)
		AnalyzeDomain (2211ms)
			TypeCache.Refresh (2210ms)
				TypeCache.ScanAssembly (1670ms)
			ScanForSourceGeneratedMonoScriptInfo (0ms)
			ResolveRequiredComponents (0ms)
	FinalizeReload (881ms)
		ReleaseScriptCaches (0ms)
		RebuildScriptCaches (0ms)
		SetupLoadedEditorAssemblies (842ms)
			LogAssemblyErrors (0ms)
			InitializePlatformSupportModulesInManaged (712ms)
			SetLoadedEditorAssemblies (3ms)
			RefreshPlugins (0ms)
			BeforeProcessingInitializeOnLoad (2ms)
			ProcessInitializeOnLoadAttributes (87ms)
			ProcessInitializeOnLoadMethodAttributes (39ms)
			AfterProcessingInitializeOnLoad (0ms)
			EditorAssembliesLoaded (0ms)
		ExecutionOrderSort2 (0ms)
		AwakeInstancesAfterBackupRestoration (0ms)
========================================================================
Worker process is ready to serve import requests
Begin MonoManager ReloadAssembly
- Loaded All Assemblies, in 15.260 seconds
Refreshing native plugins compatible for Editor in 2.47 ms, found 4 plugins.
Native extension for WindowsStandalone target not found
Native extension for Android target not found
Package Manager log level set to [2]
[Package Manager] Server::EnsureServerProcessIsRunning -- launch failed, reason: Unity was launched with the -noUpm command-line argument
[Package Manager] UpmClient::Send -- Unable to send message (not connected to UPM process).
[Package Manager] Cannot connect to Unity Package Manager local server
Mono: successfully reloaded assembly
- Finished resetting the current domain, in  0.417 seconds
Domain Reload Profiling: 15676ms
	BeginReloadAssembly (105ms)
		ExecutionOrderSort (0ms)
		DisableScriptedObjects (5ms)
		BackupInstance (0ms)
		ReleaseScriptingObjects (0ms)
		CreateAndSetChildDomain (14ms)
	RebuildCommonClasses (21ms)
	RebuildNativeTypeToScriptingClass (6ms)
	initialDomainReloadingComplete (25ms)
	LoadAllAssembliesAndSetupDomain (15101ms)
		LoadAssemblies (14046ms)
		RebuildTransferFunctionScriptingTraits (0ms)
		AnalyzeDomain (1110ms)
			TypeCache.Refresh (1088ms)
				TypeCache.ScanAssembly (976ms)
			ScanForSourceGeneratedMonoScriptInfo (16ms)
			ResolveRequiredComponents (5ms)
	FinalizeReload (417ms)
		ReleaseScriptCaches (0ms)
		RebuildScriptCaches (0ms)
		SetupLoadedEditorAssemblies (315ms)
			LogAssemblyErrors (0ms)
			InitializePlatformSupportModulesInManaged (16ms)
			SetLoadedEditorAssemblies (3ms)
			RefreshPlugins (0ms)
			BeforeProcessingInitializeOnLoad (45ms)
			ProcessInitializeOnLoadAttributes (224ms)
			ProcessInitializeOnLoadMethodAttributes (24ms)
			AfterProcessingInitializeOnLoad (3ms)
			EditorAssembliesLoaded (0ms)
		ExecutionOrderSort2 (0ms)
		AwakeInstancesAfterBackupRestoration (4ms)
Launched and connected shader compiler UnityShaderCompiler.exe after 0.08 seconds
Refreshing native plugins compatible for Editor in 2.96 ms, found 4 plugins.
Preloading 0 native plugins for Editor in 0.00 ms.
Unloading 4305 Unused Serialized files (Serialized files now loaded: 0)
Unloading 71 unused Assets / (63.6 KB). Loaded Objects now: 4766.
Memory consumption went from 161.2 MB to 161.2 MB.
Total: 2.536900 ms (FindLiveObjects: 0.184600 ms CreateObjectMapping: 0.072700 ms MarkObjects: 2.181200 ms  DeleteObjects: 0.097300 ms)

AssetImportParameters requested are different than current active one (requested -> active):
  custom:container-demuxer-ogg: 62fdf1f143b41e24485cea50d1cbac27 -> 
  custom:video-codec-MediaFoundation-h265: 746d11721c4dcdbdad8f713fa42b33f4 -> 
  custom:video-decoder-ogg-theora: a1e56fd34408186e4bbccfd4996cb3dc -> 
  custom:framework-win-MediaFoundation: 216162199b28c13a410421893ffa2e32 -> 
  custom:CustomObjectIndexerAttribute: 43b350a4d6e6d1791af0b5038c4bea17 -> 
  custom:container-demuxer-webm: 4f35f7cbe854078d1ac9338744f61a02 -> 
  custom:container-muxer-webm: aa71ff27fc2769a1b78a27578f13a17b -> 
  custom:video-decoder-webm-vp8: 9c59270c3fd7afecdb556c50c9e8de78 -> 
  custom:SearchIndexIgnoredProperties: e643bd26f0fe6173181afceb89e7c659 -> 
  custom:AudioImporter_EditorPlatform: d09bf68614088b80899f8185d706f6e7 -> 
  custom:video-encoder-webm-vp8: eb34c28f22e8b96e1ab97ce403110664 -> 
  custom:audio-decoder-ogg-vorbis: bf7c407c2cedff20999df2af8eb42d56 -> 
  custom:audio-encoder-webm-vorbis: bf7c407c2cedff20999df2af8eb42d56 -> 
========================================================================
Received Import Request.
  Time since last request: 84332.534897 seconds.
  path: Assets/Assets/Default
  artifactKey: Guid(c949cd8366395f04dafe63057d770d3c) Importer(815301076,1909f56bfc062723c751e8b465ee728b)
Start importing Assets/Assets/Default using Guid(c949cd8366395f04dafe63057d770d3c) Importer(815301076,1909f56bfc062723c751e8b465ee728b)  -> (artifact id: '01fd9d3aa21d67cfc05ea9a1b5cbef39') in 0.001977 seconds
Number of updated asset objects reloaded before import = 0
Number of asset objects unloaded after import = 0
========================================================================
Received Import Request.
  Time since last request: 7.127581 seconds.
  path: Assets/Assets/UI
  artifactKey: Guid(c949cd8366395f04dafe63057d770d3c) Importer(815301076,1909f56bfc062723c751e8b465ee728b)
Start importing Assets/Assets/UI using Guid(c949cd8366395f04dafe63057d770d3c) Importer(815301076,1909f56bfc062723c751e8b465ee728b)  -> (artifact id: '2b6f586bc79360ad07873f7d4c8d77fa') in 0.000354 seconds
Number of updated asset objects reloaded before import = 0
Number of asset objects unloaded after import = 0
========================================================================
Received Import Request.
  Time since last request: 2.575706 seconds.
  path: Assets/Assets/UI/Border
  artifactKey: Guid(004304ac61d01cd4592f8b8d4d5da624) Importer(815301076,1909f56bfc062723c751e8b465ee728b)
Start importing Assets/Assets/UI/Border using Guid(004304ac61d01cd4592f8b8d4d5da624) Importer(815301076,1909f56bfc062723c751e8b465ee728b)  -> (artifact id: '202d611156d0b7e1b74159f5d01967d5') in 0.000365 seconds
Number of updated asset objects reloaded before import = 0
Number of asset objects unloaded after import = 0
========================================================================
Received Import Request.
  Time since last request: 0.074000 seconds.
  path: Assets/Assets/UI/Border/panel-border-000.png
  artifactKey: Guid(98030c04d684f0e448e51021fa968270) Importer(815301076,1909f56bfc062723c751e8b465ee728b)
Start importing Assets/Assets/UI/Border/panel-border-000.png using Guid(98030c04d684f0e448e51021fa968270) Importer(815301076,1909f56bfc062723c751e8b465ee728b)  -> (artifact id: '5d76a60f4d6e7aa50f60717d24876cc7') in 0.064092 seconds
Number of updated asset objects reloaded before import = 0
Number of asset objects unloaded after import = 3
========================================================================
Received Import Request.
  Time since last request: 0.000013 seconds.
  path: Assets/Assets/UI/Border/panel-border-020.png
  artifactKey: Guid(9519b22b0e2a8c740b9a5a4d9d616055) Importer(815301076,1909f56bfc062723c751e8b465ee728b)
Start importing Assets/Assets/UI/Border/panel-border-020.png using Guid(9519b22b0e2a8c740b9a5a4d9d616055) Importer(815301076,1909f56bfc062723c751e8b465ee728b)  -> (artifact id: 'd357e1f80767293a5afd021beeb64fad') in 0.016033 seconds
Number of updated asset objects reloaded before import = 0
Number of asset objects unloaded after import = 3
========================================================================
Received Import Request.
  Time since last request: 0.000019 seconds.
  path: Assets/Assets/UI/Border/panel-border-014.png
  artifactKey: Guid(aa0385b87ab294a4fa0380796a9eb04c) Importer(815301076,1909f56bfc062723c751e8b465ee728b)
Start importing Assets/Assets/UI/Border/panel-border-014.png using Guid(aa0385b87ab294a4fa0380796a9eb04c) Importer(815301076,1909f56bfc062723c751e8b465ee728b)  -> (artifact id: '53c315e32adf0ea0383dc6f7be654202') in 0.015852 seconds
Number of updated asset objects reloaded before import = 0
Number of asset objects unloaded after import = 3
========================================================================
Received Import Request.
  Time since last request: 0.000022 seconds.
  path: Assets/Assets/UI/Border/panel-border-004.png
  artifactKey: Guid(d7b39594f3bb61048b101b279b47b676) Importer(815301076,1909f56bfc062723c751e8b465ee728b)
Start importing Assets/Assets/UI/Border/panel-border-004.png using Guid(d7b39594f3bb61048b101b279b47b676) Importer(815301076,1909f56bfc062723c751e8b465ee728b)  -> (artifact id: '24d7e904289c890f2eb96154480245f7') in 0.014466 seconds
Number of updated asset objects reloaded before import = 0
Number of asset objects unloaded after import = 3
========================================================================
Received Import Request.
  Time since last request: 0.000013 seconds.
  path: Assets/Assets/UI/Border/panel-border-011.png
  artifactKey: Guid(c44b89266b060c54fb7851ee9b7c46c8) Importer(815301076,1909f56bfc062723c751e8b465ee728b)
Start importing Assets/Assets/UI/Border/panel-border-011.png using Guid(c44b89266b060c54fb7851ee9b7c46c8) Importer(815301076,1909f56bfc062723c751e8b465ee728b)  -> (artifact id: '66400de5e8acf3211f04b8416ec7959f') in 0.015162 seconds
Number of updated asset objects reloaded before import = 0
Number of asset objects unloaded after import = 3
========================================================================
Received Import Request.
  Time since last request: 0.000014 seconds.
  path: Assets/Assets/UI/Border/panel-border-003.png
  artifactKey: Guid(558c6667268d22c4995e7f0c2dafb52d) Importer(815301076,1909f56bfc062723c751e8b465ee728b)
Start importing Assets/Assets/UI/Border/panel-border-003.png using Guid(558c6667268d22c4995e7f0c2dafb52d) Importer(815301076,1909f56bfc062723c751e8b465ee728b)  -> (artifact id: '49b47a3340f32d0372e525834a1720d1') in 0.016188 seconds
Number of updated asset objects reloaded before import = 0
Number of asset objects unloaded after import = 3
========================================================================
Received Import Request.
  Time since last request: 0.000016 seconds.
  path: Assets/Assets/UI/Border/panel-border-002.png
  artifactKey: Guid(d9ae58cf4b386274ca9c04fa3b2ad7c4) Importer(815301076,1909f56bfc062723c751e8b465ee728b)
Start importing Assets/Assets/UI/Border/panel-border-002.png using Guid(d9ae58cf4b386274ca9c04fa3b2ad7c4) Importer(815301076,1909f56bfc062723c751e8b465ee728b)  -> (artifact id: '8d5c13da05b57c1ab45693e387d20104') in 0.016524 seconds
Number of updated asset objects reloaded before import = 0
Number of asset objects unloaded after import = 3
========================================================================
Received Import Request.
  Time since last request: 0.000015 seconds.
  path: Assets/Assets/UI/Border/panel-border-008.png
  artifactKey: Guid(be883c4f256e1f943af9ff5b57b29250) Importer(815301076,1909f56bfc062723c751e8b465ee728b)
Start importing Assets/Assets/UI/Border/panel-border-008.png using Guid(be883c4f256e1f943af9ff5b57b29250) Importer(815301076,1909f56bfc062723c751e8b465ee728b)  -> (artifact id: 'a035a956b0285291b81f25b8cce4b392') in 0.017944 seconds
Number of updated asset objects reloaded before import = 0
Number of asset objects unloaded after import = 3
========================================================================
Received Import Request.
  Time since last request: 0.000016 seconds.
  path: Assets/Assets/UI/Border/panel-border-009.png
  artifactKey: Guid(e49e56aef5b288c499bfb55b32619be1) Importer(815301076,1909f56bfc062723c751e8b465ee728b)
Start importing Assets/Assets/UI/Border/panel-border-009.png using Guid(e49e56aef5b288c499bfb55b32619be1) Importer(815301076,1909f56bfc062723c751e8b465ee728b)  -> (artifact id: 'b58b5db03c118b3b00c2e831749a52d3') in 0.008225 seconds
Number of updated asset objects reloaded before import = 0
Number of asset objects unloaded after import = 3
========================================================================
Received Import Request.
  Time since last request: 0.000018 seconds.
  path: Assets/Assets/UI/Border/panel-border-016.png
  artifactKey: Guid(49ea1cf4e70e955408ee9130fcdf55e3) Importer(815301076,1909f56bfc062723c751e8b465ee728b)
Start importing Assets/Assets/UI/Border/panel-border-016.png using Guid(49ea1cf4e70e955408ee9130fcdf55e3) Importer(815301076,1909f56bfc062723c751e8b465ee728b)  -> (artifact id: '99325a2f0630b0e648d62b25a6c5cf20') in 0.015464 seconds
Number of updated asset objects reloaded before import = 0
Number of asset objects unloaded after import = 3
========================================================================
Received Import Request.
  Time since last request: 0.000015 seconds.
  path: Assets/Assets/UI/Border/panel-border-005.png
  artifactKey: Guid(5181cbaac00cb414f9476521c63892d4) Importer(815301076,1909f56bfc062723c751e8b465ee728b)
Start importing Assets/Assets/UI/Border/panel-border-005.png using Guid(5181cbaac00cb414f9476521c63892d4) Importer(815301076,1909f56bfc062723c751e8b465ee728b)  -> (artifact id: 'fba2a6103f245b36dc6c34ed7b644968') in 0.015831 seconds
Number of updated asset objects reloaded before import = 0
Number of asset objects unloaded after import = 3
========================================================================
Received Import Request.
  Time since last request: 0.000017 seconds.
  path: Assets/Assets/UI/Border/panel-border-019.png
  artifactKey: Guid(c3965b3358498f947876050c569b84c0) Importer(815301076,1909f56bfc062723c751e8b465ee728b)
Start importing Assets/Assets/UI/Border/panel-border-019.png using Guid(c3965b3358498f947876050c569b84c0) Importer(815301076,1909f56bfc062723c751e8b465ee728b)  -> (artifact id: '6ba289e00d53558b3e3f6eba3c60725c') in 0.017472 seconds
Number of updated asset objects reloaded before import = 0
Number of asset objects unloaded after import = 3
========================================================================
Received Import Request.
  Time since last request: 6.685841 seconds.
  path: Assets/Assets/UI/Divider Fade/divider-fade-001.png
  artifactKey: Guid(5340a50e9807caf44a75ba4df0aa6444) Importer(815301076,1909f56bfc062723c751e8b465ee728b)
Start importing Assets/Assets/UI/Divider Fade/divider-fade-001.png using Guid(5340a50e9807caf44a75ba4df0aa6444) Importer(815301076,1909f56bfc062723c751e8b465ee728b)  -> (artifact id: '9e3209d8dd8039d2f707fd58990a224f') in 0.024791 seconds
Number of updated asset objects reloaded before import = 0
Number of asset objects unloaded after import = 3
========================================================================
Received Import Request.
  Time since last request: 0.000016 seconds.
  path: Assets/Assets/UI/Divider Fade/divider-fade-004.png
  artifactKey: Guid(e94e1c1e62bd995419709a16f33b099b) Importer(815301076,1909f56bfc062723c751e8b465ee728b)
Start importing Assets/Assets/UI/Divider Fade/divider-fade-004.png using Guid(e94e1c1e62bd995419709a16f33b099b) Importer(815301076,1909f56bfc062723c751e8b465ee728b)  -> (artifact id: 'f2b72027487832ab6f7bf9c291db7128') in 0.023792 seconds
Number of updated asset objects reloaded before import = 0
Number of asset objects unloaded after import = 3
========================================================================
Received Import Request.
  Time since last request: 1.411764 seconds.
  path: Assets/Assets/UI/Panel/panel-001.png
  artifactKey: Guid(d2b3d76df3a44fb419b5ce59e4e6a038) Importer(815301076,1909f56bfc062723c751e8b465ee728b)
Start importing Assets/Assets/UI/Panel/panel-001.png using Guid(d2b3d76df3a44fb419b5ce59e4e6a038) Importer(815301076,1909f56bfc062723c751e8b465ee728b)  -> (artifact id: '7e407e4f08a9853c36006fa231e3a1a2') in 0.015323 seconds
Number of updated asset objects reloaded before import = 0
Number of asset objects unloaded after import = 3
========================================================================
Received Import Request.
  Time since last request: 0.000015 seconds.
  path: Assets/Assets/UI/Panel/panel-012.png
  artifactKey: Guid(f53b5db67bb647e46a11133a40f98dd3) Importer(815301076,1909f56bfc062723c751e8b465ee728b)
Start importing Assets/Assets/UI/Panel/panel-012.png using Guid(f53b5db67bb647e46a11133a40f98dd3) Importer(815301076,1909f56bfc062723c751e8b465ee728b)  -> (artifact id: 'd06a91ed679aa250f3f09b886248865c') in 0.015476 seconds
Number of updated asset objects reloaded before import = 0
Number of asset objects unloaded after import = 3
========================================================================
Received Import Request.
  Time since last request: 0.000014 seconds.
  path: Assets/Assets/UI/Panel/panel-020.png
  artifactKey: Guid(53d7a16c6c6525c4a852055a399f0929) Importer(815301076,1909f56bfc062723c751e8b465ee728b)
Start importing Assets/Assets/UI/Panel/panel-020.png using Guid(53d7a16c6c6525c4a852055a399f0929) Importer(815301076,1909f56bfc062723c751e8b465ee728b)  -> (artifact id: '6a2597d76b7ca27a3978e8d087709180') in 0.015624 seconds
Number of updated asset objects reloaded before import = 0
Number of asset objects unloaded after import = 3
========================================================================
Received Import Request.
  Time since last request: 0.000012 seconds.
  path: Assets/Assets/UI/Panel/panel-005.png
  artifactKey: Guid(e8968e3c5d66fb445a59d760142d49ca) Importer(815301076,1909f56bfc062723c751e8b465ee728b)
Start importing Assets/Assets/UI/Panel/panel-005.png using Guid(e8968e3c5d66fb445a59d760142d49ca) Importer(815301076,1909f56bfc062723c751e8b465ee728b)  -> (artifact id: '5888a256fb0354bdff7be2b08da63717') in 0.014931 seconds
Number of updated asset objects reloaded before import = 0
Number of asset objects unloaded after import = 3
========================================================================
Received Import Request.
  Time since last request: 0.000014 seconds.
  path: Assets/Assets/UI/Panel/panel-022.png
  artifactKey: Guid(86b535531d465974397d4e875208fac9) Importer(815301076,1909f56bfc062723c751e8b465ee728b)
Start importing Assets/Assets/UI/Panel/panel-022.png using Guid(86b535531d465974397d4e875208fac9) Importer(815301076,1909f56bfc062723c751e8b465ee728b)  -> (artifact id: 'f013edf228bc476ffddccdd57f1ff3b2') in 0.018564 seconds
Number of updated asset objects reloaded before import = 0
Number of asset objects unloaded after import = 3
========================================================================
Received Import Request.
  Time since last request: 0.000057 seconds.
  path: Assets/Assets/UI/Panel/panel-010.png
  artifactKey: Guid(7213d0ad735a5324fad355bfe56dd48a) Importer(815301076,1909f56bfc062723c751e8b465ee728b)
Start importing Assets/Assets/UI/Panel/panel-010.png using Guid(7213d0ad735a5324fad355bfe56dd48a) Importer(815301076,1909f56bfc062723c751e8b465ee728b)  -> (artifact id: '9f9c32481dc42255d371eef4b8dd6de3') in 0.016124 seconds
Number of updated asset objects reloaded before import = 0
Number of asset objects unloaded after import = 3
========================================================================
Received Import Request.
  Time since last request: 2.953314 seconds.
  path: Assets/Assets/UI/Transparent border/panel-transparent-border-001.png
  artifactKey: Guid(093b96af7edf77b4bac1aa711574d67c) Importer(815301076,1909f56bfc062723c751e8b465ee728b)
Start importing Assets/Assets/UI/Transparent border/panel-transparent-border-001.png using Guid(093b96af7edf77b4bac1aa711574d67c) Importer(815301076,1909f56bfc062723c751e8b465ee728b)  -> (artifact id: '699f6afb916a5b6b622f78685b078c73') in 0.027684 seconds
Number of updated asset objects reloaded before import = 0
Number of asset objects unloaded after import = 3
========================================================================
Received Import Request.
  Time since last request: 0.000015 seconds.
  path: Assets/Assets/UI/Transparent border/panel-transparent-border-006.png
  artifactKey: Guid(801de8eec8bf4674e955bb164414434f) Importer(815301076,1909f56bfc062723c751e8b465ee728b)
Start importing Assets/Assets/UI/Transparent border/panel-transparent-border-006.png using Guid(801de8eec8bf4674e955bb164414434f) Importer(815301076,1909f56bfc062723c751e8b465ee728b)  -> (artifact id: '3a9f482899031880990655a39f8aa965') in 0.019500 seconds
Number of updated asset objects reloaded before import = 0
Number of asset objects unloaded after import = 3
========================================================================
Received Import Request.
  Time since last request: 0.000014 seconds.
  path: Assets/Assets/UI/Transparent border/panel-transparent-border-007.png
  artifactKey: Guid(31c2e307e2f9b2142a3fe9f8440c1232) Importer(815301076,1909f56bfc062723c751e8b465ee728b)
Start importing Assets/Assets/UI/Transparent border/panel-transparent-border-007.png using Guid(31c2e307e2f9b2142a3fe9f8440c1232) Importer(815301076,1909f56bfc062723c751e8b465ee728b)  -> (artifact id: 'ef3c06eb38dc7ee43683a27dd6700fa7') in 0.018411 seconds
Number of updated asset objects reloaded before import = 0
Number of asset objects unloaded after import = 3
========================================================================
Received Import Request.
  Time since last request: 0.000016 seconds.
  path: Assets/Assets/UI/Transparent border/panel-transparent-border-018.png
  artifactKey: Guid(01e7d94ad830f11498c7742f84a1ffc9) Importer(815301076,1909f56bfc062723c751e8b465ee728b)
Start importing Assets/Assets/UI/Transparent border/panel-transparent-border-018.png using Guid(01e7d94ad830f11498c7742f84a1ffc9) Importer(815301076,1909f56bfc062723c751e8b465ee728b)  -> (artifact id: 'dc5568360ec23cd6b22b196f585322ff') in 0.016637 seconds
Number of updated asset objects reloaded before import = 0
Number of asset objects unloaded after import = 3
========================================================================
Received Import Request.
  Time since last request: 0.000018 seconds.
  path: Assets/Assets/UI/Transparent border/panel-transparent-border-008.png
  artifactKey: Guid(9ada6d5b0b6815a43a37cdbd6aab7382) Importer(815301076,1909f56bfc062723c751e8b465ee728b)
Start importing Assets/Assets/UI/Transparent border/panel-transparent-border-008.png using Guid(9ada6d5b0b6815a43a37cdbd6aab7382) Importer(815301076,1909f56bfc062723c751e8b465ee728b)  -> (artifact id: '555b61b14985ca61b9f04fc8b84f6f71') in 0.018452 seconds
Number of updated asset objects reloaded before import = 0
Number of asset objects unloaded after import = 3
========================================================================
Received Import Request.
  Time since last request: 0.000020 seconds.
  path: Assets/Assets/UI/Transparent border/panel-transparent-border-015.png
  artifactKey: Guid(44595ac2d9876e64982db395b8a3eb5d) Importer(815301076,1909f56bfc062723c751e8b465ee728b)
Start importing Assets/Assets/UI/Transparent border/panel-transparent-border-015.png using Guid(44595ac2d9876e64982db395b8a3eb5d) Importer(815301076,1909f56bfc062723c751e8b465ee728b)  -> (artifact id: '7a2198404cabe56cce35eed335fa60c9') in 0.013038 seconds
Number of updated asset objects reloaded before import = 0
Number of asset objects unloaded after import = 3
========================================================================
Received Import Request.
  Time since last request: 3.011489 seconds.
  path: Assets/Assets/UI/Transparent center/panel-transparent-center-001.png
  artifactKey: Guid(79d2f33cce4e1fe479885947e8336bc5) Importer(815301076,1909f56bfc062723c751e8b465ee728b)
Start importing Assets/Assets/UI/Transparent center/panel-transparent-center-001.png using Guid(79d2f33cce4e1fe479885947e8336bc5) Importer(815301076,1909f56bfc062723c751e8b465ee728b)  -> (artifact id: '185e01ba8d2598e87abb64763c2b2e7e') in 0.015665 seconds
Number of updated asset objects reloaded before import = 0
Number of asset objects unloaded after import = 3
========================================================================
Received Import Request.
  Time since last request: 0.000012 seconds.
  path: Assets/Assets/UI/Transparent center/panel-transparent-center-011.png
  artifactKey: Guid(a736de58ad1e2f145aa2db5fe869f1b7) Importer(815301076,1909f56bfc062723c751e8b465ee728b)
Start importing Assets/Assets/UI/Transparent center/panel-transparent-center-011.png using Guid(a736de58ad1e2f145aa2db5fe869f1b7) Importer(815301076,1909f56bfc062723c751e8b465ee728b)  -> (artifact id: '653b27241f8c0d79bc8c2ba849995496') in 0.015518 seconds
Number of updated asset objects reloaded before import = 0
Number of asset objects unloaded after import = 3
========================================================================
Received Import Request.
  Time since last request: 0.000014 seconds.
  path: Assets/Assets/UI/Transparent center/panel-transparent-center-021.png
  artifactKey: Guid(50f8f3fb3aaaa8f49b54d27599b7c9d4) Importer(815301076,1909f56bfc062723c751e8b465ee728b)
Start importing Assets/Assets/UI/Transparent center/panel-transparent-center-021.png using Guid(50f8f3fb3aaaa8f49b54d27599b7c9d4) Importer(815301076,1909f56bfc062723c751e8b465ee728b)  -> (artifact id: 'eda6429fa646ef6d3c483b9d806a71eb') in 0.017314 seconds
Number of updated asset objects reloaded before import = 0
Number of asset objects unloaded after import = 3
========================================================================
Received Import Request.
  Time since last request: 0.000012 seconds.
  path: Assets/Assets/UI/Transparent center/panel-transparent-center-009.png
  artifactKey: Guid(11d25f19b91591c43a3a2735c17848db) Importer(815301076,1909f56bfc062723c751e8b465ee728b)
Start importing Assets/Assets/UI/Transparent center/panel-transparent-center-009.png using Guid(11d25f19b91591c43a3a2735c17848db) Importer(815301076,1909f56bfc062723c751e8b465ee728b)  -> (artifact id: '8d73aa3dde81d766d95a1f2ed50d3a6e') in 0.015340 seconds
Number of updated asset objects reloaded before import = 0
Number of asset objects unloaded after import = 3
========================================================================
Received Import Request.
  Time since last request: 0.000029 seconds.
  path: Assets/Assets/UI/Transparent center/panel-transparent-center-010.png
  artifactKey: Guid(25487f29aad697a418197da1533fe2ea) Importer(815301076,1909f56bfc062723c751e8b465ee728b)
Start importing Assets/Assets/UI/Transparent center/panel-transparent-center-010.png using Guid(25487f29aad697a418197da1533fe2ea) Importer(815301076,1909f56bfc062723c751e8b465ee728b)  -> (artifact id: '0890c24138678db513dbc733f6dbb258') in 0.017187 seconds
Number of updated asset objects reloaded before import = 0
Number of asset objects unloaded after import = 3
========================================================================
Received Import Request.
  Time since last request: 0.000028 seconds.
  path: Assets/Assets/UI/Transparent center/panel-transparent-center-014.png
  artifactKey: Guid(07ff734753c8dee4f9a9c322162fe7ba) Importer(815301076,1909f56bfc062723c751e8b465ee728b)
Start importing Assets/Assets/UI/Transparent center/panel-transparent-center-014.png using Guid(07ff734753c8dee4f9a9c322162fe7ba) Importer(815301076,1909f56bfc062723c751e8b465ee728b)  -> (artifact id: 'acdd88046649d445902e342ab5e25b2b') in 0.016818 seconds
Number of updated asset objects reloaded before import = 0
Number of asset objects unloaded after import = 3
========================================================================
Received Import Request.
  Time since last request: 9.107104 seconds.
  path: Assets/Assets/UI/Transparent center/panel-transparent-center-024.png
  artifactKey: Guid(095a240d49c1a5d409ff0d92026c0792) Importer(815301076,1909f56bfc062723c751e8b465ee728b)
Start importing Assets/Assets/UI/Transparent center/panel-transparent-center-024.png using Guid(095a240d49c1a5d409ff0d92026c0792) Importer(815301076,1909f56bfc062723c751e8b465ee728b)  -> (artifact id: 'e9868f6581962f5af911d4be4ca45501') in 0.030964 seconds
Number of updated asset objects reloaded before import = 0
Number of asset objects unloaded after import = 3
========================================================================
Received Import Request.
  Time since last request: 0.240197 seconds.
  path: Assets/Assets/UI/Transparent center/panel-transparent-center-026.png
  artifactKey: Guid(38f062497ddb1944887b680927551e0d) Importer(815301076,1909f56bfc062723c751e8b465ee728b)
Start importing Assets/Assets/UI/Transparent center/panel-transparent-center-026.png using Guid(38f062497ddb1944887b680927551e0d) Importer(815301076,1909f56bfc062723c751e8b465ee728b)  -> (artifact id: '2fa0c134f7cdf4b398f367b9f9b9fe94') in 0.031413 seconds
Number of updated asset objects reloaded before import = 0
Number of asset objects unloaded after import = 3
========================================================================
Received Import Request.
  Time since last request: 0.006634 seconds.
  path: Assets/Assets/UI/Transparent center/panel-transparent-center-031.png
  artifactKey: Guid(1468948fcd1456a4081e123b0b9eab29) Importer(815301076,1909f56bfc062723c751e8b465ee728b)
Start importing Assets/Assets/UI/Transparent center/panel-transparent-center-031.png using Guid(1468948fcd1456a4081e123b0b9eab29) Importer(815301076,1909f56bfc062723c751e8b465ee728b)  -> (artifact id: '9ed44ba7a0f4cbf6cb450fef75ab95b9') in 0.018000 seconds
Number of updated asset objects reloaded before import = 0
Number of asset objects unloaded after import = 3
========================================================================
Received Import Request.
  Time since last request: 4.706359 seconds.
  path: Assets/Assets/UI/Border/panel-border-024.png
  artifactKey: Guid(7ca92e695b8fcaa4fb7a7187f788aecc) Importer(815301076,1909f56bfc062723c751e8b465ee728b)
Start importing Assets/Assets/UI/Border/panel-border-024.png using Guid(7ca92e695b8fcaa4fb7a7187f788aecc) Importer(815301076,1909f56bfc062723c751e8b465ee728b)  -> (artifact id: 'eee551b2abc23f9c162cb7495b4cf0bf') in 0.027405 seconds
Number of updated asset objects reloaded before import = 0
Number of asset objects unloaded after import = 3
========================================================================
Received Import Request.
  Time since last request: 0.401774 seconds.
  path: Assets/Assets/UI/Border/panel-border-026.png
  artifactKey: Guid(ad0f9cd8304655b4ebe705a3120047a3) Importer(815301076,1909f56bfc062723c751e8b465ee728b)
Start importing Assets/Assets/UI/Border/panel-border-026.png using Guid(ad0f9cd8304655b4ebe705a3120047a3) Importer(815301076,1909f56bfc062723c751e8b465ee728b)  -> (artifact id: '015c7947af586e5d567ff776d6febfc0') in 0.028649 seconds
Number of updated asset objects reloaded before import = 0
Number of asset objects unloaded after import = 3
========================================================================
Received Import Request.
  Time since last request: 0.146862 seconds.
  path: Assets/Assets/UI/Border/panel-border-028.png
  artifactKey: Guid(2e06af6f9beef914bb9ef15c2df7aa46) Importer(815301076,1909f56bfc062723c751e8b465ee728b)
Start importing Assets/Assets/UI/Border/panel-border-028.png using Guid(2e06af6f9beef914bb9ef15c2df7aa46) Importer(815301076,1909f56bfc062723c751e8b465ee728b)  -> (artifact id: '6cbcd1b1bd523ee53fdbc203dbddb0ad') in 0.021834 seconds
Number of updated asset objects reloaded before import = 0
Number of asset objects unloaded after import = 3
========================================================================
Received Import Request.
  Time since last request: 0.108550 seconds.
  path: Assets/Assets/UI/Border/panel-border-030.png
  artifactKey: Guid(b2c94bbd3a9497e45ba0686f95c0ef64) Importer(815301076,1909f56bfc062723c751e8b465ee728b)
Start importing Assets/Assets/UI/Border/panel-border-030.png using Guid(b2c94bbd3a9497e45ba0686f95c0ef64) Importer(815301076,1909f56bfc062723c751e8b465ee728b)  -> (artifact id: 'a044632bfe5fcf081868b2990eadc190') in 0.018410 seconds
Number of updated asset objects reloaded before import = 0
Number of asset objects unloaded after import = 3
========================================================================
Received Import Request.
  Time since last request: 50.007429 seconds.
  path: Assets/Assets/UI/Divider/divider-001.png
  artifactKey: Guid(40bd56bbfcd2c094e8cd2af5dc471214) Importer(815301076,1909f56bfc062723c751e8b465ee728b)
Start importing Assets/Assets/UI/Divider/divider-001.png using Guid(40bd56bbfcd2c094e8cd2af5dc471214) Importer(815301076,1909f56bfc062723c751e8b465ee728b)  -> (artifact id: 'd32c5ec8380d0df15e7f996fcc89fe1e') in 0.023838 seconds
Number of updated asset objects reloaded before import = 0
Number of asset objects unloaded after import = 3
========================================================================
Received Import Request.
  Time since last request: 0.000013 seconds.
  path: Assets/Assets/UI/Divider/divider-004.png
  artifactKey: Guid(113969825a981cf4cb6d0511dba3ef0a) Importer(815301076,1909f56bfc062723c751e8b465ee728b)
Start importing Assets/Assets/UI/Divider/divider-004.png using Guid(113969825a981cf4cb6d0511dba3ef0a) Importer(815301076,1909f56bfc062723c751e8b465ee728b)  -> (artifact id: 'cd674669cc779d5f9c6685e73fc07a64') in 0.015140 seconds
Number of updated asset objects reloaded before import = 0
Number of asset objects unloaded after import = 3
========================================================================
Received Import Request.
  Time since last request: 564.336260 seconds.
  path: Assets/TextMesh Pro/Examples & Extras/Resources/Fonts & Materials/Bangers SDF.asset
  artifactKey: Guid(125cb55b44b24c4393181402bc6200e6) Importer(815301076,1909f56bfc062723c751e8b465ee728b)
Start importing Assets/TextMesh Pro/Examples & Extras/Resources/Fonts & Materials/Bangers SDF.asset using Guid(125cb55b44b24c4393181402bc6200e6) Importer(815301076,1909f56bfc062723c751e8b465ee728b)  -> (artifact id: '08394f6a3d68a54659c998995b32a174') in 0.085816 seconds
Number of updated asset objects reloaded before import = 0
Number of asset objects unloaded after import = 6
========================================================================
Received Import Request.
  Time since last request: 0.000015 seconds.
  path: Assets/TextMesh Pro/Resources/Fonts & Materials/LiberationSans SDF - Fallback.asset
  artifactKey: Guid(2e498d1c8094910479dc3e1b768306a4) Importer(815301076,1909f56bfc062723c751e8b465ee728b)
Start importing Assets/TextMesh Pro/Resources/Fonts & Materials/LiberationSans SDF - Fallback.asset using Guid(2e498d1c8094910479dc3e1b768306a4) Importer(815301076,1909f56bfc062723c751e8b465ee728b)  -> (artifact id: 'd77be8ebce00addd555747197e300d59') in 0.041783 seconds
Number of updated asset objects reloaded before import = 0
Number of asset objects unloaded after import = 6
========================================================================
Received Import Request.
  Time since last request: 0.785677 seconds.
  path: Assets/TextMesh Pro/Examples & Extras/Resources/Fonts & Materials/Anton SDF.asset
  artifactKey: Guid(8a89fa14b10d46a99122fd4f73fca9a2) Importer(815301076,1909f56bfc062723c751e8b465ee728b)
Start importing Assets/TextMesh Pro/Examples & Extras/Resources/Fonts & Materials/Anton SDF.asset using Guid(8a89fa14b10d46a99122fd4f73fca9a2) Importer(815301076,1909f56bfc062723c751e8b465ee728b)  -> (artifact id: 'c9ccb6137b06134794913b96496d550f') in 0.029502 seconds
Number of updated asset objects reloaded before import = 0
Number of asset objects unloaded after import = 6
========================================================================
Received Prepare
Begin MonoManager ReloadAssembly
- Loaded All Assemblies, in  0.305 seconds
Refreshing native plugins compatible for Editor in 2.46 ms, found 4 plugins.
Native extension for WindowsStandalone target not found
Native extension for Android target not found
[Package Manager] Server::EnsureServerProcessIsRunning -- launch failed, reason: Unity was launched with the -noUpm command-line argument
[Package Manager] UpmClient::Send -- Unable to send message (not connected to UPM process).
[Package Manager] Cannot connect to Unity Package Manager local server
Mono: successfully reloaded assembly
- Finished resetting the current domain, in  0.600 seconds
Domain Reload Profiling: 903ms
	BeginReloadAssembly (107ms)
		ExecutionOrderSort (0ms)
		DisableScriptedObjects (7ms)
		BackupInstance (0ms)
		ReleaseScriptingObjects (0ms)
		CreateAndSetChildDomain (26ms)
	RebuildCommonClasses (19ms)
	RebuildNativeTypeToScriptingClass (7ms)
	initialDomainReloadingComplete (18ms)
	LoadAllAssembliesAndSetupDomain (152ms)
		LoadAssemblies (192ms)
		RebuildTransferFunctionScriptingTraits (0ms)
		AnalyzeDomain (11ms)
			TypeCache.Refresh (5ms)
				TypeCache.ScanAssembly (0ms)
			ScanForSourceGeneratedMonoScriptInfo (0ms)
			ResolveRequiredComponents (5ms)
	FinalizeReload (600ms)
		ReleaseScriptCaches (0ms)
		RebuildScriptCaches (0ms)
		SetupLoadedEditorAssemblies (303ms)
			LogAssemblyErrors (0ms)
			InitializePlatformSupportModulesInManaged (16ms)
			SetLoadedEditorAssemblies (4ms)
			RefreshPlugins (0ms)
			BeforeProcessingInitializeOnLoad (48ms)
			ProcessInitializeOnLoadAttributes (207ms)
			ProcessInitializeOnLoadMethodAttributes (24ms)
			AfterProcessingInitializeOnLoad (3ms)
			EditorAssembliesLoaded (0ms)
		ExecutionOrderSort2 (0ms)
		AwakeInstancesAfterBackupRestoration (10ms)
Refreshing native plugins compatible for Editor in 2.76 ms, found 4 plugins.
Preloading 0 native plugins for Editor in 0.00 ms.
Unloading 4276 Unused Serialized files (Serialized files now loaded: 0)
Unloading 41 unused Assets / (38.9 KB). Loaded Objects now: 4822.
Memory consumption went from 155.8 MB to 155.7 MB.
Total: 2.227000 ms (FindLiveObjects: 0.166000 ms CreateObjectMapping: 0.072500 ms MarkObjects: 1.937600 ms  DeleteObjects: 0.050200 ms)

Prepare: number of updated asset objects reloaded= 0
AssetImportParameters requested are different than current active one (requested -> active):
  custom:container-demuxer-ogg: 62fdf1f143b41e24485cea50d1cbac27 -> 
  custom:video-codec-MediaFoundation-h265: 746d11721c4dcdbdad8f713fa42b33f4 -> 
  custom:video-decoder-ogg-theora: a1e56fd34408186e4bbccfd4996cb3dc -> 
  custom:framework-win-MediaFoundation: 216162199b28c13a410421893ffa2e32 -> 
  custom:CustomObjectIndexerAttribute: 43b350a4d6e6d1791af0b5038c4bea17 -> 
  custom:container-demuxer-webm: 4f35f7cbe854078d1ac9338744f61a02 -> 
  custom:container-muxer-webm: aa71ff27fc2769a1b78a27578f13a17b -> 
  custom:video-decoder-webm-vp8: 9c59270c3fd7afecdb556c50c9e8de78 -> 
  custom:SearchIndexIgnoredProperties: e643bd26f0fe6173181afceb89e7c659 -> 
  custom:AudioImporter_EditorPlatform: d09bf68614088b80899f8185d706f6e7 -> 
  custom:video-encoder-webm-vp8: eb34c28f22e8b96e1ab97ce403110664 -> 
  custom:audio-decoder-ogg-vorbis: bf7c407c2cedff20999df2af8eb42d56 -> 
  custom:audio-encoder-webm-vorbis: bf7c407c2cedff20999df2af8eb42d56 -> 
