Using pre-set license
Built from '2022.3/staging' branch; Version is '2022.3.16f1 (d2c21f0ef2f1) revision 13812255'; Using compiler version '192829333'; Build Type 'Release'
OS: 'Windows 11  (10.0.22631) 64bit Professional' Language: 'tr' Physical Memory: 16024 MB
BatchMode: 1, IsHumanControllingUs: 0, StartBugReporterOnCrash: 0, Is64bit: 1, IsPro: 1

COMMAND LINE ARGUMENTS:
C:\Program Files\Unity\Hub\Editor\2022.3.16f1\Editor\Unity.exe
-adb2
-batchMode
-noUpm
-name
AssetImportWorker4
-projectPath
C:/Users/meliksah/Documents/GitHub/-SurviveIfTight
-logFile
Logs/AssetImportWorker4.log
-srvPort
54629
Successfully changed project path to: C:/Users/meliksah/Documents/GitHub/-SurviveIfTight
C:/Users/meliksah/Documents/GitHub/-SurviveIfTight
[UnityMemory] Configuration Parameters - Can be set up in boot.config
    "memorysetup-bucket-allocator-granularity=16"
    "memorysetup-bucket-allocator-bucket-count=8"
    "memorysetup-bucket-allocator-block-size=33554432"
    "memorysetup-bucket-allocator-block-count=8"
    "memorysetup-main-allocator-block-size=16777216"
    "memorysetup-thread-allocator-block-size=16777216"
    "memorysetup-gfx-main-allocator-block-size=16777216"
    "memorysetup-gfx-thread-allocator-block-size=16777216"
    "memorysetup-cache-allocator-block-size=4194304"
    "memorysetup-typetree-allocator-block-size=2097152"
    "memorysetup-profiler-bucket-allocator-granularity=16"
    "memorysetup-profiler-bucket-allocator-bucket-count=8"
    "memorysetup-profiler-bucket-allocator-block-size=33554432"
    "memorysetup-profiler-bucket-allocator-block-count=8"
    "memorysetup-profiler-allocator-block-size=16777216"
    "memorysetup-profiler-editor-allocator-block-size=1048576"
    "memorysetup-temp-allocator-size-main=16777216"
    "memorysetup-job-temp-allocator-block-size=2097152"
    "memorysetup-job-temp-allocator-block-size-background=1048576"
    "memorysetup-job-temp-allocator-reduction-small-platforms=262144"
    "memorysetup-allocator-temp-initial-block-size-main=262144"
    "memorysetup-allocator-temp-initial-block-size-worker=262144"
    "memorysetup-temp-allocator-size-background-worker=32768"
    "memorysetup-temp-allocator-size-job-worker=262144"
    "memorysetup-temp-allocator-size-preload-manager=33554432"
    "memorysetup-temp-allocator-size-nav-mesh-worker=65536"
    "memorysetup-temp-allocator-size-audio-worker=65536"
    "memorysetup-temp-allocator-size-cloud-worker=32768"
    "memorysetup-temp-allocator-size-gi-baking-worker=262144"
    "memorysetup-temp-allocator-size-gfx=262144"
Player connection [11900] Host "[IP] 192.168.1.52 [Port] 0 [Flags] 2 [Guid] 198698683 [EditorId] 198698683 [Version] 1048832 [Id] WindowsEditor(7,DESKTOP-D2649C1) [Debug] 1 [PackageName] WindowsEditor [ProjectName] Editor" joined multi-casting on [225.0.0.222:54997]...

Player connection [11900] Host "[IP] 192.168.1.52 [Port] 0 [Flags] 2 [Guid] 198698683 [EditorId] 198698683 [Version] 1048832 [Id] WindowsEditor(7,DESKTOP-D2649C1) [Debug] 1 [PackageName] WindowsEditor [ProjectName] Editor" joined alternative multi-casting on [225.0.0.222:34997]...

[Physics::Module] Initialized MultithreadedJobDispatcher with 15 workers.
Refreshing native plugins compatible for Editor in 7.30 ms, found 4 plugins.
Preloading 0 native plugins for Editor in 0.00 ms.
Initialize engine version: 2022.3.16f1 (d2c21f0ef2f1)
[Subsystems] Discovering subsystems at path C:/Program Files/Unity/Hub/Editor/2022.3.16f1/Editor/Data/Resources/UnitySubsystems
[Subsystems] Discovering subsystems at path C:/Users/meliksah/Documents/GitHub/-SurviveIfTight/Assets
GfxDevice: creating device client; threaded=0; jobified=0
Direct3D:
    Version:  Direct3D 11.0 [level 11.1]
    Renderer: NVIDIA GeForce RTX 3050 6GB Laptop GPU (ID=0x25ac)
    Vendor:   NVIDIA
    VRAM:     6017 MB
    Driver:   31.0.15.4633
Initialize mono
Mono path[0] = 'C:/Program Files/Unity/Hub/Editor/2022.3.16f1/Editor/Data/Managed'
Mono path[1] = 'C:/Program Files/Unity/Hub/Editor/2022.3.16f1/Editor/Data/MonoBleedingEdge/lib/mono/unityjit-win32'
Mono config path = 'C:/Program Files/Unity/Hub/Editor/2022.3.16f1/Editor/Data/MonoBleedingEdge/etc'
Using monoOptions --debugger-agent=transport=dt_socket,embedding=1,server=y,suspend=n,address=127.0.0.1:56676
Begin MonoManager ReloadAssembly
Registering precompiled unity dll's ...
Register platform support module: C:/Program Files/Unity/Hub/Editor/2022.3.16f1/Editor/Data/PlaybackEngines/AndroidPlayer/UnityEditor.Android.Extensions.dll
Register platform support module: C:/Program Files/Unity/Hub/Editor/2022.3.16f1/Editor/Data/PlaybackEngines/WindowsStandaloneSupport/UnityEditor.WindowsStandalone.Extensions.dll
Registered in 0.003868 seconds.
- Loaded All Assemblies, in  0.234 seconds
Native extension for WindowsStandalone target not found
Native extension for Android target not found
Android Extension - Scanning For ADB Devices 191 ms
Mono: successfully reloaded assembly
- Finished resetting the current domain, in  0.421 seconds
Domain Reload Profiling: 654ms
	BeginReloadAssembly (70ms)
		ExecutionOrderSort (0ms)
		DisableScriptedObjects (0ms)
		BackupInstance (0ms)
		ReleaseScriptingObjects (0ms)
		CreateAndSetChildDomain (1ms)
	RebuildCommonClasses (22ms)
	RebuildNativeTypeToScriptingClass (7ms)
	initialDomainReloadingComplete (36ms)
	LoadAllAssembliesAndSetupDomain (98ms)
		LoadAssemblies (70ms)
		RebuildTransferFunctionScriptingTraits (0ms)
		AnalyzeDomain (97ms)
			TypeCache.Refresh (96ms)
				TypeCache.ScanAssembly (87ms)
			ScanForSourceGeneratedMonoScriptInfo (0ms)
			ResolveRequiredComponents (0ms)
	FinalizeReload (421ms)
		ReleaseScriptCaches (0ms)
		RebuildScriptCaches (0ms)
		SetupLoadedEditorAssemblies (380ms)
			LogAssemblyErrors (0ms)
			InitializePlatformSupportModulesInManaged (269ms)
			SetLoadedEditorAssemblies (3ms)
			RefreshPlugins (0ms)
			BeforeProcessingInitializeOnLoad (2ms)
			ProcessInitializeOnLoadAttributes (75ms)
			ProcessInitializeOnLoadMethodAttributes (31ms)
			AfterProcessingInitializeOnLoad (0ms)
			EditorAssembliesLoaded (0ms)
		ExecutionOrderSort2 (0ms)
		AwakeInstancesAfterBackupRestoration (0ms)
========================================================================
Worker process is ready to serve import requests
Begin MonoManager ReloadAssembly
- Loaded All Assemblies, in  0.472 seconds
Refreshing native plugins compatible for Editor in 2.52 ms, found 4 plugins.
Native extension for WindowsStandalone target not found
Native extension for Android target not found
Package Manager log level set to [2]
[Package Manager] Server::EnsureServerProcessIsRunning -- launch failed, reason: Unity was launched with the -noUpm command-line argument
[Package Manager] UpmClient::Send -- Unable to send message (not connected to UPM process).
[Package Manager] Cannot connect to Unity Package Manager local server
Mono: successfully reloaded assembly
- Finished resetting the current domain, in  0.426 seconds
Domain Reload Profiling: 897ms
	BeginReloadAssembly (95ms)
		ExecutionOrderSort (0ms)
		DisableScriptedObjects (3ms)
		BackupInstance (0ms)
		ReleaseScriptingObjects (0ms)
		CreateAndSetChildDomain (15ms)
	RebuildCommonClasses (22ms)
	RebuildNativeTypeToScriptingClass (7ms)
	initialDomainReloadingComplete (30ms)
	LoadAllAssembliesAndSetupDomain (317ms)
		LoadAssemblies (240ms)
		RebuildTransferFunctionScriptingTraits (0ms)
		AnalyzeDomain (132ms)
			TypeCache.Refresh (109ms)
				TypeCache.ScanAssembly (96ms)
			ScanForSourceGeneratedMonoScriptInfo (17ms)
			ResolveRequiredComponents (5ms)
	FinalizeReload (426ms)
		ReleaseScriptCaches (0ms)
		RebuildScriptCaches (0ms)
		SetupLoadedEditorAssemblies (314ms)
			LogAssemblyErrors (0ms)
			InitializePlatformSupportModulesInManaged (16ms)
			SetLoadedEditorAssemblies (2ms)
			RefreshPlugins (0ms)
			BeforeProcessingInitializeOnLoad (48ms)
			ProcessInitializeOnLoadAttributes (218ms)
			ProcessInitializeOnLoadMethodAttributes (27ms)
			AfterProcessingInitializeOnLoad (3ms)
			EditorAssembliesLoaded (0ms)
		ExecutionOrderSort2 (0ms)
		AwakeInstancesAfterBackupRestoration (4ms)
Launched and connected shader compiler UnityShaderCompiler.exe after 0.04 seconds
Refreshing native plugins compatible for Editor in 2.51 ms, found 4 plugins.
Preloading 0 native plugins for Editor in 0.00 ms.
Unloading 4304 Unused Serialized files (Serialized files now loaded: 0)
Unloading 71 unused Assets / (63.7 KB). Loaded Objects now: 4765.
Memory consumption went from 161.1 MB to 161.0 MB.
Total: 2.482800 ms (FindLiveObjects: 0.186800 ms CreateObjectMapping: 0.069400 ms MarkObjects: 2.101000 ms  DeleteObjects: 0.124400 ms)

AssetImportParameters requested are different than current active one (requested -> active):
  custom:container-demuxer-ogg: 62fdf1f143b41e24485cea50d1cbac27 -> 
  custom:video-codec-MediaFoundation-h265: 746d11721c4dcdbdad8f713fa42b33f4 -> 
  custom:video-decoder-ogg-theora: a1e56fd34408186e4bbccfd4996cb3dc -> 
  custom:framework-win-MediaFoundation: 216162199b28c13a410421893ffa2e32 -> 
  custom:CustomObjectIndexerAttribute: 43b350a4d6e6d1791af0b5038c4bea17 -> 
  custom:container-demuxer-webm: 4f35f7cbe854078d1ac9338744f61a02 -> 
  custom:container-muxer-webm: aa71ff27fc2769a1b78a27578f13a17b -> 
  custom:video-decoder-webm-vp8: 9c59270c3fd7afecdb556c50c9e8de78 -> 
  custom:SearchIndexIgnoredProperties: e643bd26f0fe6173181afceb89e7c659 -> 
  custom:AudioImporter_EditorPlatform: d09bf68614088b80899f8185d706f6e7 -> 
  custom:video-encoder-webm-vp8: eb34c28f22e8b96e1ab97ce403110664 -> 
  custom:audio-decoder-ogg-vorbis: bf7c407c2cedff20999df2af8eb42d56 -> 
  custom:audio-encoder-webm-vorbis: bf7c407c2cedff20999df2af8eb42d56 -> 
========================================================================
Received Import Request.
  Time since last request: 14564.908994 seconds.
  path: Assets/Cainos/Pixel Art Top Down - Basic/Texture/TX Tileset Wall.png
  artifactKey: Guid(9f8f114589864b6489859a58fbb6baf9) Importer(815301076,1909f56bfc062723c751e8b465ee728b)
Start importing Assets/Cainos/Pixel Art Top Down - Basic/Texture/TX Tileset Wall.png using Guid(9f8f114589864b6489859a58fbb6baf9) Importer(815301076,1909f56bfc062723c751e8b465ee728b)  -> (artifact id: '9733c6eaa78b2cf5807a2c7abbd1812a') in 0.125017 seconds
Number of updated asset objects reloaded before import = 0
Number of asset objects unloaded after import = 63
========================================================================
Received Import Request.
  Time since last request: 251.487536 seconds.
  path: Assets/Cainos/Pixel Art Top Down - Basic/Texture/TX Tileset Wall.png
  artifactKey: Guid(9f8f114589864b6489859a58fbb6baf9) Importer(815301076,1909f56bfc062723c751e8b465ee728b)
Start importing Assets/Cainos/Pixel Art Top Down - Basic/Texture/TX Tileset Wall.png using Guid(9f8f114589864b6489859a58fbb6baf9) Importer(815301076,1909f56bfc062723c751e8b465ee728b)  -> (artifact id: 'a938dee43de63e902370dbb2d867f8a9') in 0.076822 seconds
Number of updated asset objects reloaded before import = 0
Number of asset objects unloaded after import = 63
========================================================================
Received Import Request.
  Time since last request: 201.033442 seconds.
  path: Assets/Cainos/Pixel Art Top Down - Basic/Texture/TX Tileset Wall.png
  artifactKey: Guid(9f8f114589864b6489859a58fbb6baf9) Importer(815301076,1909f56bfc062723c751e8b465ee728b)
Start importing Assets/Cainos/Pixel Art Top Down - Basic/Texture/TX Tileset Wall.png using Guid(9f8f114589864b6489859a58fbb6baf9) Importer(815301076,1909f56bfc062723c751e8b465ee728b)  -> (artifact id: '1494b6d30431eaf762a719bd1276d6e0') in 0.082300 seconds
Number of updated asset objects reloaded before import = 0
Number of asset objects unloaded after import = 63
========================================================================
Received Import Request.
  Time since last request: 385.570223 seconds.
  path: Assets/Cainos/Pixel Art Top Down - Basic/Texture/TX Tileset Wall.png
  artifactKey: Guid(9f8f114589864b6489859a58fbb6baf9) Importer(815301076,1909f56bfc062723c751e8b465ee728b)
Start importing Assets/Cainos/Pixel Art Top Down - Basic/Texture/TX Tileset Wall.png using Guid(9f8f114589864b6489859a58fbb6baf9) Importer(815301076,1909f56bfc062723c751e8b465ee728b)  -> (artifact id: 'd037481c61e447ede8f35e56dd5f06d9') in 0.082473 seconds
Number of updated asset objects reloaded before import = 0
Number of asset objects unloaded after import = 63
========================================================================
Received Import Request.
  Time since last request: 519.053370 seconds.
  path: Assets/Photon/PhotonUnityNetworking/Demos/DemoProcedural/Materials/LightGreen.mat
  artifactKey: Guid(cd644746d7159df42b0c206b559af881) Importer(815301076,1909f56bfc062723c751e8b465ee728b)
Start importing Assets/Photon/PhotonUnityNetworking/Demos/DemoProcedural/Materials/LightGreen.mat using Guid(cd644746d7159df42b0c206b559af881) Importer(815301076,1909f56bfc062723c751e8b465ee728b)  -> (artifact id: '90cc60081cd0c0d80ede90cb56575229') in 0.202833 seconds
Number of updated asset objects reloaded before import = 0
Number of asset objects unloaded after import = 1
========================================================================
Received Import Request.
  Time since last request: 0.000017 seconds.
  path: Assets/Photon/PhotonUnityNetworking/Demos/DemoProcedural/Materials/Orange.mat
  artifactKey: Guid(09adc4af150569a4cb996354c367b8c8) Importer(815301076,1909f56bfc062723c751e8b465ee728b)
Start importing Assets/Photon/PhotonUnityNetworking/Demos/DemoProcedural/Materials/Orange.mat using Guid(09adc4af150569a4cb996354c367b8c8) Importer(815301076,1909f56bfc062723c751e8b465ee728b)  -> (artifact id: '4925e4d4b6468cd6423624e129efab40') in 0.012845 seconds
Number of updated asset objects reloaded before import = 0
Number of asset objects unloaded after import = 1
========================================================================
Received Import Request.
  Time since last request: 0.000028 seconds.
  path: Assets/Photon/PhotonUnityNetworking/Demos/DemoAsteroids/Materials/ParticleAfterburner.mat
  artifactKey: Guid(dc1a05fba9a6af241a25a35b4caf5e27) Importer(815301076,1909f56bfc062723c751e8b465ee728b)
Start importing Assets/Photon/PhotonUnityNetworking/Demos/DemoAsteroids/Materials/ParticleAfterburner.mat using Guid(dc1a05fba9a6af241a25a35b4caf5e27) Importer(815301076,1909f56bfc062723c751e8b465ee728b)  -> (artifact id: 'e931d24450e65c02b31c22b139f052fc') in 0.035668 seconds
Number of updated asset objects reloaded before import = 0
Number of asset objects unloaded after import = 1
========================================================================
Received Import Request.
  Time since last request: 0.000019 seconds.
  path: Assets/Photon/PhotonUnityNetworking/Demos/Shared Assets/Materials/PlayerDiamond.mat
  artifactKey: Guid(c597444fc6a08854d89baeeff4ba511d) Importer(815301076,1909f56bfc062723c751e8b465ee728b)
Start importing Assets/Photon/PhotonUnityNetworking/Demos/Shared Assets/Materials/PlayerDiamond.mat using Guid(c597444fc6a08854d89baeeff4ba511d) Importer(815301076,1909f56bfc062723c751e8b465ee728b)  -> (artifact id: '3799b674ddb6026dd9fd6c2da77b10ec') in 0.104803 seconds
Number of updated asset objects reloaded before import = 0
Number of asset objects unloaded after import = 2
========================================================================
Received Import Request.
  Time since last request: 373.589897 seconds.
  path: ProjectSettings/TagManager.asset
  artifactKey: Guid(00000000000000003000000000000000) Importer(815301076,1909f56bfc062723c751e8b465ee728b)
Start importing ProjectSettings/TagManager.asset using Guid(00000000000000003000000000000000) Importer(815301076,1909f56bfc062723c751e8b465ee728b)  -> (artifact id: '91345eda65cc76bb538df803a5807b0e') in 0.001152 seconds
Number of updated asset objects reloaded before import = 0
Number of asset objects unloaded after import = 0
========================================================================
Received Import Request.
  Time since last request: 2445.310716 seconds.
  path: ProjectSettings/TagManager.asset
  artifactKey: Guid(00000000000000003000000000000000) Importer(815301076,1909f56bfc062723c751e8b465ee728b)
Start importing ProjectSettings/TagManager.asset using Guid(00000000000000003000000000000000) Importer(815301076,1909f56bfc062723c751e8b465ee728b)  -> (artifact id: '9397ff392632e8d03071ae0314bac445') in 0.001864 seconds
Number of updated asset objects reloaded before import = 0
Number of asset objects unloaded after import = 0
========================================================================
Received Import Request.
  Time since last request: 1374.604396 seconds.
  path: Assets/Resources/Karakter.prefab
  artifactKey: Guid(269a24c12c28480459a283817057e26e) Importer(815301076,1909f56bfc062723c751e8b465ee728b)
Start importing Assets/Resources/Karakter.prefab using Guid(269a24c12c28480459a283817057e26e) Importer(815301076,1909f56bfc062723c751e8b465ee728b)  -> (artifact id: 'e6b1e581c9efc6cf367a898513d25c92') in 0.048788 seconds
Number of updated asset objects reloaded before import = 0
Number of asset objects unloaded after import = 44
========================================================================
Received Import Request.
  Time since last request: 44.620439 seconds.
  path: ProjectSettings/TagManager.asset
  artifactKey: Guid(00000000000000003000000000000000) Importer(815301076,1909f56bfc062723c751e8b465ee728b)
Start importing ProjectSettings/TagManager.asset using Guid(00000000000000003000000000000000) Importer(815301076,1909f56bfc062723c751e8b465ee728b)  -> (artifact id: '21331689c771433c0fcd56ea1027acbe') in 0.000776 seconds
Number of updated asset objects reloaded before import = 0
Number of asset objects unloaded after import = 0
========================================================================
Received Import Request.
  Time since last request: 12.654226 seconds.
  path: Assets/Resources/Karakter.prefab
  artifactKey: Guid(269a24c12c28480459a283817057e26e) Importer(815301076,1909f56bfc062723c751e8b465ee728b)
Start importing Assets/Resources/Karakter.prefab using Guid(269a24c12c28480459a283817057e26e) Importer(815301076,1909f56bfc062723c751e8b465ee728b)  -> (artifact id: 'a23e1efa86d4817c9155b7f5fcc329dd') in 0.009804 seconds
Number of updated asset objects reloaded before import = 0
Number of asset objects unloaded after import = 44
========================================================================
Received Import Request.
  Time since last request: 13.537814 seconds.
  path: Assets/Resources/Karakter.prefab
  artifactKey: Guid(269a24c12c28480459a283817057e26e) Importer(815301076,1909f56bfc062723c751e8b465ee728b)
Start importing Assets/Resources/Karakter.prefab using Guid(269a24c12c28480459a283817057e26e) Importer(815301076,1909f56bfc062723c751e8b465ee728b)  -> (artifact id: 'b4beb7f3cdf4669e2d757da5e69ebf3a') in 0.012018 seconds
Number of updated asset objects reloaded before import = 0
Number of asset objects unloaded after import = 44
========================================================================
Received Import Request.
  Time since last request: 131.060992 seconds.
  path: Assets/Players/Player Red
  artifactKey: Guid(ff55d2a4ae28e7e4fb3a593ea32b08b2) Importer(815301076,1909f56bfc062723c751e8b465ee728b)
Start importing Assets/Players/Player Red using Guid(ff55d2a4ae28e7e4fb3a593ea32b08b2) Importer(815301076,1909f56bfc062723c751e8b465ee728b)  -> (artifact id: '638389b8c6b7397fe483d2b88cea1977') in 0.000604 seconds
Number of updated asset objects reloaded before import = 0
Number of asset objects unloaded after import = 0
========================================================================
Received Import Request.
  Time since last request: 0.062410 seconds.
  path: Assets/Players/Player Red/playerRed_dead.png
  artifactKey: Guid(2d3dd7d9edc452847a6303e867273dd1) Importer(815301076,1909f56bfc062723c751e8b465ee728b)
Start importing Assets/Players/Player Red/playerRed_dead.png using Guid(2d3dd7d9edc452847a6303e867273dd1) Importer(815301076,1909f56bfc062723c751e8b465ee728b)  -> (artifact id: 'ba90b64b0ee7707084ddd07b9b9bd07b') in 0.040579 seconds
Number of updated asset objects reloaded before import = 0
Number of asset objects unloaded after import = 3
========================================================================
Received Import Request.
  Time since last request: 0.000043 seconds.
  path: Assets/Players/Player Red/playerRed_hit.png
  artifactKey: Guid(fd593a64ff7112641b7ac5ff25797430) Importer(815301076,1909f56bfc062723c751e8b465ee728b)
Start importing Assets/Players/Player Red/playerRed_hit.png using Guid(fd593a64ff7112641b7ac5ff25797430) Importer(815301076,1909f56bfc062723c751e8b465ee728b)  -> (artifact id: 'cff866c95d996000c20a939752a5938a') in 0.024702 seconds
Number of updated asset objects reloaded before import = 0
Number of asset objects unloaded after import = 3
========================================================================
Received Import Request.
  Time since last request: 0.000013 seconds.
  path: Assets/Players/Player Red/playerRed_roll.png
  artifactKey: Guid(70b2bf32e95bd6a408eef33537f3f560) Importer(815301076,1909f56bfc062723c751e8b465ee728b)
Start importing Assets/Players/Player Red/playerRed_roll.png using Guid(70b2bf32e95bd6a408eef33537f3f560) Importer(815301076,1909f56bfc062723c751e8b465ee728b)  -> (artifact id: 'a9e5661904a8c1f235bf67bd595c6334') in 0.038010 seconds
Number of updated asset objects reloaded before import = 0
Number of asset objects unloaded after import = 3
========================================================================
Received Import Request.
  Time since last request: 0.000102 seconds.
  path: Assets/Players/Player Red/playerRed_up3.png
  artifactKey: Guid(3dff8c5ce5b947c4a9e169e25443876b) Importer(815301076,1909f56bfc062723c751e8b465ee728b)
Start importing Assets/Players/Player Red/playerRed_up3.png using Guid(3dff8c5ce5b947c4a9e169e25443876b) Importer(815301076,1909f56bfc062723c751e8b465ee728b)  -> (artifact id: '945da5eb0f38ac768937041188d1831f') in 0.019192 seconds
Number of updated asset objects reloaded before import = 0
Number of asset objects unloaded after import = 3
========================================================================
Received Import Request.
  Time since last request: 0.000023 seconds.
  path: Assets/Players/Player Red/playerRed_walk4.png
  artifactKey: Guid(7bfd6db11f542a940a7a99a723d4459a) Importer(815301076,1909f56bfc062723c751e8b465ee728b)
Start importing Assets/Players/Player Red/playerRed_walk4.png using Guid(7bfd6db11f542a940a7a99a723d4459a) Importer(815301076,1909f56bfc062723c751e8b465ee728b)  -> (artifact id: '0fce51aaacf750bc9406696d94e878b3') in 0.019036 seconds
Number of updated asset objects reloaded before import = 0
Number of asset objects unloaded after import = 3
========================================================================
Received Import Request.
  Time since last request: 0.000047 seconds.
  path: Assets/Players/Player Red/playerRed_swim1.png
  artifactKey: Guid(b86c0d602b86f29449cdfc6849f00af4) Importer(815301076,1909f56bfc062723c751e8b465ee728b)
Start importing Assets/Players/Player Red/playerRed_swim1.png using Guid(b86c0d602b86f29449cdfc6849f00af4) Importer(815301076,1909f56bfc062723c751e8b465ee728b)  -> (artifact id: 'a7ff86e9b08f6fd818ef335ca4c7c118') in 0.017888 seconds
Number of updated asset objects reloaded before import = 0
Number of asset objects unloaded after import = 3
========================================================================
Received Import Request.
  Time since last request: 0.000017 seconds.
  path: Assets/Players/Player Red/playerRed_switch1.png
  artifactKey: Guid(30ab3e0359616f144a45ff3169b4b4f9) Importer(815301076,1909f56bfc062723c751e8b465ee728b)
Start importing Assets/Players/Player Red/playerRed_switch1.png using Guid(30ab3e0359616f144a45ff3169b4b4f9) Importer(815301076,1909f56bfc062723c751e8b465ee728b)  -> (artifact id: '44bcf4447d150e587aed2f13b20ba5ed') in 0.018930 seconds
Number of updated asset objects reloaded before import = 0
Number of asset objects unloaded after import = 3
========================================================================
Received Import Request.
  Time since last request: 0.000024 seconds.
  path: Assets/Players/Player Red/playerRed_stand.png
  artifactKey: Guid(2dfc2e6954147e247ab398c050fa55d8) Importer(815301076,1909f56bfc062723c751e8b465ee728b)
Start importing Assets/Players/Player Red/playerRed_stand.png using Guid(2dfc2e6954147e247ab398c050fa55d8) Importer(815301076,1909f56bfc062723c751e8b465ee728b)  -> (artifact id: '97dc41362e4a432f6875f0f71f419835') in 0.018740 seconds
Number of updated asset objects reloaded before import = 0
Number of asset objects unloaded after import = 3
========================================================================
Received Import Request.
  Time since last request: 0.000016 seconds.
  path: Assets/Players/Player Red/playerRed_switch2.png
  artifactKey: Guid(62c54cc06e4d2e544b2c9dada83485eb) Importer(815301076,1909f56bfc062723c751e8b465ee728b)
Start importing Assets/Players/Player Red/playerRed_switch2.png using Guid(62c54cc06e4d2e544b2c9dada83485eb) Importer(815301076,1909f56bfc062723c751e8b465ee728b)  -> (artifact id: '5add8320f12978c77c6f7e0cecf81922') in 0.020672 seconds
Number of updated asset objects reloaded before import = 0
Number of asset objects unloaded after import = 3
========================================================================
Received Import Request.
  Time since last request: 0.000015 seconds.
  path: Assets/Players/Player Red/playerRed_fall.png
  artifactKey: Guid(81e58e754a3294f40b81d8ebbec69816) Importer(815301076,1909f56bfc062723c751e8b465ee728b)
Start importing Assets/Players/Player Red/playerRed_fall.png using Guid(81e58e754a3294f40b81d8ebbec69816) Importer(815301076,1909f56bfc062723c751e8b465ee728b)  -> (artifact id: '0282ea8e061e611bb494a8d625e7041a') in 0.019488 seconds
Number of updated asset objects reloaded before import = 0
Number of asset objects unloaded after import = 3
Editor requested this worker to shutdown with reason: Scaling down because of idle timeout
TcpMessagingSession - receive error: operation aborted. errorcode: 995, details: Bir iþ parçacýðý çýkýþý veya bir uygulama isteði nedeniyle G/Ç iþlemi iptal edildi.
AssetImportWorker is now disconnected from the server
Process exiting
Exiting without the bug reporter. Application will terminate with return code 0