Using pre-set license
Built from '2022.3/staging' branch; Version is '2022.3.16f1 (d2c21f0ef2f1) revision 13812255'; Using compiler version '192829333'; Build Type 'Release'
OS: 'Windows 11  (10.0.22631) 64bit Professional' Language: 'tr' Physical Memory: 16024 MB
BatchMode: 1, IsHumanControllingUs: 0, StartBugReporterOnCrash: 0, Is64bit: 1, IsPro: 1

COMMAND LINE ARGUMENTS:
C:\Program Files\Unity\Hub\Editor\2022.3.16f1\Editor\Unity.exe
-adb2
-batchMode
-noUpm
-name
AssetImportWorker2
-projectPath
C:/Users/meliksah/Documents/GitHub/-SurviveIfTight
-logFile
Logs/AssetImportWorker2.log
-srvPort
61555
Successfully changed project path to: C:/Users/meliksah/Documents/GitHub/-SurviveIfTight
C:/Users/meliksah/Documents/GitHub/-SurviveIfTight
[UnityMemory] Configuration Parameters - Can be set up in boot.config
    "memorysetup-bucket-allocator-granularity=16"
    "memorysetup-bucket-allocator-bucket-count=8"
    "memorysetup-bucket-allocator-block-size=33554432"
    "memorysetup-bucket-allocator-block-count=8"
    "memorysetup-main-allocator-block-size=16777216"
    "memorysetup-thread-allocator-block-size=16777216"
    "memorysetup-gfx-main-allocator-block-size=16777216"
    "memorysetup-gfx-thread-allocator-block-size=16777216"
    "memorysetup-cache-allocator-block-size=4194304"
    "memorysetup-typetree-allocator-block-size=2097152"
    "memorysetup-profiler-bucket-allocator-granularity=16"
    "memorysetup-profiler-bucket-allocator-bucket-count=8"
    "memorysetup-profiler-bucket-allocator-block-size=33554432"
    "memorysetup-profiler-bucket-allocator-block-count=8"
    "memorysetup-profiler-allocator-block-size=16777216"
    "memorysetup-profiler-editor-allocator-block-size=1048576"
    "memorysetup-temp-allocator-size-main=16777216"
    "memorysetup-job-temp-allocator-block-size=2097152"
    "memorysetup-job-temp-allocator-block-size-background=1048576"
    "memorysetup-job-temp-allocator-reduction-small-platforms=262144"
    "memorysetup-allocator-temp-initial-block-size-main=262144"
    "memorysetup-allocator-temp-initial-block-size-worker=262144"
    "memorysetup-temp-allocator-size-background-worker=32768"
    "memorysetup-temp-allocator-size-job-worker=262144"
    "memorysetup-temp-allocator-size-preload-manager=33554432"
    "memorysetup-temp-allocator-size-nav-mesh-worker=65536"
    "memorysetup-temp-allocator-size-audio-worker=65536"
    "memorysetup-temp-allocator-size-cloud-worker=32768"
    "memorysetup-temp-allocator-size-gi-baking-worker=262144"
    "memorysetup-temp-allocator-size-gfx=262144"
Player connection [21176] Host "[IP] 192.168.1.52 [Port] 0 [Flags] 2 [Guid] 1688526544 [EditorId] 1688526544 [Version] 1048832 [Id] WindowsEditor(7,DESKTOP-D2649C1) [Debug] 1 [PackageName] WindowsEditor [ProjectName] Editor" joined multi-casting on [225.0.0.222:54997]...

Player connection [21176] Host "[IP] 192.168.1.52 [Port] 0 [Flags] 2 [Guid] 1688526544 [EditorId] 1688526544 [Version] 1048832 [Id] WindowsEditor(7,DESKTOP-D2649C1) [Debug] 1 [PackageName] WindowsEditor [ProjectName] Editor" joined alternative multi-casting on [225.0.0.222:34997]...

[Physics::Module] Initialized MultithreadedJobDispatcher with 15 workers.
Refreshing native plugins compatible for Editor in 7.89 ms, found 4 plugins.
Preloading 0 native plugins for Editor in 0.00 ms.
Initialize engine version: 2022.3.16f1 (d2c21f0ef2f1)
[Subsystems] Discovering subsystems at path C:/Program Files/Unity/Hub/Editor/2022.3.16f1/Editor/Data/Resources/UnitySubsystems
[Subsystems] Discovering subsystems at path C:/Users/meliksah/Documents/GitHub/-SurviveIfTight/Assets
GfxDevice: creating device client; threaded=0; jobified=0
Direct3D:
    Version:  Direct3D 11.0 [level 11.1]
    Renderer: NVIDIA GeForce RTX 3050 6GB Laptop GPU (ID=0x25ac)
    Vendor:   NVIDIA
    VRAM:     6017 MB
    Driver:   31.0.15.4633
Initialize mono
Mono path[0] = 'C:/Program Files/Unity/Hub/Editor/2022.3.16f1/Editor/Data/Managed'
Mono path[1] = 'C:/Program Files/Unity/Hub/Editor/2022.3.16f1/Editor/Data/MonoBleedingEdge/lib/mono/unityjit-win32'
Mono config path = 'C:/Program Files/Unity/Hub/Editor/2022.3.16f1/Editor/Data/MonoBleedingEdge/etc'
Using monoOptions --debugger-agent=transport=dt_socket,embedding=1,server=y,suspend=n,address=127.0.0.1:56036
Begin MonoManager ReloadAssembly
Registering precompiled unity dll's ...
Register platform support module: C:/Program Files/Unity/Hub/Editor/2022.3.16f1/Editor/Data/PlaybackEngines/AndroidPlayer/UnityEditor.Android.Extensions.dll
Register platform support module: C:/Program Files/Unity/Hub/Editor/2022.3.16f1/Editor/Data/PlaybackEngines/WindowsStandaloneSupport/UnityEditor.WindowsStandalone.Extensions.dll
Registered in 0.004039 seconds.
- Loaded All Assemblies, in  0.224 seconds
Native extension for WindowsStandalone target not found
Native extension for Android target not found
Android Extension - Scanning For ADB Devices 161 ms
Mono: successfully reloaded assembly
- Finished resetting the current domain, in  0.371 seconds
Domain Reload Profiling: 594ms
	BeginReloadAssembly (70ms)
		ExecutionOrderSort (0ms)
		DisableScriptedObjects (0ms)
		BackupInstance (0ms)
		ReleaseScriptingObjects (0ms)
		CreateAndSetChildDomain (0ms)
	RebuildCommonClasses (21ms)
	RebuildNativeTypeToScriptingClass (7ms)
	initialDomainReloadingComplete (35ms)
	LoadAllAssembliesAndSetupDomain (90ms)
		LoadAssemblies (69ms)
		RebuildTransferFunctionScriptingTraits (0ms)
		AnalyzeDomain (89ms)
			TypeCache.Refresh (88ms)
				TypeCache.ScanAssembly (79ms)
			ScanForSourceGeneratedMonoScriptInfo (0ms)
			ResolveRequiredComponents (0ms)
	FinalizeReload (371ms)
		ReleaseScriptCaches (0ms)
		RebuildScriptCaches (0ms)
		SetupLoadedEditorAssemblies (336ms)
			LogAssemblyErrors (0ms)
			InitializePlatformSupportModulesInManaged (227ms)
			SetLoadedEditorAssemblies (3ms)
			RefreshPlugins (0ms)
			BeforeProcessingInitializeOnLoad (1ms)
			ProcessInitializeOnLoadAttributes (75ms)
			ProcessInitializeOnLoadMethodAttributes (30ms)
			AfterProcessingInitializeOnLoad (0ms)
			EditorAssembliesLoaded (0ms)
		ExecutionOrderSort2 (0ms)
		AwakeInstancesAfterBackupRestoration (0ms)
========================================================================
Worker process is ready to serve import requests
Begin MonoManager ReloadAssembly
- Loaded All Assemblies, in  0.436 seconds
Refreshing native plugins compatible for Editor in 2.64 ms, found 4 plugins.
Native extension for WindowsStandalone target not found
Native extension for Android target not found
Package Manager log level set to [2]
[Package Manager] Server::EnsureServerProcessIsRunning -- launch failed, reason: Unity was launched with the -noUpm command-line argument
[Package Manager] UpmClient::Send -- Unable to send message (not connected to UPM process).
[Package Manager] Cannot connect to Unity Package Manager local server
Mono: successfully reloaded assembly
- Finished resetting the current domain, in  0.401 seconds
Domain Reload Profiling: 836ms
	BeginReloadAssembly (97ms)
		ExecutionOrderSort (0ms)
		DisableScriptedObjects (4ms)
		BackupInstance (0ms)
		ReleaseScriptingObjects (0ms)
		CreateAndSetChildDomain (13ms)
	RebuildCommonClasses (21ms)
	RebuildNativeTypeToScriptingClass (6ms)
	initialDomainReloadingComplete (26ms)
	LoadAllAssembliesAndSetupDomain (284ms)
		LoadAssemblies (221ms)
		RebuildTransferFunctionScriptingTraits (0ms)
		AnalyzeDomain (117ms)
			TypeCache.Refresh (97ms)
				TypeCache.ScanAssembly (85ms)
			ScanForSourceGeneratedMonoScriptInfo (15ms)
			ResolveRequiredComponents (5ms)
	FinalizeReload (402ms)
		ReleaseScriptCaches (0ms)
		RebuildScriptCaches (0ms)
		SetupLoadedEditorAssemblies (292ms)
			LogAssemblyErrors (0ms)
			InitializePlatformSupportModulesInManaged (14ms)
			SetLoadedEditorAssemblies (4ms)
			RefreshPlugins (0ms)
			BeforeProcessingInitializeOnLoad (45ms)
			ProcessInitializeOnLoadAttributes (202ms)
			ProcessInitializeOnLoadMethodAttributes (24ms)
			AfterProcessingInitializeOnLoad (3ms)
			EditorAssembliesLoaded (0ms)
		ExecutionOrderSort2 (0ms)
		AwakeInstancesAfterBackupRestoration (4ms)
Launched and connected shader compiler UnityShaderCompiler.exe after 0.03 seconds
Refreshing native plugins compatible for Editor in 2.59 ms, found 4 plugins.
Preloading 0 native plugins for Editor in 0.00 ms.
Unloading 4305 Unused Serialized files (Serialized files now loaded: 0)
Unloading 71 unused Assets / (63.7 KB). Loaded Objects now: 4766.
Memory consumption went from 161.2 MB to 161.2 MB.
Total: 2.583800 ms (FindLiveObjects: 0.200800 ms CreateObjectMapping: 0.091000 ms MarkObjects: 2.178700 ms  DeleteObjects: 0.112600 ms)

AssetImportParameters requested are different than current active one (requested -> active):
  custom:container-demuxer-ogg: 62fdf1f143b41e24485cea50d1cbac27 -> 
  custom:video-codec-MediaFoundation-h265: 746d11721c4dcdbdad8f713fa42b33f4 -> 
  custom:video-decoder-ogg-theora: a1e56fd34408186e4bbccfd4996cb3dc -> 
  custom:framework-win-MediaFoundation: 216162199b28c13a410421893ffa2e32 -> 
  custom:CustomObjectIndexerAttribute: 43b350a4d6e6d1791af0b5038c4bea17 -> 
  custom:container-demuxer-webm: 4f35f7cbe854078d1ac9338744f61a02 -> 
  custom:container-muxer-webm: aa71ff27fc2769a1b78a27578f13a17b -> 
  custom:video-decoder-webm-vp8: 9c59270c3fd7afecdb556c50c9e8de78 -> 
  custom:SearchIndexIgnoredProperties: e643bd26f0fe6173181afceb89e7c659 -> 
  custom:AudioImporter_EditorPlatform: d09bf68614088b80899f8185d706f6e7 -> 
  custom:video-encoder-webm-vp8: eb34c28f22e8b96e1ab97ce403110664 -> 
  custom:audio-decoder-ogg-vorbis: bf7c407c2cedff20999df2af8eb42d56 -> 
  custom:audio-encoder-webm-vorbis: bf7c407c2cedff20999df2af8eb42d56 -> 
========================================================================
Received Import Request.
  Time since last request: 84349.210207 seconds.
  path: Assets/Assets/UI/Divider Fade
  artifactKey: Guid(d9f73470506367a43a5ac3d78d32d537) Importer(815301076,1909f56bfc062723c751e8b465ee728b)
Start importing Assets/Assets/UI/Divider Fade using Guid(d9f73470506367a43a5ac3d78d32d537) Importer(815301076,1909f56bfc062723c751e8b465ee728b)  -> (artifact id: '83fb25d5825b877eb03a33c517460211') in 0.002041 seconds
Number of updated asset objects reloaded before import = 0
Number of asset objects unloaded after import = 0
========================================================================
Received Import Request.
  Time since last request: 0.024185 seconds.
  path: Assets/Assets/UI/Divider Fade/divider-fade-000.png
  artifactKey: Guid(bc1c71468d4ab9746a81789558ab2931) Importer(815301076,1909f56bfc062723c751e8b465ee728b)
Start importing Assets/Assets/UI/Divider Fade/divider-fade-000.png using Guid(bc1c71468d4ab9746a81789558ab2931) Importer(815301076,1909f56bfc062723c751e8b465ee728b)  -> (artifact id: '97c4bd4c7455413b355b2d5b10401260') in 0.058077 seconds
Number of updated asset objects reloaded before import = 0
Number of asset objects unloaded after import = 3
========================================================================
Received Import Request.
  Time since last request: 1.352734 seconds.
  path: Assets/Assets/UI/Panel
  artifactKey: Guid(9ad6a24238f2e7948bf383850488efdc) Importer(815301076,1909f56bfc062723c751e8b465ee728b)
Start importing Assets/Assets/UI/Panel using Guid(9ad6a24238f2e7948bf383850488efdc) Importer(815301076,1909f56bfc062723c751e8b465ee728b)  -> (artifact id: 'f06702557f5e6a165393952128ac68a8') in 0.000368 seconds
Number of updated asset objects reloaded before import = 0
Number of asset objects unloaded after import = 0
========================================================================
Received Import Request.
  Time since last request: 0.048373 seconds.
  path: Assets/Assets/UI/Panel/panel-000.png
  artifactKey: Guid(6c01769ec4225314b8186e46fded22f4) Importer(815301076,1909f56bfc062723c751e8b465ee728b)
Start importing Assets/Assets/UI/Panel/panel-000.png using Guid(6c01769ec4225314b8186e46fded22f4) Importer(815301076,1909f56bfc062723c751e8b465ee728b)  -> (artifact id: '1f987fd1fbf59f99423d669fb59333cc') in 0.018599 seconds
Number of updated asset objects reloaded before import = 0
Number of asset objects unloaded after import = 3
========================================================================
Received Import Request.
  Time since last request: 0.000013 seconds.
  path: Assets/Assets/UI/Panel/panel-015.png
  artifactKey: Guid(efb2c19779203404e8b3da78f2a70ab7) Importer(815301076,1909f56bfc062723c751e8b465ee728b)
Start importing Assets/Assets/UI/Panel/panel-015.png using Guid(efb2c19779203404e8b3da78f2a70ab7) Importer(815301076,1909f56bfc062723c751e8b465ee728b)  -> (artifact id: '5a2b7583f022788f08a3810386b058ba') in 0.012311 seconds
Number of updated asset objects reloaded before import = 0
Number of asset objects unloaded after import = 3
========================================================================
Received Import Request.
  Time since last request: 0.000022 seconds.
  path: Assets/Assets/UI/Panel/panel-019.png
  artifactKey: Guid(03f9796c88f3ba54f9a74dfa5e4ed722) Importer(815301076,1909f56bfc062723c751e8b465ee728b)
Start importing Assets/Assets/UI/Panel/panel-019.png using Guid(03f9796c88f3ba54f9a74dfa5e4ed722) Importer(815301076,1909f56bfc062723c751e8b465ee728b)  -> (artifact id: '798a735b0b4437c8e4b0a8b1e2233d14') in 0.014939 seconds
Number of updated asset objects reloaded before import = 0
Number of asset objects unloaded after import = 3
========================================================================
Received Import Request.
  Time since last request: 0.000015 seconds.
  path: Assets/Assets/UI/Panel/panel-013.png
  artifactKey: Guid(6829acfcd5dc69f4787e5cad602a5ce9) Importer(815301076,1909f56bfc062723c751e8b465ee728b)
Start importing Assets/Assets/UI/Panel/panel-013.png using Guid(6829acfcd5dc69f4787e5cad602a5ce9) Importer(815301076,1909f56bfc062723c751e8b465ee728b)  -> (artifact id: '3edb5cde990bf0743575db9e918b17e1') in 0.015965 seconds
Number of updated asset objects reloaded before import = 0
Number of asset objects unloaded after import = 3
========================================================================
Received Import Request.
  Time since last request: 0.000012 seconds.
  path: Assets/Assets/UI/Panel/panel-006.png
  artifactKey: Guid(b8cb69e1f68e8f84abc9c622a571beac) Importer(815301076,1909f56bfc062723c751e8b465ee728b)
Start importing Assets/Assets/UI/Panel/panel-006.png using Guid(b8cb69e1f68e8f84abc9c622a571beac) Importer(815301076,1909f56bfc062723c751e8b465ee728b)  -> (artifact id: '3606fb36deb05bd9950ff7ec3ba6d19b') in 0.018377 seconds
Number of updated asset objects reloaded before import = 0
Number of asset objects unloaded after import = 3
========================================================================
Received Import Request.
  Time since last request: 0.000011 seconds.
  path: Assets/Assets/UI/Panel/panel-021.png
  artifactKey: Guid(40833d2324911154ab7942c3119227d2) Importer(815301076,1909f56bfc062723c751e8b465ee728b)
Start importing Assets/Assets/UI/Panel/panel-021.png using Guid(40833d2324911154ab7942c3119227d2) Importer(815301076,1909f56bfc062723c751e8b465ee728b)  -> (artifact id: '5191c7c1f273e0efebe05c11d1d0265a') in 0.015831 seconds
Number of updated asset objects reloaded before import = 0
Number of asset objects unloaded after import = 3
========================================================================
Received Import Request.
  Time since last request: 2.912526 seconds.
  path: Assets/Assets/UI/Transparent border
  artifactKey: Guid(1180c039acfa1ce42bcf2b74b0415f68) Importer(815301076,1909f56bfc062723c751e8b465ee728b)
Start importing Assets/Assets/UI/Transparent border using Guid(1180c039acfa1ce42bcf2b74b0415f68) Importer(815301076,1909f56bfc062723c751e8b465ee728b)  -> (artifact id: 'b9578c7b3811584e222d3de8640d3dcc') in 0.000382 seconds
Number of updated asset objects reloaded before import = 0
Number of asset objects unloaded after import = 0
========================================================================
Received Import Request.
  Time since last request: 0.039850 seconds.
  path: Assets/Assets/UI/Transparent border/panel-transparent-border-000.png
  artifactKey: Guid(c552bc0405a1d49419783eec36d0ba72) Importer(815301076,1909f56bfc062723c751e8b465ee728b)
Start importing Assets/Assets/UI/Transparent border/panel-transparent-border-000.png using Guid(c552bc0405a1d49419783eec36d0ba72) Importer(815301076,1909f56bfc062723c751e8b465ee728b)  -> (artifact id: '112b165523ee53128d1af3af1c718f60') in 0.030662 seconds
Number of updated asset objects reloaded before import = 0
Number of asset objects unloaded after import = 3
========================================================================
Received Import Request.
  Time since last request: 0.000014 seconds.
  path: Assets/Assets/UI/Transparent border/panel-transparent-border-019.png
  artifactKey: Guid(1c32e579d14e69c459800bb2e7fe7baf) Importer(815301076,1909f56bfc062723c751e8b465ee728b)
Start importing Assets/Assets/UI/Transparent border/panel-transparent-border-019.png using Guid(1c32e579d14e69c459800bb2e7fe7baf) Importer(815301076,1909f56bfc062723c751e8b465ee728b)  -> (artifact id: '14372b04fa7569d44fae7e41d9812ae1') in 0.016853 seconds
Number of updated asset objects reloaded before import = 0
Number of asset objects unloaded after import = 3
========================================================================
Received Import Request.
  Time since last request: 0.000034 seconds.
  path: Assets/Assets/UI/Transparent border/panel-transparent-border-020.png
  artifactKey: Guid(794a022eda159624492a6bd86334da6f) Importer(815301076,1909f56bfc062723c751e8b465ee728b)
Start importing Assets/Assets/UI/Transparent border/panel-transparent-border-020.png using Guid(794a022eda159624492a6bd86334da6f) Importer(815301076,1909f56bfc062723c751e8b465ee728b)  -> (artifact id: 'c40cfd2e5b61e21d427b3c6b14aabd49') in 0.020320 seconds
Number of updated asset objects reloaded before import = 0
Number of asset objects unloaded after import = 3
========================================================================
Received Import Request.
  Time since last request: 0.000014 seconds.
  path: Assets/Assets/UI/Transparent border/panel-transparent-border-014.png
  artifactKey: Guid(3443189a731990b4891df8a8d97e414c) Importer(815301076,1909f56bfc062723c751e8b465ee728b)
Start importing Assets/Assets/UI/Transparent border/panel-transparent-border-014.png using Guid(3443189a731990b4891df8a8d97e414c) Importer(815301076,1909f56bfc062723c751e8b465ee728b)  -> (artifact id: '2b2d3e222e672a16d2d6afcbce836302') in 0.015224 seconds
Number of updated asset objects reloaded before import = 0
Number of asset objects unloaded after import = 3
========================================================================
Received Import Request.
  Time since last request: 0.000012 seconds.
  path: Assets/Assets/UI/Transparent border/panel-transparent-border-005.png
  artifactKey: Guid(6c3b145269a50104096cef58e9b6047f) Importer(815301076,1909f56bfc062723c751e8b465ee728b)
Start importing Assets/Assets/UI/Transparent border/panel-transparent-border-005.png using Guid(6c3b145269a50104096cef58e9b6047f) Importer(815301076,1909f56bfc062723c751e8b465ee728b)  -> (artifact id: '4e08cb1e75d974bbcf741cef35a882da') in 0.017109 seconds
Number of updated asset objects reloaded before import = 0
Number of asset objects unloaded after import = 3
========================================================================
Received Import Request.
  Time since last request: 0.000016 seconds.
  path: Assets/Assets/UI/Transparent border/panel-transparent-border-022.png
  artifactKey: Guid(f1192304f2e91284aa8dc6d6a44d57f9) Importer(815301076,1909f56bfc062723c751e8b465ee728b)
Start importing Assets/Assets/UI/Transparent border/panel-transparent-border-022.png using Guid(f1192304f2e91284aa8dc6d6a44d57f9) Importer(815301076,1909f56bfc062723c751e8b465ee728b)  -> (artifact id: '4efe8ccc7b944561cd2c3015961fe868') in 0.015614 seconds
Number of updated asset objects reloaded before import = 0
Number of asset objects unloaded after import = 3
========================================================================
Received Import Request.
  Time since last request: 2.964366 seconds.
  path: Assets/Assets/UI/Transparent center
  artifactKey: Guid(ef074e06483fa0848b9c81dd6de58297) Importer(815301076,1909f56bfc062723c751e8b465ee728b)
Start importing Assets/Assets/UI/Transparent center using Guid(ef074e06483fa0848b9c81dd6de58297) Importer(815301076,1909f56bfc062723c751e8b465ee728b)  -> (artifact id: '54966afaa5190185e67605df04cee208') in 0.000366 seconds
Number of updated asset objects reloaded before import = 0
Number of asset objects unloaded after import = 0
========================================================================
Received Import Request.
  Time since last request: 0.036652 seconds.
  path: Assets/Assets/UI/Transparent center/panel-transparent-center-000.png
  artifactKey: Guid(ad5ad5e9deb73fc4d98b8ff6faeaa748) Importer(815301076,1909f56bfc062723c751e8b465ee728b)
Start importing Assets/Assets/UI/Transparent center/panel-transparent-center-000.png using Guid(ad5ad5e9deb73fc4d98b8ff6faeaa748) Importer(815301076,1909f56bfc062723c751e8b465ee728b)  -> (artifact id: '9981c0fc09c9393816c593be69b87081') in 0.015994 seconds
Number of updated asset objects reloaded before import = 0
Number of asset objects unloaded after import = 3
========================================================================
Received Import Request.
  Time since last request: 0.000012 seconds.
  path: Assets/Assets/UI/Transparent center/panel-transparent-center-006.png
  artifactKey: Guid(2c18a83376b1fb847925defc3af2f996) Importer(815301076,1909f56bfc062723c751e8b465ee728b)
Start importing Assets/Assets/UI/Transparent center/panel-transparent-center-006.png using Guid(2c18a83376b1fb847925defc3af2f996) Importer(815301076,1909f56bfc062723c751e8b465ee728b)  -> (artifact id: '15b006da961d5b012cda5a0bc612dca2') in 0.017519 seconds
Number of updated asset objects reloaded before import = 0
Number of asset objects unloaded after import = 3
========================================================================
Received Import Request.
  Time since last request: 0.000013 seconds.
  path: Assets/Assets/UI/Transparent center/panel-transparent-center-020.png
  artifactKey: Guid(2a393dfe22f6d8940a2056e7bac3e862) Importer(815301076,1909f56bfc062723c751e8b465ee728b)
Start importing Assets/Assets/UI/Transparent center/panel-transparent-center-020.png using Guid(2a393dfe22f6d8940a2056e7bac3e862) Importer(815301076,1909f56bfc062723c751e8b465ee728b)  -> (artifact id: 'c0a05bc2007978a773d4752abc64019b') in 0.018007 seconds
Number of updated asset objects reloaded before import = 0
Number of asset objects unloaded after import = 3
========================================================================
Received Import Request.
  Time since last request: 0.000028 seconds.
  path: Assets/Assets/UI/Transparent center/panel-transparent-center-016.png
  artifactKey: Guid(5614f464e0357bd4aa2b1a6ed6706ca0) Importer(815301076,1909f56bfc062723c751e8b465ee728b)
Start importing Assets/Assets/UI/Transparent center/panel-transparent-center-016.png using Guid(5614f464e0357bd4aa2b1a6ed6706ca0) Importer(815301076,1909f56bfc062723c751e8b465ee728b)  -> (artifact id: '41c9f4041b69839c2dba913f6566e067') in 0.014214 seconds
Number of updated asset objects reloaded before import = 0
Number of asset objects unloaded after import = 3
========================================================================
Received Import Request.
  Time since last request: 0.000019 seconds.
  path: Assets/Assets/UI/Transparent center/panel-transparent-center-018.png
  artifactKey: Guid(b6f44fea6fef66742aa2b2e291c751c4) Importer(815301076,1909f56bfc062723c751e8b465ee728b)
Start importing Assets/Assets/UI/Transparent center/panel-transparent-center-018.png using Guid(b6f44fea6fef66742aa2b2e291c751c4) Importer(815301076,1909f56bfc062723c751e8b465ee728b)  -> (artifact id: '25fd8f10d2adaca02234115c2e4a333b') in 0.016727 seconds
Number of updated asset objects reloaded before import = 0
Number of asset objects unloaded after import = 3
========================================================================
Received Import Request.
  Time since last request: 0.000014 seconds.
  path: Assets/Assets/UI/Transparent center/panel-transparent-center-012.png
  artifactKey: Guid(5f24a647beb8c1347b67c5345838ce52) Importer(815301076,1909f56bfc062723c751e8b465ee728b)
Start importing Assets/Assets/UI/Transparent center/panel-transparent-center-012.png using Guid(5f24a647beb8c1347b67c5345838ce52) Importer(815301076,1909f56bfc062723c751e8b465ee728b)  -> (artifact id: '343261f30c4ce872f4c892e533b393bc') in 0.018632 seconds
Number of updated asset objects reloaded before import = 0
Number of asset objects unloaded after import = 3
========================================================================
Received Import Request.
  Time since last request: 9.107110 seconds.
  path: Assets/Assets/UI/Transparent center/panel-transparent-center-023.png
  artifactKey: Guid(b2d2098fb7f3e6c4ba37f5e05f02ad08) Importer(815301076,1909f56bfc062723c751e8b465ee728b)
Start importing Assets/Assets/UI/Transparent center/panel-transparent-center-023.png using Guid(b2d2098fb7f3e6c4ba37f5e05f02ad08) Importer(815301076,1909f56bfc062723c751e8b465ee728b)  -> (artifact id: '0d5527d8a28eeb67bbc9405957be0fa6') in 0.030590 seconds
Number of updated asset objects reloaded before import = 0
Number of asset objects unloaded after import = 3
========================================================================
Received Import Request.
  Time since last request: 0.240736 seconds.
  path: Assets/Assets/UI/Transparent center/panel-transparent-center-025.png
  artifactKey: Guid(33694b430d3c71345a62f7dd6360aad3) Importer(815301076,1909f56bfc062723c751e8b465ee728b)
Start importing Assets/Assets/UI/Transparent center/panel-transparent-center-025.png using Guid(33694b430d3c71345a62f7dd6360aad3) Importer(815301076,1909f56bfc062723c751e8b465ee728b)  -> (artifact id: 'b79ea038c534aa21d396d8380bb1ab83') in 0.030004 seconds
Number of updated asset objects reloaded before import = 0
Number of asset objects unloaded after import = 3
========================================================================
Received Import Request.
  Time since last request: 0.000011 seconds.
  path: Assets/Assets/UI/Transparent center/panel-transparent-center-030.png
  artifactKey: Guid(d979cc8291e18c441bd865cfc2c196b3) Importer(815301076,1909f56bfc062723c751e8b465ee728b)
Start importing Assets/Assets/UI/Transparent center/panel-transparent-center-030.png using Guid(d979cc8291e18c441bd865cfc2c196b3) Importer(815301076,1909f56bfc062723c751e8b465ee728b)  -> (artifact id: 'fc51e3916a599fe61a02ee92c7332f3a') in 0.018828 seconds
Number of updated asset objects reloaded before import = 0
Number of asset objects unloaded after import = 3
========================================================================
Received Import Request.
  Time since last request: 4.712230 seconds.
  path: Assets/Assets/UI/Border/panel-border-023.png
  artifactKey: Guid(6c75205e19a421d4b96c89b5723bcdf7) Importer(815301076,1909f56bfc062723c751e8b465ee728b)
Start importing Assets/Assets/UI/Border/panel-border-023.png using Guid(6c75205e19a421d4b96c89b5723bcdf7) Importer(815301076,1909f56bfc062723c751e8b465ee728b)  -> (artifact id: '97ae37ab94fa7527540f4d37c982a999') in 0.028886 seconds
Number of updated asset objects reloaded before import = 0
Number of asset objects unloaded after import = 3
========================================================================
Received Import Request.
  Time since last request: 0.400983 seconds.
  path: Assets/Assets/UI/Border/panel-border-025.png
  artifactKey: Guid(88e8e2e419d7f3842a01568bd7cffabc) Importer(815301076,1909f56bfc062723c751e8b465ee728b)
Start importing Assets/Assets/UI/Border/panel-border-025.png using Guid(88e8e2e419d7f3842a01568bd7cffabc) Importer(815301076,1909f56bfc062723c751e8b465ee728b)  -> (artifact id: '076851a97a7e5a224958ea8be315294e') in 0.036709 seconds
Number of updated asset objects reloaded before import = 0
Number of asset objects unloaded after import = 3
========================================================================
Received Import Request.
  Time since last request: 0.139017 seconds.
  path: Assets/Assets/UI/Border/panel-border-027.png
  artifactKey: Guid(5577ae2fabb1b424daa1898357ec3fa9) Importer(815301076,1909f56bfc062723c751e8b465ee728b)
Start importing Assets/Assets/UI/Border/panel-border-027.png using Guid(5577ae2fabb1b424daa1898357ec3fa9) Importer(815301076,1909f56bfc062723c751e8b465ee728b)  -> (artifact id: '5d96584289d8f2612b8bb886e2d09963') in 0.018564 seconds
Number of updated asset objects reloaded before import = 0
Number of asset objects unloaded after import = 3
========================================================================
Received Import Request.
  Time since last request: 0.111751 seconds.
  path: Assets/Assets/UI/Border/panel-border-029.png
  artifactKey: Guid(ee7461e64f12ada42b5fcf199d499449) Importer(815301076,1909f56bfc062723c751e8b465ee728b)
Start importing Assets/Assets/UI/Border/panel-border-029.png using Guid(ee7461e64f12ada42b5fcf199d499449) Importer(815301076,1909f56bfc062723c751e8b465ee728b)  -> (artifact id: 'afd29a116e92dc4447f9ee3015d33115') in 0.018869 seconds
Number of updated asset objects reloaded before import = 0
Number of asset objects unloaded after import = 3
========================================================================
Received Import Request.
  Time since last request: 0.009105 seconds.
  path: Assets/Assets/UI/Border/panel-border-031.png
  artifactKey: Guid(9b67896c012bc0349ae7e124017b830f) Importer(815301076,1909f56bfc062723c751e8b465ee728b)
Start importing Assets/Assets/UI/Border/panel-border-031.png using Guid(9b67896c012bc0349ae7e124017b830f) Importer(815301076,1909f56bfc062723c751e8b465ee728b)  -> (artifact id: '70f4cc324e646475dcc44d067ccbf520') in 0.018100 seconds
Number of updated asset objects reloaded before import = 0
Number of asset objects unloaded after import = 3
========================================================================
Received Import Request.
  Time since last request: 49.913230 seconds.
  path: Assets/Assets/UI/Divider
  artifactKey: Guid(d960e3934b0475041ad1cea6626dda87) Importer(815301076,1909f56bfc062723c751e8b465ee728b)
Start importing Assets/Assets/UI/Divider using Guid(d960e3934b0475041ad1cea6626dda87) Importer(815301076,1909f56bfc062723c751e8b465ee728b)  -> (artifact id: 'aa4a7044767144ecb248da84fe2e039d') in 0.000378 seconds
Number of updated asset objects reloaded before import = 0
Number of asset objects unloaded after import = 0
========================================================================
Received Import Request.
  Time since last request: 0.064867 seconds.
  path: Assets/Assets/UI/Divider/divider-000.png
  artifactKey: Guid(1d514da60fa3c8549a8504f264b63fdf) Importer(815301076,1909f56bfc062723c751e8b465ee728b)
Start importing Assets/Assets/UI/Divider/divider-000.png using Guid(1d514da60fa3c8549a8504f264b63fdf) Importer(815301076,1909f56bfc062723c751e8b465ee728b)  -> (artifact id: '4f5a9bb467bb8132c869b3e951710830') in 0.029136 seconds
Number of updated asset objects reloaded before import = 0
Number of asset objects unloaded after import = 3
Editor requested this worker to shutdown with reason: Scaling down because of idle timeout
TcpMessagingSession - receive error: operation aborted. errorcode: 995, details: Bir iþ parçacýðý çýkýþý veya bir uygulama isteði nedeniyle G/Ç iþlemi iptal edildi.
AssetImportWorker is now disconnected from the server
Process exiting
Exiting without the bug reporter. Application will terminate with return code 0