Using pre-set license
Built from '2022.3/staging' branch; Version is '2022.3.16f1 (d2c21f0ef2f1) revision 13812255'; Using compiler version '192829333'; Build Type 'Release'
OS: 'Windows 11  (10.0.22631) 64bit Professional' Language: 'tr' Physical Memory: 16024 MB
BatchMode: 1, IsHumanControllingUs: 0, StartBugReporterOnCrash: 0, Is64bit: 1, IsPro: 1

COMMAND LINE ARGUMENTS:
C:\Program Files\Unity\Hub\Editor\2022.3.16f1\Editor\Unity.exe
-adb2
-batchMode
-noUpm
-name
AssetImportWorker3
-projectPath
C:/Users/meliksah/Documents/GitHub/-SurviveIfTight
-logFile
Logs/AssetImportWorker3.log
-srvPort
57681
Successfully changed project path to: C:/Users/meliksah/Documents/GitHub/-SurviveIfTight
C:/Users/meliksah/Documents/GitHub/-SurviveIfTight
[UnityMemory] Configuration Parameters - Can be set up in boot.config
    "memorysetup-bucket-allocator-granularity=16"
    "memorysetup-bucket-allocator-bucket-count=8"
    "memorysetup-bucket-allocator-block-size=33554432"
    "memorysetup-bucket-allocator-block-count=8"
    "memorysetup-main-allocator-block-size=16777216"
    "memorysetup-thread-allocator-block-size=16777216"
    "memorysetup-gfx-main-allocator-block-size=16777216"
    "memorysetup-gfx-thread-allocator-block-size=16777216"
    "memorysetup-cache-allocator-block-size=4194304"
    "memorysetup-typetree-allocator-block-size=2097152"
    "memorysetup-profiler-bucket-allocator-granularity=16"
    "memorysetup-profiler-bucket-allocator-bucket-count=8"
    "memorysetup-profiler-bucket-allocator-block-size=33554432"
    "memorysetup-profiler-bucket-allocator-block-count=8"
    "memorysetup-profiler-allocator-block-size=16777216"
    "memorysetup-profiler-editor-allocator-block-size=1048576"
    "memorysetup-temp-allocator-size-main=16777216"
    "memorysetup-job-temp-allocator-block-size=2097152"
    "memorysetup-job-temp-allocator-block-size-background=1048576"
    "memorysetup-job-temp-allocator-reduction-small-platforms=262144"
    "memorysetup-allocator-temp-initial-block-size-main=262144"
    "memorysetup-allocator-temp-initial-block-size-worker=262144"
    "memorysetup-temp-allocator-size-background-worker=32768"
    "memorysetup-temp-allocator-size-job-worker=262144"
    "memorysetup-temp-allocator-size-preload-manager=33554432"
    "memorysetup-temp-allocator-size-nav-mesh-worker=65536"
    "memorysetup-temp-allocator-size-audio-worker=65536"
    "memorysetup-temp-allocator-size-cloud-worker=32768"
    "memorysetup-temp-allocator-size-gi-baking-worker=262144"
    "memorysetup-temp-allocator-size-gfx=262144"
Player connection [9700] Host "[IP] 192.168.1.52 [Port] 0 [Flags] 2 [Guid] 18783896 [EditorId] 18783896 [Version] 1048832 [Id] WindowsEditor(7,DESKTOP-D2649C1) [Debug] 1 [PackageName] WindowsEditor [ProjectName] Editor" joined multi-casting on [225.0.0.222:54997]...

Player connection [9700] Host "[IP] 192.168.1.52 [Port] 0 [Flags] 2 [Guid] 18783896 [EditorId] 18783896 [Version] 1048832 [Id] WindowsEditor(7,DESKTOP-D2649C1) [Debug] 1 [PackageName] WindowsEditor [ProjectName] Editor" joined alternative multi-casting on [225.0.0.222:34997]...

[Physics::Module] Initialized MultithreadedJobDispatcher with 15 workers.
Refreshing native plugins compatible for Editor in 8.76 ms, found 4 plugins.
Preloading 0 native plugins for Editor in 0.00 ms.
Initialize engine version: 2022.3.16f1 (d2c21f0ef2f1)
[Subsystems] Discovering subsystems at path C:/Program Files/Unity/Hub/Editor/2022.3.16f1/Editor/Data/Resources/UnitySubsystems
[Subsystems] Discovering subsystems at path C:/Users/meliksah/Documents/GitHub/-SurviveIfTight/Assets
GfxDevice: creating device client; threaded=0; jobified=0
Direct3D:
    Version:  Direct3D 11.0 [level 11.1]
    Renderer: NVIDIA GeForce RTX 3050 6GB Laptop GPU (ID=0x25ac)
    Vendor:   NVIDIA
    VRAM:     6017 MB
    Driver:   31.0.15.4633
Initialize mono
Mono path[0] = 'C:/Program Files/Unity/Hub/Editor/2022.3.16f1/Editor/Data/Managed'
Mono path[1] = 'C:/Program Files/Unity/Hub/Editor/2022.3.16f1/Editor/Data/MonoBleedingEdge/lib/mono/unityjit-win32'
Mono config path = 'C:/Program Files/Unity/Hub/Editor/2022.3.16f1/Editor/Data/MonoBleedingEdge/etc'
Using monoOptions --debugger-agent=transport=dt_socket,embedding=1,server=y,suspend=n,address=127.0.0.1:56844
Begin MonoManager ReloadAssembly
Registering precompiled unity dll's ...
Register platform support module: C:/Program Files/Unity/Hub/Editor/2022.3.16f1/Editor/Data/PlaybackEngines/AndroidPlayer/UnityEditor.Android.Extensions.dll
Register platform support module: C:/Program Files/Unity/Hub/Editor/2022.3.16f1/Editor/Data/PlaybackEngines/WindowsStandaloneSupport/UnityEditor.WindowsStandalone.Extensions.dll
Registered in 0.003696 seconds.
- Loaded All Assemblies, in  0.262 seconds
Native extension for WindowsStandalone target not found
Native extension for Android target not found
Android Extension - Scanning For ADB Devices 240 ms
Mono: successfully reloaded assembly
- Finished resetting the current domain, in  0.478 seconds
Domain Reload Profiling: 739ms
	BeginReloadAssembly (87ms)
		ExecutionOrderSort (0ms)
		DisableScriptedObjects (0ms)
		BackupInstance (0ms)
		ReleaseScriptingObjects (0ms)
		CreateAndSetChildDomain (1ms)
	RebuildCommonClasses (25ms)
	RebuildNativeTypeToScriptingClass (8ms)
	initialDomainReloadingComplete (37ms)
	LoadAllAssembliesAndSetupDomain (104ms)
		LoadAssemblies (86ms)
		RebuildTransferFunctionScriptingTraits (0ms)
		AnalyzeDomain (102ms)
			TypeCache.Refresh (101ms)
				TypeCache.ScanAssembly (90ms)
			ScanForSourceGeneratedMonoScriptInfo (0ms)
			ResolveRequiredComponents (1ms)
	FinalizeReload (478ms)
		ReleaseScriptCaches (0ms)
		RebuildScriptCaches (0ms)
		SetupLoadedEditorAssemblies (434ms)
			LogAssemblyErrors (0ms)
			InitializePlatformSupportModulesInManaged (317ms)
			SetLoadedEditorAssemblies (3ms)
			RefreshPlugins (0ms)
			BeforeProcessingInitializeOnLoad (1ms)
			ProcessInitializeOnLoadAttributes (76ms)
			ProcessInitializeOnLoadMethodAttributes (37ms)
			AfterProcessingInitializeOnLoad (0ms)
			EditorAssembliesLoaded (0ms)
		ExecutionOrderSort2 (0ms)
		AwakeInstancesAfterBackupRestoration (0ms)
========================================================================
Worker process is ready to serve import requests
Begin MonoManager ReloadAssembly
- Loaded All Assemblies, in  0.544 seconds
Refreshing native plugins compatible for Editor in 3.11 ms, found 4 plugins.
Native extension for WindowsStandalone target not found
Native extension for Android target not found
Package Manager log level set to [2]
[Package Manager] Server::EnsureServerProcessIsRunning -- launch failed, reason: Unity was launched with the -noUpm command-line argument
[Package Manager] UpmClient::Send -- Unable to send message (not connected to UPM process).
[Package Manager] Cannot connect to Unity Package Manager local server
Mono: successfully reloaded assembly
- Finished resetting the current domain, in  0.505 seconds
Domain Reload Profiling: 1048ms
	BeginReloadAssembly (113ms)
		ExecutionOrderSort (0ms)
		DisableScriptedObjects (5ms)
		BackupInstance (0ms)
		ReleaseScriptingObjects (0ms)
		CreateAndSetChildDomain (19ms)
	RebuildCommonClasses (29ms)
	RebuildNativeTypeToScriptingClass (9ms)
	initialDomainReloadingComplete (33ms)
	LoadAllAssembliesAndSetupDomain (358ms)
		LoadAssemblies (257ms)
		RebuildTransferFunctionScriptingTraits (0ms)
		AnalyzeDomain (164ms)
			TypeCache.Refresh (132ms)
				TypeCache.ScanAssembly (115ms)
			ScanForSourceGeneratedMonoScriptInfo (24ms)
			ResolveRequiredComponents (7ms)
	FinalizeReload (506ms)
		ReleaseScriptCaches (0ms)
		RebuildScriptCaches (0ms)
		SetupLoadedEditorAssemblies (358ms)
			LogAssemblyErrors (0ms)
			InitializePlatformSupportModulesInManaged (18ms)
			SetLoadedEditorAssemblies (4ms)
			RefreshPlugins (0ms)
			BeforeProcessingInitializeOnLoad (54ms)
			ProcessInitializeOnLoadAttributes (244ms)
			ProcessInitializeOnLoadMethodAttributes (35ms)
			AfterProcessingInitializeOnLoad (3ms)
			EditorAssembliesLoaded (0ms)
		ExecutionOrderSort2 (0ms)
		AwakeInstancesAfterBackupRestoration (7ms)
Launched and connected shader compiler UnityShaderCompiler.exe after 0.04 seconds
Refreshing native plugins compatible for Editor in 3.62 ms, found 4 plugins.
Preloading 0 native plugins for Editor in 0.00 ms.
Unloading 4304 Unused Serialized files (Serialized files now loaded: 0)
Unloading 71 unused Assets / (63.6 KB). Loaded Objects now: 4765.
Memory consumption went from 161.1 MB to 161.1 MB.
Total: 2.438100 ms (FindLiveObjects: 0.219100 ms CreateObjectMapping: 0.089400 ms MarkObjects: 2.020000 ms  DeleteObjects: 0.108500 ms)

AssetImportParameters requested are different than current active one (requested -> active):
  custom:container-demuxer-ogg: 62fdf1f143b41e24485cea50d1cbac27 -> 
  custom:video-codec-MediaFoundation-h265: 746d11721c4dcdbdad8f713fa42b33f4 -> 
  custom:video-decoder-ogg-theora: a1e56fd34408186e4bbccfd4996cb3dc -> 
  custom:framework-win-MediaFoundation: 216162199b28c13a410421893ffa2e32 -> 
  custom:scripting/monoscript/fileName/ChatEditor.cs: 97b07612e53fc2bd2fe232eb14ef9205 -> 
  custom:CustomObjectIndexerAttribute: 43b350a4d6e6d1791af0b5038c4bea17 -> 
  custom:container-demuxer-webm: 4f35f7cbe854078d1ac9338744f61a02 -> 
  custom:container-muxer-webm: aa71ff27fc2769a1b78a27578f13a17b -> 
  custom:video-decoder-webm-vp8: 9c59270c3fd7afecdb556c50c9e8de78 -> 
  custom:SearchIndexIgnoredProperties: e643bd26f0fe6173181afceb89e7c659 -> 
  custom:AudioImporter_EditorPlatform: d09bf68614088b80899f8185d706f6e7 -> 
  custom:video-encoder-webm-vp8: eb34c28f22e8b96e1ab97ce403110664 -> 
  custom:audio-decoder-ogg-vorbis: bf7c407c2cedff20999df2af8eb42d56 -> 
  custom:scripting/monoscript/fileName/PhotonAppSettings.cs: 8b612295ab1bfb5d19f8bf60b0a9cae5 -> 
  custom:audio-encoder-webm-vorbis: bf7c407c2cedff20999df2af8eb42d56 -> 
========================================================================
Received Import Request.
  Time since last request: 25520.304406 seconds.
  path: Assets/Players/Player Green/playerGreen_fall.png
  artifactKey: Guid(ce1a719a9693bd2499b37db42bc53cfd) Importer(815301076,1909f56bfc062723c751e8b465ee728b)
Start importing Assets/Players/Player Green/playerGreen_fall.png using Guid(ce1a719a9693bd2499b37db42bc53cfd) Importer(815301076,1909f56bfc062723c751e8b465ee728b)  -> (artifact id: '08de519218be3fb99a5b153dad8c5927') in 0.061325 seconds
Number of updated asset objects reloaded before import = 0
Number of asset objects unloaded after import = 3
========================================================================
Received Import Request.
  Time since last request: 0.000031 seconds.
  path: Assets/Players/Player Green/playerGreen_up3.png
  artifactKey: Guid(0dc70300cf9dad24aac6d45b573ecd90) Importer(815301076,1909f56bfc062723c751e8b465ee728b)
Start importing Assets/Players/Player Green/playerGreen_up3.png using Guid(0dc70300cf9dad24aac6d45b573ecd90) Importer(815301076,1909f56bfc062723c751e8b465ee728b)  -> (artifact id: 'a5e6b2273a6a082b73908f91a994c3f3') in 0.016102 seconds
Number of updated asset objects reloaded before import = 0
Number of asset objects unloaded after import = 3
========================================================================
Received Import Request.
  Time since last request: 0.000017 seconds.
  path: Assets/Players/Player Green/playerGreen_walk5.png
  artifactKey: Guid(d9636fa23fd290a4f91b2927ab49c993) Importer(815301076,1909f56bfc062723c751e8b465ee728b)
Start importing Assets/Players/Player Green/playerGreen_walk5.png using Guid(d9636fa23fd290a4f91b2927ab49c993) Importer(815301076,1909f56bfc062723c751e8b465ee728b)  -> (artifact id: '92b3ee956e3d1a87bc1051ced903c865') in 0.016477 seconds
Number of updated asset objects reloaded before import = 0
Number of asset objects unloaded after import = 3
========================================================================
Received Import Request.
  Time since last request: 0.000012 seconds.
  path: Assets/Players/Player Green/playerGreen_switch1.png
  artifactKey: Guid(108917b454c353349ac8300dc1ebadc8) Importer(815301076,1909f56bfc062723c751e8b465ee728b)
Start importing Assets/Players/Player Green/playerGreen_switch1.png using Guid(108917b454c353349ac8300dc1ebadc8) Importer(815301076,1909f56bfc062723c751e8b465ee728b)  -> (artifact id: '8aba2a0c579f4fdcf5c319be98df9ab1') in 0.016479 seconds
Number of updated asset objects reloaded before import = 0
Number of asset objects unloaded after import = 3
========================================================================
Received Import Request.
  Time since last request: 3.656254 seconds.
  path: Assets/Players/Player Blue/playerBlue_hit.png
  artifactKey: Guid(90cc78ee952d9544ca59b6fb80cfaf8a) Importer(815301076,1909f56bfc062723c751e8b465ee728b)
Start importing Assets/Players/Player Blue/playerBlue_hit.png using Guid(90cc78ee952d9544ca59b6fb80cfaf8a) Importer(815301076,1909f56bfc062723c751e8b465ee728b)  -> (artifact id: '9b232a0566185785e3d9e8085e767f81') in 0.019144 seconds
Number of updated asset objects reloaded before import = 0
Number of asset objects unloaded after import = 3
========================================================================
Received Import Request.
  Time since last request: 0.000013 seconds.
  path: Assets/Players/Player Blue/playerBlue_swim2.png
  artifactKey: Guid(191b1a1317384254299405d772971126) Importer(815301076,1909f56bfc062723c751e8b465ee728b)
Start importing Assets/Players/Player Blue/playerBlue_swim2.png using Guid(191b1a1317384254299405d772971126) Importer(815301076,1909f56bfc062723c751e8b465ee728b)  -> (artifact id: 'a1c655bf5e177e0841f34bf12a5234f2') in 0.018676 seconds
Number of updated asset objects reloaded before import = 0
Number of asset objects unloaded after import = 3
========================================================================
Received Import Request.
  Time since last request: 0.000012 seconds.
  path: Assets/Players/Player Blue/playerBlue_walk1.png
  artifactKey: Guid(0036de788249077448947c1e77975a12) Importer(815301076,1909f56bfc062723c751e8b465ee728b)
Start importing Assets/Players/Player Blue/playerBlue_walk1.png using Guid(0036de788249077448947c1e77975a12) Importer(815301076,1909f56bfc062723c751e8b465ee728b)  -> (artifact id: 'd245163660f76f0411b3fb30fef660e9') in 0.017520 seconds
Number of updated asset objects reloaded before import = 0
Number of asset objects unloaded after import = 3
========================================================================
Received Import Request.
  Time since last request: 0.000013 seconds.
  path: Assets/Players/Player Blue/playerBlue_walk5.png
  artifactKey: Guid(2eedaef73dd0d8343997cd32bc25050a) Importer(815301076,1909f56bfc062723c751e8b465ee728b)
Start importing Assets/Players/Player Blue/playerBlue_walk5.png using Guid(2eedaef73dd0d8343997cd32bc25050a) Importer(815301076,1909f56bfc062723c751e8b465ee728b)  -> (artifact id: 'bfe7937607e93c48aef65483845b1c7b') in 0.017502 seconds
Number of updated asset objects reloaded before import = 0
Number of asset objects unloaded after import = 3
========================================================================
Received Import Request.
  Time since last request: 6.950278 seconds.
  path: Assets/Players/Player Grey/playerGrey_hit.png
  artifactKey: Guid(9f6f57b509219ce499c9fba4210663a1) Importer(815301076,1909f56bfc062723c751e8b465ee728b)
Start importing Assets/Players/Player Grey/playerGrey_hit.png using Guid(9f6f57b509219ce499c9fba4210663a1) Importer(815301076,1909f56bfc062723c751e8b465ee728b)  -> (artifact id: '45c8f2b0adce103a0cfcfb53c6dc3ce5') in 0.016732 seconds
Number of updated asset objects reloaded before import = 0
Number of asset objects unloaded after import = 3
========================================================================
Received Import Request.
  Time since last request: 0.000056 seconds.
  path: Assets/Players/Player Grey/playerGrey_swim2.png
  artifactKey: Guid(59c0ab9eddb4b0e4cabe4e21ed6ba952) Importer(815301076,1909f56bfc062723c751e8b465ee728b)
Start importing Assets/Players/Player Grey/playerGrey_swim2.png using Guid(59c0ab9eddb4b0e4cabe4e21ed6ba952) Importer(815301076,1909f56bfc062723c751e8b465ee728b)  -> (artifact id: 'aa179386013329a7b4eb7c5269adb3e7') in 0.023553 seconds
Number of updated asset objects reloaded before import = 0
Number of asset objects unloaded after import = 3
========================================================================
Received Import Request.
  Time since last request: 0.000092 seconds.
  path: Assets/Players/Player Grey/playerGrey_walk2.png
  artifactKey: Guid(95358c4b1759a62409068da6b3030fb2) Importer(815301076,1909f56bfc062723c751e8b465ee728b)
Start importing Assets/Players/Player Grey/playerGrey_walk2.png using Guid(95358c4b1759a62409068da6b3030fb2) Importer(815301076,1909f56bfc062723c751e8b465ee728b)  -> (artifact id: 'ff89c4f8fe53cba657655615cc8eadf6') in 0.017438 seconds
Number of updated asset objects reloaded before import = 0
Number of asset objects unloaded after import = 3
========================================================================
Received Import Request.
  Time since last request: 0.000018 seconds.
  path: Assets/Players/Player Grey/playerGrey_switch2.png
  artifactKey: Guid(c9972bb798f25c84a9524a1194d1ebfc) Importer(815301076,1909f56bfc062723c751e8b465ee728b)
Start importing Assets/Players/Player Grey/playerGrey_switch2.png using Guid(c9972bb798f25c84a9524a1194d1ebfc) Importer(815301076,1909f56bfc062723c751e8b465ee728b)  -> (artifact id: '30ba84e0663f3e38a45f220f712423d8') in 0.017964 seconds
Number of updated asset objects reloaded before import = 0
Number of asset objects unloaded after import = 3
Editor requested this worker to shutdown with reason: Scaling down because of idle timeout
TcpMessagingSession - receive error: operation aborted. errorcode: 995, details: Bir iþ parçacýðý çýkýþý veya bir uygulama isteði nedeniyle G/Ç iþlemi iptal edildi.
AssetImportWorker is now disconnected from the server
Process exiting
Exiting without the bug reporter. Application will terminate with return code 0