Using pre-set license
Built from '2022.3/staging' branch; Version is '2022.3.16f1 (d2c21f0ef2f1) revision 13812255'; Using compiler version '192829333'; Build Type 'Release'
OS: 'Windows 11  (10.0.22631) 64bit Professional' Language: 'tr' Physical Memory: 16024 MB
BatchMode: 1, IsHumanControllingUs: 0, StartBugReporterOnCrash: 0, Is64bit: 1, IsPro: 1

COMMAND LINE ARGUMENTS:
C:\Program Files\Unity\Hub\Editor\2022.3.16f1\Editor\Unity.exe
-adb2
-batchMode
-noUpm
-name
AssetImportWorker2
-projectPath
C:/Users/meliksah/Documents/GitHub/-SurviveIfTight
-logFile
Logs/AssetImportWorker2.log
-srvPort
57681
Successfully changed project path to: C:/Users/meliksah/Documents/GitHub/-SurviveIfTight
C:/Users/meliksah/Documents/GitHub/-SurviveIfTight
[UnityMemory] Configuration Parameters - Can be set up in boot.config
    "memorysetup-bucket-allocator-granularity=16"
    "memorysetup-bucket-allocator-bucket-count=8"
    "memorysetup-bucket-allocator-block-size=33554432"
    "memorysetup-bucket-allocator-block-count=8"
    "memorysetup-main-allocator-block-size=16777216"
    "memorysetup-thread-allocator-block-size=16777216"
    "memorysetup-gfx-main-allocator-block-size=16777216"
    "memorysetup-gfx-thread-allocator-block-size=16777216"
    "memorysetup-cache-allocator-block-size=4194304"
    "memorysetup-typetree-allocator-block-size=2097152"
    "memorysetup-profiler-bucket-allocator-granularity=16"
    "memorysetup-profiler-bucket-allocator-bucket-count=8"
    "memorysetup-profiler-bucket-allocator-block-size=33554432"
    "memorysetup-profiler-bucket-allocator-block-count=8"
    "memorysetup-profiler-allocator-block-size=16777216"
    "memorysetup-profiler-editor-allocator-block-size=1048576"
    "memorysetup-temp-allocator-size-main=16777216"
    "memorysetup-job-temp-allocator-block-size=2097152"
    "memorysetup-job-temp-allocator-block-size-background=1048576"
    "memorysetup-job-temp-allocator-reduction-small-platforms=262144"
    "memorysetup-allocator-temp-initial-block-size-main=262144"
    "memorysetup-allocator-temp-initial-block-size-worker=262144"
    "memorysetup-temp-allocator-size-background-worker=32768"
    "memorysetup-temp-allocator-size-job-worker=262144"
    "memorysetup-temp-allocator-size-preload-manager=33554432"
    "memorysetup-temp-allocator-size-nav-mesh-worker=65536"
    "memorysetup-temp-allocator-size-audio-worker=65536"
    "memorysetup-temp-allocator-size-cloud-worker=32768"
    "memorysetup-temp-allocator-size-gi-baking-worker=262144"
    "memorysetup-temp-allocator-size-gfx=262144"
Player connection [18752] Host "[IP] 192.168.1.52 [Port] 0 [Flags] 2 [Guid] 75794430 [EditorId] 75794430 [Version] 1048832 [Id] WindowsEditor(7,DESKTOP-D2649C1) [Debug] 1 [PackageName] WindowsEditor [ProjectName] Editor" joined multi-casting on [225.0.0.222:54997]...

Player connection [18752] Host "[IP] 192.168.1.52 [Port] 0 [Flags] 2 [Guid] 75794430 [EditorId] 75794430 [Version] 1048832 [Id] WindowsEditor(7,DESKTOP-D2649C1) [Debug] 1 [PackageName] WindowsEditor [ProjectName] Editor" joined alternative multi-casting on [225.0.0.222:34997]...

[Physics::Module] Initialized MultithreadedJobDispatcher with 15 workers.
Refreshing native plugins compatible for Editor in 8.13 ms, found 4 plugins.
Preloading 0 native plugins for Editor in 0.00 ms.
Initialize engine version: 2022.3.16f1 (d2c21f0ef2f1)
[Subsystems] Discovering subsystems at path C:/Program Files/Unity/Hub/Editor/2022.3.16f1/Editor/Data/Resources/UnitySubsystems
[Subsystems] Discovering subsystems at path C:/Users/meliksah/Documents/GitHub/-SurviveIfTight/Assets
GfxDevice: creating device client; threaded=0; jobified=0
Direct3D:
    Version:  Direct3D 11.0 [level 11.1]
    Renderer: NVIDIA GeForce RTX 3050 6GB Laptop GPU (ID=0x25ac)
    Vendor:   NVIDIA
    VRAM:     6017 MB
    Driver:   31.0.15.4633
Initialize mono
Mono path[0] = 'C:/Program Files/Unity/Hub/Editor/2022.3.16f1/Editor/Data/Managed'
Mono path[1] = 'C:/Program Files/Unity/Hub/Editor/2022.3.16f1/Editor/Data/MonoBleedingEdge/lib/mono/unityjit-win32'
Mono config path = 'C:/Program Files/Unity/Hub/Editor/2022.3.16f1/Editor/Data/MonoBleedingEdge/etc'
Using monoOptions --debugger-agent=transport=dt_socket,embedding=1,server=y,suspend=n,address=127.0.0.1:56900
Begin MonoManager ReloadAssembly
Registering precompiled unity dll's ...
Register platform support module: C:/Program Files/Unity/Hub/Editor/2022.3.16f1/Editor/Data/PlaybackEngines/AndroidPlayer/UnityEditor.Android.Extensions.dll
Register platform support module: C:/Program Files/Unity/Hub/Editor/2022.3.16f1/Editor/Data/PlaybackEngines/WindowsStandaloneSupport/UnityEditor.WindowsStandalone.Extensions.dll
Registered in 0.003978 seconds.
- Loaded All Assemblies, in  0.266 seconds
Native extension for WindowsStandalone target not found
Native extension for Android target not found
Android Extension - Scanning For ADB Devices 221 ms
Mono: successfully reloaded assembly
- Finished resetting the current domain, in  0.454 seconds
Domain Reload Profiling: 720ms
	BeginReloadAssembly (86ms)
		ExecutionOrderSort (0ms)
		DisableScriptedObjects (0ms)
		BackupInstance (0ms)
		ReleaseScriptingObjects (0ms)
		CreateAndSetChildDomain (1ms)
	RebuildCommonClasses (23ms)
	RebuildNativeTypeToScriptingClass (7ms)
	initialDomainReloadingComplete (39ms)
	LoadAllAssembliesAndSetupDomain (110ms)
		LoadAssemblies (85ms)
		RebuildTransferFunctionScriptingTraits (0ms)
		AnalyzeDomain (108ms)
			TypeCache.Refresh (106ms)
				TypeCache.ScanAssembly (97ms)
			ScanForSourceGeneratedMonoScriptInfo (0ms)
			ResolveRequiredComponents (0ms)
	FinalizeReload (454ms)
		ReleaseScriptCaches (0ms)
		RebuildScriptCaches (0ms)
		SetupLoadedEditorAssemblies (412ms)
			LogAssemblyErrors (0ms)
			InitializePlatformSupportModulesInManaged (301ms)
			SetLoadedEditorAssemblies (3ms)
			RefreshPlugins (0ms)
			BeforeProcessingInitializeOnLoad (1ms)
			ProcessInitializeOnLoadAttributes (73ms)
			ProcessInitializeOnLoadMethodAttributes (33ms)
			AfterProcessingInitializeOnLoad (0ms)
			EditorAssembliesLoaded (0ms)
		ExecutionOrderSort2 (0ms)
		AwakeInstancesAfterBackupRestoration (0ms)
========================================================================
Worker process is ready to serve import requests
Begin MonoManager ReloadAssembly
- Loaded All Assemblies, in  0.523 seconds
Refreshing native plugins compatible for Editor in 2.86 ms, found 4 plugins.
Native extension for WindowsStandalone target not found
Native extension for Android target not found
Package Manager log level set to [2]
[Package Manager] Server::EnsureServerProcessIsRunning -- launch failed, reason: Unity was launched with the -noUpm command-line argument
[Package Manager] UpmClient::Send -- Unable to send message (not connected to UPM process).
[Package Manager] Cannot connect to Unity Package Manager local server
Mono: successfully reloaded assembly
- Finished resetting the current domain, in  0.519 seconds
Domain Reload Profiling: 1040ms
	BeginReloadAssembly (109ms)
		ExecutionOrderSort (0ms)
		DisableScriptedObjects (4ms)
		BackupInstance (0ms)
		ReleaseScriptingObjects (0ms)
		CreateAndSetChildDomain (16ms)
	RebuildCommonClasses (30ms)
	RebuildNativeTypeToScriptingClass (8ms)
	initialDomainReloadingComplete (33ms)
	LoadAllAssembliesAndSetupDomain (341ms)
		LoadAssemblies (253ms)
		RebuildTransferFunctionScriptingTraits (0ms)
		AnalyzeDomain (152ms)
			TypeCache.Refresh (130ms)
				TypeCache.ScanAssembly (114ms)
			ScanForSourceGeneratedMonoScriptInfo (16ms)
			ResolveRequiredComponents (5ms)
	FinalizeReload (519ms)
		ReleaseScriptCaches (0ms)
		RebuildScriptCaches (0ms)
		SetupLoadedEditorAssemblies (368ms)
			LogAssemblyErrors (0ms)
			InitializePlatformSupportModulesInManaged (19ms)
			SetLoadedEditorAssemblies (3ms)
			RefreshPlugins (0ms)
			BeforeProcessingInitializeOnLoad (53ms)
			ProcessInitializeOnLoadAttributes (258ms)
			ProcessInitializeOnLoadMethodAttributes (31ms)
			AfterProcessingInitializeOnLoad (3ms)
			EditorAssembliesLoaded (0ms)
		ExecutionOrderSort2 (0ms)
		AwakeInstancesAfterBackupRestoration (5ms)
Launched and connected shader compiler UnityShaderCompiler.exe after 0.03 seconds
Refreshing native plugins compatible for Editor in 3.79 ms, found 4 plugins.
Preloading 0 native plugins for Editor in 0.00 ms.
Unloading 4304 Unused Serialized files (Serialized files now loaded: 0)
Unloading 71 unused Assets / (63.6 KB). Loaded Objects now: 4765.
Memory consumption went from 161.1 MB to 161.1 MB.
Total: 3.446500 ms (FindLiveObjects: 0.225800 ms CreateObjectMapping: 0.100900 ms MarkObjects: 2.966600 ms  DeleteObjects: 0.152300 ms)

AssetImportParameters requested are different than current active one (requested -> active):
  custom:container-demuxer-ogg: 62fdf1f143b41e24485cea50d1cbac27 -> 
  custom:video-codec-MediaFoundation-h265: 746d11721c4dcdbdad8f713fa42b33f4 -> 
  custom:video-decoder-ogg-theora: a1e56fd34408186e4bbccfd4996cb3dc -> 
  custom:framework-win-MediaFoundation: 216162199b28c13a410421893ffa2e32 -> 
  custom:scripting/monoscript/fileName/ChatEditor.cs: 97b07612e53fc2bd2fe232eb14ef9205 -> 
  custom:CustomObjectIndexerAttribute: 43b350a4d6e6d1791af0b5038c4bea17 -> 
  custom:container-demuxer-webm: 4f35f7cbe854078d1ac9338744f61a02 -> 
  custom:container-muxer-webm: aa71ff27fc2769a1b78a27578f13a17b -> 
  custom:video-decoder-webm-vp8: 9c59270c3fd7afecdb556c50c9e8de78 -> 
  custom:SearchIndexIgnoredProperties: e643bd26f0fe6173181afceb89e7c659 -> 
  custom:AudioImporter_EditorPlatform: d09bf68614088b80899f8185d706f6e7 -> 
  custom:video-encoder-webm-vp8: eb34c28f22e8b96e1ab97ce403110664 -> 
  custom:audio-decoder-ogg-vorbis: bf7c407c2cedff20999df2af8eb42d56 -> 
  custom:scripting/monoscript/fileName/PhotonAppSettings.cs: 8b612295ab1bfb5d19f8bf60b0a9cae5 -> 
  custom:audio-encoder-webm-vorbis: bf7c407c2cedff20999df2af8eb42d56 -> 
========================================================================
Received Import Request.
  Time since last request: 25520.272524 seconds.
  path: Assets/Players/Player Green/playerGreen_roll.png
  artifactKey: Guid(f0caf1edb46042a418804fa9e3bb788f) Importer(815301076,1909f56bfc062723c751e8b465ee728b)
Start importing Assets/Players/Player Green/playerGreen_roll.png using Guid(f0caf1edb46042a418804fa9e3bb788f) Importer(815301076,1909f56bfc062723c751e8b465ee728b)  -> (artifact id: 'eec818116537e8dfd6db6a626a876c07') in 0.067800 seconds
Number of updated asset objects reloaded before import = 0
Number of asset objects unloaded after import = 3
========================================================================
Received Import Request.
  Time since last request: 0.000026 seconds.
  path: Assets/Players/Player Green/playerGreen_walk3.png
  artifactKey: Guid(87c5a3bf776ce0f4cb1a08aa8ff29a00) Importer(815301076,1909f56bfc062723c751e8b465ee728b)
Start importing Assets/Players/Player Green/playerGreen_walk3.png using Guid(87c5a3bf776ce0f4cb1a08aa8ff29a00) Importer(815301076,1909f56bfc062723c751e8b465ee728b)  -> (artifact id: 'c0fb8d55a9a44dbf754bd375ea509b26') in 0.021701 seconds
Number of updated asset objects reloaded before import = 0
Number of asset objects unloaded after import = 3
========================================================================
Received Import Request.
  Time since last request: 0.000011 seconds.
  path: Assets/Players/Player Green/playerGreen_duck.png
  artifactKey: Guid(9c22df99125155443b754c894cb40f88) Importer(815301076,1909f56bfc062723c751e8b465ee728b)
Start importing Assets/Players/Player Green/playerGreen_duck.png using Guid(9c22df99125155443b754c894cb40f88) Importer(815301076,1909f56bfc062723c751e8b465ee728b)  -> (artifact id: '23ca492704b2c2f51e60e078ce7c7dcd') in 0.016310 seconds
Number of updated asset objects reloaded before import = 0
Number of asset objects unloaded after import = 3
========================================================================
Received Import Request.
  Time since last request: 0.000013 seconds.
  path: Assets/Players/Player Green/playerGreen_stand.png
  artifactKey: Guid(62b3e206c933fa5439b9925bbb2da9c0) Importer(815301076,1909f56bfc062723c751e8b465ee728b)
Start importing Assets/Players/Player Green/playerGreen_stand.png using Guid(62b3e206c933fa5439b9925bbb2da9c0) Importer(815301076,1909f56bfc062723c751e8b465ee728b)  -> (artifact id: '3cec0715a302adba409cabe7ea7ce6d2') in 0.019085 seconds
Number of updated asset objects reloaded before import = 0
Number of asset objects unloaded after import = 3
========================================================================
Received Import Request.
  Time since last request: 0.000016 seconds.
  path: Assets/Players/Player Green/playerGreen_walk4.png
  artifactKey: Guid(5c34044f2300a0c4e903ae2803d9255a) Importer(815301076,1909f56bfc062723c751e8b465ee728b)
Start importing Assets/Players/Player Green/playerGreen_walk4.png using Guid(5c34044f2300a0c4e903ae2803d9255a) Importer(815301076,1909f56bfc062723c751e8b465ee728b)  -> (artifact id: '8591058d8368c02510cfec69cffe307e') in 0.016722 seconds
Number of updated asset objects reloaded before import = 0
Number of asset objects unloaded after import = 3
========================================================================
Received Import Request.
  Time since last request: 3.645731 seconds.
  path: Assets/Players/Player Blue/playerBlue_dead.png
  artifactKey: Guid(9cf84081a0d243e47a13d8d6ee206b8a) Importer(815301076,1909f56bfc062723c751e8b465ee728b)
Start importing Assets/Players/Player Blue/playerBlue_dead.png using Guid(9cf84081a0d243e47a13d8d6ee206b8a) Importer(815301076,1909f56bfc062723c751e8b465ee728b)  -> (artifact id: 'd4e5e71132e4a64b2d0b7cc486cd0a19') in 0.018456 seconds
Number of updated asset objects reloaded before import = 0
Number of asset objects unloaded after import = 3
========================================================================
Received Import Request.
  Time since last request: 0.000012 seconds.
  path: Assets/Players/Player Blue/playerBlue_roll.png
  artifactKey: Guid(51bac67da56b247439500aa029fbffdb) Importer(815301076,1909f56bfc062723c751e8b465ee728b)
Start importing Assets/Players/Player Blue/playerBlue_roll.png using Guid(51bac67da56b247439500aa029fbffdb) Importer(815301076,1909f56bfc062723c751e8b465ee728b)  -> (artifact id: '07a35eab923fbbb63f1d3ddb31ecb59a') in 0.018055 seconds
Number of updated asset objects reloaded before import = 0
Number of asset objects unloaded after import = 3
========================================================================
Received Import Request.
  Time since last request: 0.000012 seconds.
  path: Assets/Players/Player Blue/playerBlue_switch2.png
  artifactKey: Guid(a8da4bd0e4a9fe14397267882ed57bf3) Importer(815301076,1909f56bfc062723c751e8b465ee728b)
Start importing Assets/Players/Player Blue/playerBlue_switch2.png using Guid(a8da4bd0e4a9fe14397267882ed57bf3) Importer(815301076,1909f56bfc062723c751e8b465ee728b)  -> (artifact id: 'bd89fc19df6bdbf3fa9b51ef26a2d6b0') in 0.019406 seconds
Number of updated asset objects reloaded before import = 0
Number of asset objects unloaded after import = 3
========================================================================
Received Import Request.
  Time since last request: 0.000012 seconds.
  path: Assets/Players/Player Blue/playerBlue_walk3.png
  artifactKey: Guid(7918393e0df865a4d84c00fc1da5a219) Importer(815301076,1909f56bfc062723c751e8b465ee728b)
Start importing Assets/Players/Player Blue/playerBlue_walk3.png using Guid(7918393e0df865a4d84c00fc1da5a219) Importer(815301076,1909f56bfc062723c751e8b465ee728b)  -> (artifact id: '190011bb684136b2c2186fc2796c3540') in 0.015055 seconds
Number of updated asset objects reloaded before import = 0
Number of asset objects unloaded after import = 3
========================================================================
Received Import Request.
  Time since last request: 0.000014 seconds.
  path: Assets/Players/Player Blue/playerBlue_walk2.png
  artifactKey: Guid(4e6f534f623fe6849b3cd761bd160d7b) Importer(815301076,1909f56bfc062723c751e8b465ee728b)
Start importing Assets/Players/Player Blue/playerBlue_walk2.png using Guid(4e6f534f623fe6849b3cd761bd160d7b) Importer(815301076,1909f56bfc062723c751e8b465ee728b)  -> (artifact id: '36a4d87ba158ac00896502483568268b') in 0.018194 seconds
Number of updated asset objects reloaded before import = 0
Number of asset objects unloaded after import = 3
========================================================================
Received Import Request.
  Time since last request: 4.699471 seconds.
  path: Assets/Players/Player Blue
  artifactKey: Guid(b99bd4e6b70ae844cb3d94d972590c28) Importer(815301076,1909f56bfc062723c751e8b465ee728b)
Start importing Assets/Players/Player Blue using Guid(b99bd4e6b70ae844cb3d94d972590c28) Importer(815301076,1909f56bfc062723c751e8b465ee728b)  -> (artifact id: 'a47aed3d52c34234f9fb91ba3aa3c9d9') in 0.000477 seconds
Number of updated asset objects reloaded before import = 0
Number of asset objects unloaded after import = 0
========================================================================
Received Import Request.
  Time since last request: 2.231095 seconds.
  path: Assets/Players/Player Grey/playerGrey_dead.png
  artifactKey: Guid(5cf42fc4b946a06449400ec6c7b66560) Importer(815301076,1909f56bfc062723c751e8b465ee728b)
Start importing Assets/Players/Player Grey/playerGrey_dead.png using Guid(5cf42fc4b946a06449400ec6c7b66560) Importer(815301076,1909f56bfc062723c751e8b465ee728b)  -> (artifact id: '0d51aa7f75fc1dbc0f6206666f63100d') in 0.013931 seconds
Number of updated asset objects reloaded before import = 0
Number of asset objects unloaded after import = 3
========================================================================
Received Import Request.
  Time since last request: 0.001781 seconds.
  path: Assets/Players/Player Grey/playerGrey_roll.png
  artifactKey: Guid(c4dd165ded4e8324e88c99c1810cacd0) Importer(815301076,1909f56bfc062723c751e8b465ee728b)
Start importing Assets/Players/Player Grey/playerGrey_roll.png using Guid(c4dd165ded4e8324e88c99c1810cacd0) Importer(815301076,1909f56bfc062723c751e8b465ee728b)  -> (artifact id: '966b338f3c88e7cc92e1b029043e1af8') in 0.015244 seconds
Number of updated asset objects reloaded before import = 0
Number of asset objects unloaded after import = 3
========================================================================
Received Import Request.
  Time since last request: 0.000013 seconds.
  path: Assets/Players/Player Grey/playerGrey_switch1.png
  artifactKey: Guid(695bc9e49fea08146b76b11efc655e8d) Importer(815301076,1909f56bfc062723c751e8b465ee728b)
Start importing Assets/Players/Player Grey/playerGrey_switch1.png using Guid(695bc9e49fea08146b76b11efc655e8d) Importer(815301076,1909f56bfc062723c751e8b465ee728b)  -> (artifact id: '232f728c87fa7e5d959dafffad17c66f') in 0.022805 seconds
Number of updated asset objects reloaded before import = 0
Number of asset objects unloaded after import = 3
========================================================================
Received Import Request.
  Time since last request: 0.000013 seconds.
  path: Assets/Players/Player Grey/playerGrey_walk1.png
  artifactKey: Guid(5d592cc49829eae4c94678dbd90eafb3) Importer(815301076,1909f56bfc062723c751e8b465ee728b)
Start importing Assets/Players/Player Grey/playerGrey_walk1.png using Guid(5d592cc49829eae4c94678dbd90eafb3) Importer(815301076,1909f56bfc062723c751e8b465ee728b)  -> (artifact id: 'bdf18db939b93791339c7bed33eff523') in 0.016096 seconds
Number of updated asset objects reloaded before import = 0
Number of asset objects unloaded after import = 3
========================================================================
Received Import Request.
  Time since last request: 0.000013 seconds.
  path: Assets/Players/Player Grey/playerGrey_up3.png
  artifactKey: Guid(55af93a980b224b4cbbdded03b6935a9) Importer(815301076,1909f56bfc062723c751e8b465ee728b)
Start importing Assets/Players/Player Grey/playerGrey_up3.png using Guid(55af93a980b224b4cbbdded03b6935a9) Importer(815301076,1909f56bfc062723c751e8b465ee728b)  -> (artifact id: '5c34295ca197890b6dd049ecf1b94a60') in 0.018286 seconds
Number of updated asset objects reloaded before import = 0
Number of asset objects unloaded after import = 3
========================================================================
Received Import Request.
  Time since last request: 222.102156 seconds.
  path: Assets/Backgrounds/set1_background.png
  artifactKey: Guid(84964c85404d0f148ab0716a6ac26ca1) Importer(815301076,1909f56bfc062723c751e8b465ee728b)
Start importing Assets/Backgrounds/set1_background.png using Guid(84964c85404d0f148ab0716a6ac26ca1) Importer(815301076,1909f56bfc062723c751e8b465ee728b)  -> (artifact id: '58db691f7d906f8295c83c2ac29e9495') in 0.037993 seconds
Number of updated asset objects reloaded before import = 0
Number of asset objects unloaded after import = 3
========================================================================
Received Import Request.
  Time since last request: 0.000019 seconds.
  path: Assets/Backgrounds/set2_hills.png
  artifactKey: Guid(f9cfb70e487857f429740fcb00895063) Importer(815301076,1909f56bfc062723c751e8b465ee728b)
Start importing Assets/Backgrounds/set2_hills.png using Guid(f9cfb70e487857f429740fcb00895063) Importer(815301076,1909f56bfc062723c751e8b465ee728b)  -> (artifact id: 'f2fa4c0c8caf1276d8bbf90400c9ba82') in 0.025531 seconds
Number of updated asset objects reloaded before import = 0
Number of asset objects unloaded after import = 3
========================================================================
Received Import Request.
  Time since last request: 0.000029 seconds.
  path: Assets/Backgrounds/set2_background.png
  artifactKey: Guid(9a72b4414c3568d49b624649dd9298c4) Importer(815301076,1909f56bfc062723c751e8b465ee728b)
Start importing Assets/Backgrounds/set2_background.png using Guid(9a72b4414c3568d49b624649dd9298c4) Importer(815301076,1909f56bfc062723c751e8b465ee728b)  -> (artifact id: 'd88950f59b7050af579ae52cc35280e3') in 0.018087 seconds
Number of updated asset objects reloaded before import = 0
Number of asset objects unloaded after import = 3
========================================================================
Received Import Request.
  Time since last request: 0.000013 seconds.
  path: Assets/Backgrounds/set1_tiles.png
  artifactKey: Guid(4d7dbcc8410cadd49a0eae4213acbe57) Importer(815301076,1909f56bfc062723c751e8b465ee728b)
Start importing Assets/Backgrounds/set1_tiles.png using Guid(4d7dbcc8410cadd49a0eae4213acbe57) Importer(815301076,1909f56bfc062723c751e8b465ee728b)  -> (artifact id: 'b76af4107bd91587a7e4e6d25c2b18d3') in 0.018519 seconds
Number of updated asset objects reloaded before import = 0
Number of asset objects unloaded after import = 3
========================================================================
Received Import Request.
  Time since last request: 0.000011 seconds.
  path: Assets/Backgrounds/set2_tiles.png
  artifactKey: Guid(9c2cd03332907b046b071afdc2c9cf9c) Importer(815301076,1909f56bfc062723c751e8b465ee728b)
Start importing Assets/Backgrounds/set2_tiles.png using Guid(9c2cd03332907b046b071afdc2c9cf9c) Importer(815301076,1909f56bfc062723c751e8b465ee728b)  -> (artifact id: 'd2f8cf0d21569396414c79325ffde6fd') in 0.016947 seconds
Number of updated asset objects reloaded before import = 0
Number of asset objects unloaded after import = 3
========================================================================
Received Import Request.
  Time since last request: 0.000013 seconds.
  path: Assets/Backgrounds/set4_hills.png
  artifactKey: Guid(0f7a2ea3f7fb5324896086feaef236f7) Importer(815301076,1909f56bfc062723c751e8b465ee728b)
Start importing Assets/Backgrounds/set4_hills.png using Guid(0f7a2ea3f7fb5324896086feaef236f7) Importer(815301076,1909f56bfc062723c751e8b465ee728b)  -> (artifact id: 'd1504d6e1c8d630006902841237698b1') in 0.019176 seconds
Number of updated asset objects reloaded before import = 0
Number of asset objects unloaded after import = 3
Editor requested this worker to shutdown with reason: Scaling down because of idle timeout
TcpMessagingSession - receive error: operation aborted. errorcode: 995, details: Bir iþ parçacýðý çýkýþý veya bir uygulama isteði nedeniyle G/Ç iþlemi iptal edildi.
AssetImportWorker is now disconnected from the server
Process exiting
Exiting without the bug reporter. Application will terminate with return code 0