Using pre-set license
Built from '2022.3/staging' branch; Version is '2022.3.16f1 (d2c21f0ef2f1) revision 13812255'; Using compiler version '192829333'; Build Type 'Release'
OS: 'Windows 11  (10.0.22631) 64bit Professional' Language: 'tr' Physical Memory: 16024 MB
BatchMode: 1, IsHumanControllingUs: 0, StartBugReporterOnCrash: 0, Is64bit: 1, IsPro: 1

COMMAND LINE ARGUMENTS:
C:\Program Files\Unity\Hub\Editor\2022.3.16f1\Editor\Unity.exe
-adb2
-batchMode
-noUpm
-name
AssetImportWorker1
-projectPath
C:/Users/meliksah/Documents/GitHub/-SurviveIfTight
-logFile
Logs/AssetImportWorker1.log
-srvPort
57681
Successfully changed project path to: C:/Users/meliksah/Documents/GitHub/-SurviveIfTight
C:/Users/meliksah/Documents/GitHub/-SurviveIfTight
[UnityMemory] Configuration Parameters - Can be set up in boot.config
    "memorysetup-bucket-allocator-granularity=16"
    "memorysetup-bucket-allocator-bucket-count=8"
    "memorysetup-bucket-allocator-block-size=33554432"
    "memorysetup-bucket-allocator-block-count=8"
    "memorysetup-main-allocator-block-size=16777216"
    "memorysetup-thread-allocator-block-size=16777216"
    "memorysetup-gfx-main-allocator-block-size=16777216"
    "memorysetup-gfx-thread-allocator-block-size=16777216"
    "memorysetup-cache-allocator-block-size=4194304"
    "memorysetup-typetree-allocator-block-size=2097152"
    "memorysetup-profiler-bucket-allocator-granularity=16"
    "memorysetup-profiler-bucket-allocator-bucket-count=8"
    "memorysetup-profiler-bucket-allocator-block-size=33554432"
    "memorysetup-profiler-bucket-allocator-block-count=8"
    "memorysetup-profiler-allocator-block-size=16777216"
    "memorysetup-profiler-editor-allocator-block-size=1048576"
    "memorysetup-temp-allocator-size-main=16777216"
    "memorysetup-job-temp-allocator-block-size=2097152"
    "memorysetup-job-temp-allocator-block-size-background=1048576"
    "memorysetup-job-temp-allocator-reduction-small-platforms=262144"
    "memorysetup-allocator-temp-initial-block-size-main=262144"
    "memorysetup-allocator-temp-initial-block-size-worker=262144"
    "memorysetup-temp-allocator-size-background-worker=32768"
    "memorysetup-temp-allocator-size-job-worker=262144"
    "memorysetup-temp-allocator-size-preload-manager=33554432"
    "memorysetup-temp-allocator-size-nav-mesh-worker=65536"
    "memorysetup-temp-allocator-size-audio-worker=65536"
    "memorysetup-temp-allocator-size-cloud-worker=32768"
    "memorysetup-temp-allocator-size-gi-baking-worker=262144"
    "memorysetup-temp-allocator-size-gfx=262144"
Player connection [26876] Host "[IP] 192.168.1.52 [Port] 0 [Flags] 2 [Guid] 2317570409 [EditorId] 2317570409 [Version] 1048832 [Id] WindowsEditor(7,DESKTOP-D2649C1) [Debug] 1 [PackageName] WindowsEditor [ProjectName] Editor" joined multi-casting on [225.0.0.222:54997]...

Player connection [26876] Host "[IP] 192.168.1.52 [Port] 0 [Flags] 2 [Guid] 2317570409 [EditorId] 2317570409 [Version] 1048832 [Id] WindowsEditor(7,DESKTOP-D2649C1) [Debug] 1 [PackageName] WindowsEditor [ProjectName] Editor" joined alternative multi-casting on [225.0.0.222:34997]...

[Physics::Module] Initialized MultithreadedJobDispatcher with 15 workers.
Refreshing native plugins compatible for Editor in 9.46 ms, found 4 plugins.
Preloading 0 native plugins for Editor in 0.00 ms.
Initialize engine version: 2022.3.16f1 (d2c21f0ef2f1)
[Subsystems] Discovering subsystems at path C:/Program Files/Unity/Hub/Editor/2022.3.16f1/Editor/Data/Resources/UnitySubsystems
[Subsystems] Discovering subsystems at path C:/Users/meliksah/Documents/GitHub/-SurviveIfTight/Assets
GfxDevice: creating device client; threaded=0; jobified=0
Direct3D:
    Version:  Direct3D 11.0 [level 11.1]
    Renderer: NVIDIA GeForce RTX 3050 6GB Laptop GPU (ID=0x25ac)
    Vendor:   NVIDIA
    VRAM:     6017 MB
    Driver:   31.0.15.4633
Initialize mono
Mono path[0] = 'C:/Program Files/Unity/Hub/Editor/2022.3.16f1/Editor/Data/Managed'
Mono path[1] = 'C:/Program Files/Unity/Hub/Editor/2022.3.16f1/Editor/Data/MonoBleedingEdge/lib/mono/unityjit-win32'
Mono config path = 'C:/Program Files/Unity/Hub/Editor/2022.3.16f1/Editor/Data/MonoBleedingEdge/etc'
Using monoOptions --debugger-agent=transport=dt_socket,embedding=1,server=y,suspend=n,address=127.0.0.1:56608
Begin MonoManager ReloadAssembly
Registering precompiled unity dll's ...
Register platform support module: C:/Program Files/Unity/Hub/Editor/2022.3.16f1/Editor/Data/PlaybackEngines/AndroidPlayer/UnityEditor.Android.Extensions.dll
Register platform support module: C:/Program Files/Unity/Hub/Editor/2022.3.16f1/Editor/Data/PlaybackEngines/WindowsStandaloneSupport/UnityEditor.WindowsStandalone.Extensions.dll
Registered in 0.005088 seconds.
- Loaded All Assemblies, in  0.270 seconds
Native extension for WindowsStandalone target not found
Native extension for Android target not found
Android Extension - Scanning For ADB Devices 208 ms
Mono: successfully reloaded assembly
- Finished resetting the current domain, in  0.445 seconds
Domain Reload Profiling: 714ms
	BeginReloadAssembly (84ms)
		ExecutionOrderSort (0ms)
		DisableScriptedObjects (0ms)
		BackupInstance (0ms)
		ReleaseScriptingObjects (0ms)
		CreateAndSetChildDomain (1ms)
	RebuildCommonClasses (25ms)
	RebuildNativeTypeToScriptingClass (7ms)
	initialDomainReloadingComplete (39ms)
	LoadAllAssembliesAndSetupDomain (113ms)
		LoadAssemblies (84ms)
		RebuildTransferFunctionScriptingTraits (0ms)
		AnalyzeDomain (112ms)
			TypeCache.Refresh (111ms)
				TypeCache.ScanAssembly (100ms)
			ScanForSourceGeneratedMonoScriptInfo (0ms)
			ResolveRequiredComponents (1ms)
	FinalizeReload (445ms)
		ReleaseScriptCaches (0ms)
		RebuildScriptCaches (0ms)
		SetupLoadedEditorAssemblies (404ms)
			LogAssemblyErrors (0ms)
			InitializePlatformSupportModulesInManaged (288ms)
			SetLoadedEditorAssemblies (3ms)
			RefreshPlugins (0ms)
			BeforeProcessingInitializeOnLoad (1ms)
			ProcessInitializeOnLoadAttributes (81ms)
			ProcessInitializeOnLoadMethodAttributes (31ms)
			AfterProcessingInitializeOnLoad (0ms)
			EditorAssembliesLoaded (0ms)
		ExecutionOrderSort2 (0ms)
		AwakeInstancesAfterBackupRestoration (0ms)
========================================================================
Worker process is ready to serve import requests
Begin MonoManager ReloadAssembly
- Loaded All Assemblies, in  0.543 seconds
Refreshing native plugins compatible for Editor in 2.59 ms, found 4 plugins.
Native extension for WindowsStandalone target not found
Native extension for Android target not found
Package Manager log level set to [2]
[Package Manager] Server::EnsureServerProcessIsRunning -- launch failed, reason: Unity was launched with the -noUpm command-line argument
[Package Manager] UpmClient::Send -- Unable to send message (not connected to UPM process).
[Package Manager] Cannot connect to Unity Package Manager local server
Mono: successfully reloaded assembly
- Finished resetting the current domain, in  0.502 seconds
Domain Reload Profiling: 1042ms
	BeginReloadAssembly (111ms)
		ExecutionOrderSort (0ms)
		DisableScriptedObjects (4ms)
		BackupInstance (0ms)
		ReleaseScriptingObjects (0ms)
		CreateAndSetChildDomain (19ms)
	RebuildCommonClasses (33ms)
	RebuildNativeTypeToScriptingClass (9ms)
	initialDomainReloadingComplete (33ms)
	LoadAllAssembliesAndSetupDomain (354ms)
		LoadAssemblies (250ms)
		RebuildTransferFunctionScriptingTraits (0ms)
		AnalyzeDomain (166ms)
			TypeCache.Refresh (135ms)
				TypeCache.ScanAssembly (121ms)
			ScanForSourceGeneratedMonoScriptInfo (23ms)
			ResolveRequiredComponents (7ms)
	FinalizeReload (502ms)
		ReleaseScriptCaches (0ms)
		RebuildScriptCaches (0ms)
		SetupLoadedEditorAssemblies (361ms)
			LogAssemblyErrors (0ms)
			InitializePlatformSupportModulesInManaged (19ms)
			SetLoadedEditorAssemblies (4ms)
			RefreshPlugins (0ms)
			BeforeProcessingInitializeOnLoad (52ms)
			ProcessInitializeOnLoadAttributes (252ms)
			ProcessInitializeOnLoadMethodAttributes (30ms)
			AfterProcessingInitializeOnLoad (3ms)
			EditorAssembliesLoaded (0ms)
		ExecutionOrderSort2 (0ms)
		AwakeInstancesAfterBackupRestoration (4ms)
Launched and connected shader compiler UnityShaderCompiler.exe after 0.03 seconds
Refreshing native plugins compatible for Editor in 3.21 ms, found 4 plugins.
Preloading 0 native plugins for Editor in 0.00 ms.
Unloading 4304 Unused Serialized files (Serialized files now loaded: 0)
Unloading 71 unused Assets / (63.9 KB). Loaded Objects now: 4765.
Memory consumption went from 161.2 MB to 161.1 MB.
Total: 3.530000 ms (FindLiveObjects: 0.216600 ms CreateObjectMapping: 0.096400 ms MarkObjects: 3.083000 ms  DeleteObjects: 0.132800 ms)

AssetImportParameters requested are different than current active one (requested -> active):
  custom:container-demuxer-ogg: 62fdf1f143b41e24485cea50d1cbac27 -> 
  custom:video-codec-MediaFoundation-h265: 746d11721c4dcdbdad8f713fa42b33f4 -> 
  custom:video-decoder-ogg-theora: a1e56fd34408186e4bbccfd4996cb3dc -> 
  custom:framework-win-MediaFoundation: 216162199b28c13a410421893ffa2e32 -> 
  custom:scripting/monoscript/fileName/ChatEditor.cs: 97b07612e53fc2bd2fe232eb14ef9205 -> 
  custom:CustomObjectIndexerAttribute: 43b350a4d6e6d1791af0b5038c4bea17 -> 
  custom:container-demuxer-webm: 4f35f7cbe854078d1ac9338744f61a02 -> 
  custom:container-muxer-webm: aa71ff27fc2769a1b78a27578f13a17b -> 
  custom:video-decoder-webm-vp8: 9c59270c3fd7afecdb556c50c9e8de78 -> 
  custom:SearchIndexIgnoredProperties: e643bd26f0fe6173181afceb89e7c659 -> 
  custom:AudioImporter_EditorPlatform: d09bf68614088b80899f8185d706f6e7 -> 
  custom:video-encoder-webm-vp8: eb34c28f22e8b96e1ab97ce403110664 -> 
  custom:audio-decoder-ogg-vorbis: bf7c407c2cedff20999df2af8eb42d56 -> 
  custom:scripting/monoscript/fileName/PhotonAppSettings.cs: 8b612295ab1bfb5d19f8bf60b0a9cae5 -> 
  custom:audio-encoder-webm-vorbis: bf7c407c2cedff20999df2af8eb42d56 -> 
========================================================================
Received Import Request.
  Time since last request: 25520.284220 seconds.
  path: Assets/Players/Player Green/playerGreen_walk1.png
  artifactKey: Guid(a4b2d0c63b6b452458061b5c7ff842a6) Importer(815301076,1909f56bfc062723c751e8b465ee728b)
Start importing Assets/Players/Player Green/playerGreen_walk1.png using Guid(a4b2d0c63b6b452458061b5c7ff842a6) Importer(815301076,1909f56bfc062723c751e8b465ee728b)  -> (artifact id: 'd44e0523c12a10ede27a449132c5ee2e') in 0.056291 seconds
Number of updated asset objects reloaded before import = 0
Number of asset objects unloaded after import = 3
========================================================================
Received Import Request.
  Time since last request: 0.000032 seconds.
  path: Assets/Players/Player Green/playerGreen_swim2.png
  artifactKey: Guid(d1b382244fd900548a33faa4b0441527) Importer(815301076,1909f56bfc062723c751e8b465ee728b)
Start importing Assets/Players/Player Green/playerGreen_swim2.png using Guid(d1b382244fd900548a33faa4b0441527) Importer(815301076,1909f56bfc062723c751e8b465ee728b)  -> (artifact id: '5421170efd3f10b029f53a5955292b60') in 0.021346 seconds
Number of updated asset objects reloaded before import = 0
Number of asset objects unloaded after import = 3
========================================================================
Received Import Request.
  Time since last request: 0.000017 seconds.
  path: Assets/Players/Player Green/playerGreen_swim1.png
  artifactKey: Guid(9afd9376b8cf5da4f9cc858761de10dd) Importer(815301076,1909f56bfc062723c751e8b465ee728b)
Start importing Assets/Players/Player Green/playerGreen_swim1.png using Guid(9afd9376b8cf5da4f9cc858761de10dd) Importer(815301076,1909f56bfc062723c751e8b465ee728b)  -> (artifact id: '850b02e0cd635fe4921411f627588397') in 0.016350 seconds
Number of updated asset objects reloaded before import = 0
Number of asset objects unloaded after import = 3
========================================================================
Received Import Request.
  Time since last request: 0.000014 seconds.
  path: Assets/Players/Player Green/playerGreen_up2.png
  artifactKey: Guid(ef8b8dcc162404141bf0e27101c5f5bf) Importer(815301076,1909f56bfc062723c751e8b465ee728b)
Start importing Assets/Players/Player Green/playerGreen_up2.png using Guid(ef8b8dcc162404141bf0e27101c5f5bf) Importer(815301076,1909f56bfc062723c751e8b465ee728b)  -> (artifact id: 'd5605fa724459f0b700e1e5a1ae56982') in 0.019187 seconds
Number of updated asset objects reloaded before import = 0
Number of asset objects unloaded after import = 3
========================================================================
Received Import Request.
  Time since last request: 0.000014 seconds.
  path: Assets/Players/Player Green/playerGreen_switch2.png
  artifactKey: Guid(ac462958bc864b1448fa60676bd1b356) Importer(815301076,1909f56bfc062723c751e8b465ee728b)
Start importing Assets/Players/Player Green/playerGreen_switch2.png using Guid(ac462958bc864b1448fa60676bd1b356) Importer(815301076,1909f56bfc062723c751e8b465ee728b)  -> (artifact id: '52e0c80f89956fbb2041c4dc14f951bc') in 0.016920 seconds
Number of updated asset objects reloaded before import = 0
Number of asset objects unloaded after import = 3
========================================================================
Received Import Request.
  Time since last request: 3.652576 seconds.
  path: Assets/Players/Player Blue/playerBlue_fall.png
  artifactKey: Guid(df268f97a81a1ad4d8a1b007c0ca1a8b) Importer(815301076,1909f56bfc062723c751e8b465ee728b)
Start importing Assets/Players/Player Blue/playerBlue_fall.png using Guid(df268f97a81a1ad4d8a1b007c0ca1a8b) Importer(815301076,1909f56bfc062723c751e8b465ee728b)  -> (artifact id: '23b8139d55c9236408fb99faaa6b71a2') in 0.018505 seconds
Number of updated asset objects reloaded before import = 0
Number of asset objects unloaded after import = 3
========================================================================
Received Import Request.
  Time since last request: 0.000012 seconds.
  path: Assets/Players/Player Blue/playerBlue_stand.png
  artifactKey: Guid(6a5b4cf06ae7c0b4dbaa0b3633c87c7f) Importer(815301076,1909f56bfc062723c751e8b465ee728b)
Start importing Assets/Players/Player Blue/playerBlue_stand.png using Guid(6a5b4cf06ae7c0b4dbaa0b3633c87c7f) Importer(815301076,1909f56bfc062723c751e8b465ee728b)  -> (artifact id: 'ea007e4a3f5a074dce9b8f6c877c8840') in 0.019320 seconds
Number of updated asset objects reloaded before import = 0
Number of asset objects unloaded after import = 3
========================================================================
Received Import Request.
  Time since last request: 0.000029 seconds.
  path: Assets/Players/Player Blue/playerBlue_up3.png
  artifactKey: Guid(ae7f1263d0eaa6a4484a53c2bc366636) Importer(815301076,1909f56bfc062723c751e8b465ee728b)
Start importing Assets/Players/Player Blue/playerBlue_up3.png using Guid(ae7f1263d0eaa6a4484a53c2bc366636) Importer(815301076,1909f56bfc062723c751e8b465ee728b)  -> (artifact id: '27b674a6f6cc121614e6acff13e2704a') in 0.020704 seconds
Number of updated asset objects reloaded before import = 0
Number of asset objects unloaded after import = 3
========================================================================
Received Import Request.
  Time since last request: 0.000013 seconds.
  path: Assets/Players/Player Blue/playerBlue_switch1.png
  artifactKey: Guid(478b66d955519f3409efbddae0588e88) Importer(815301076,1909f56bfc062723c751e8b465ee728b)
Start importing Assets/Players/Player Blue/playerBlue_switch1.png using Guid(478b66d955519f3409efbddae0588e88) Importer(815301076,1909f56bfc062723c751e8b465ee728b)  -> (artifact id: 'bf260bb89b619ae9e64874fd65b3196b') in 0.017476 seconds
Number of updated asset objects reloaded before import = 0
Number of asset objects unloaded after import = 3
========================================================================
Received Import Request.
  Time since last request: 6.946684 seconds.
  path: Assets/Players/Player Grey/playerGrey_fall.png
  artifactKey: Guid(70556bf7ae844534c85eb6348ea03065) Importer(815301076,1909f56bfc062723c751e8b465ee728b)
Start importing Assets/Players/Player Grey/playerGrey_fall.png using Guid(70556bf7ae844534c85eb6348ea03065) Importer(815301076,1909f56bfc062723c751e8b465ee728b)  -> (artifact id: 'fe12488de95ddb0f00c63d9d7a378ead') in 0.017162 seconds
Number of updated asset objects reloaded before import = 0
Number of asset objects unloaded after import = 3
========================================================================
Received Import Request.
  Time since last request: 0.000188 seconds.
  path: Assets/Players/Player Grey/playerGrey_swim1.png
  artifactKey: Guid(6eea8530611c3c84bb03956c9a201b08) Importer(815301076,1909f56bfc062723c751e8b465ee728b)
Start importing Assets/Players/Player Grey/playerGrey_swim1.png using Guid(6eea8530611c3c84bb03956c9a201b08) Importer(815301076,1909f56bfc062723c751e8b465ee728b)  -> (artifact id: '239fd9504cb96df63aeebab16af2ad0f') in 0.022204 seconds
Number of updated asset objects reloaded before import = 0
Number of asset objects unloaded after import = 3
========================================================================
Received Import Request.
  Time since last request: 0.000015 seconds.
  path: Assets/Players/Player Grey/playerGrey_up1.png
  artifactKey: Guid(77a600ec7c2de534796c208cb247dd83) Importer(815301076,1909f56bfc062723c751e8b465ee728b)
Start importing Assets/Players/Player Grey/playerGrey_up1.png using Guid(77a600ec7c2de534796c208cb247dd83) Importer(815301076,1909f56bfc062723c751e8b465ee728b)  -> (artifact id: 'aad815fe3385f2fe158f38906f92e67e') in 0.018753 seconds
Number of updated asset objects reloaded before import = 0
Number of asset objects unloaded after import = 3
========================================================================
Received Import Request.
  Time since last request: 0.000015 seconds.
  path: Assets/Players/Player Grey/playerGrey_walk4.png
  artifactKey: Guid(f49fa878d0ef03541a715d3c031475ce) Importer(815301076,1909f56bfc062723c751e8b465ee728b)
Start importing Assets/Players/Player Grey/playerGrey_walk4.png using Guid(f49fa878d0ef03541a715d3c031475ce) Importer(815301076,1909f56bfc062723c751e8b465ee728b)  -> (artifact id: '2a5762b5d1656c05e354a6d2e7419f06') in 0.017781 seconds
Number of updated asset objects reloaded before import = 0
Number of asset objects unloaded after import = 3
Editor requested this worker to shutdown with reason: Scaling down because of idle timeout
TcpMessagingSession - receive error
AssetImportWorkerClient::OnTransportError - code=2 error=End of file
AssetImportWorker is now disconnected from the server
Process exiting
Exiting without the bug reporter. Application will terminate with return code 0